WARNING - 2023-10-31 22:18:19 --> [DEPRECATED] strtotime(): Passing null to parameter #1 ($datetime) of type string is deprecated in APPPATH\Controllers\Home.php on line 120.
 1 APPPATH\Controllers\Home.php(120): strtotime(null)
 2 APPPATH\Controllers\Home.php(307): App\Controllers\Home->load(null)
 3 SYSTEMPATH\CodeIgniter.php(932): App\Controllers\Home->getOptionsOfOrderGrid()
 4 SYSTEMPATH\CodeIgniter.php(497): CodeIgniter\CodeIgniter->runController(Object(App\Controllers\Home))
 5 SYSTEMPATH\CodeIgniter.php(366): CodeIgniter\CodeIgniter->handleRequest(null, Object(Config\Cache), false)
 6 FCPATH\index.php(68): CodeIgniter\CodeIgniter->run()
WARNING - 2023-10-31 22:18:19 --> [DEPRECATED] strtotime(): Passing null to parameter #1 ($datetime) of type string is deprecated in APPPATH\Controllers\Home.php on line 120.
 1 APPPATH\Controllers\Home.php(120): strtotime(null)
 2 APPPATH\Controllers\Home.php(307): App\Controllers\Home->load(null)
 3 SYSTEMPATH\CodeIgniter.php(932): App\Controllers\Home->getOptionsOfOrderGrid()
 4 SYSTEMPATH\CodeIgniter.php(497): CodeIgniter\CodeIgniter->runController(Object(App\Controllers\Home))
 5 SYSTEMPATH\CodeIgniter.php(366): CodeIgniter\CodeIgniter->handleRequest(null, Object(Config\Cache), false)
 6 FCPATH\index.php(68): CodeIgniter\CodeIgniter->run()
WARNING - 2023-10-31 22:18:19 --> [DEPRECATED] strtotime(): Passing null to parameter #1 ($datetime) of type string is deprecated in APPPATH\Controllers\Home.php on line 120.
 1 APPPATH\Controllers\Home.php(120): strtotime(null)
 2 APPPATH\Controllers\Home.php(307): App\Controllers\Home->load(null)
 3 SYSTEMPATH\CodeIgniter.php(932): App\Controllers\Home->getOptionsOfOrderGrid()
 4 SYSTEMPATH\CodeIgniter.php(497): CodeIgniter\CodeIgniter->runController(Object(App\Controllers\Home))
 5 SYSTEMPATH\CodeIgniter.php(366): CodeIgniter\CodeIgniter->handleRequest(null, Object(Config\Cache), false)
 6 FCPATH\index.php(68): CodeIgniter\CodeIgniter->run()
WARNING - 2023-10-31 22:18:22 --> [DEPRECATED] strtotime(): Passing null to parameter #1 ($datetime) of type string is deprecated in APPPATH\Controllers\Home.php on line 526.
 1 APPPATH\Controllers\Home.php(526): strtotime(null)
 2 SYSTEMPATH\CodeIgniter.php(932): App\Controllers\Home->printer()
 3 SYSTEMPATH\CodeIgniter.php(497): CodeIgniter\CodeIgniter->runController(Object(App\Controllers\Home))
 4 SYSTEMPATH\CodeIgniter.php(366): CodeIgniter\CodeIgniter->handleRequest(null, Object(Config\Cache), false)
 5 FCPATH\index.php(68): CodeIgniter\CodeIgniter->run()
WARNING - 2023-10-31 22:19:20 --> [DEPRECATED] strtotime(): Passing null to parameter #1 ($datetime) of type string is deprecated in APPPATH\Controllers\Home.php on line 526.
 1 APPPATH\Controllers\Home.php(526): strtotime(null)
 2 SYSTEMPATH\CodeIgniter.php(932): App\Controllers\Home->printer()
 3 SYSTEMPATH\CodeIgniter.php(497): CodeIgniter\CodeIgniter->runController(Object(App\Controllers\Home))
 4 SYSTEMPATH\CodeIgniter.php(366): CodeIgniter\CodeIgniter->handleRequest(null, Object(Config\Cache), false)
 5 FCPATH\index.php(68): CodeIgniter\CodeIgniter->run()
WARNING - 2023-10-31 22:19:31 --> [DEPRECATED] strtotime(): Passing null to parameter #1 ($datetime) of type string is deprecated in APPPATH\Controllers\Home.php on line 526.
 1 APPPATH\Controllers\Home.php(526): strtotime(null)
 2 SYSTEMPATH\CodeIgniter.php(932): App\Controllers\Home->printer()
 3 SYSTEMPATH\CodeIgniter.php(497): CodeIgniter\CodeIgniter->runController(Object(App\Controllers\Home))
 4 SYSTEMPATH\CodeIgniter.php(366): CodeIgniter\CodeIgniter->handleRequest(null, Object(Config\Cache), false)
 5 FCPATH\index.php(68): CodeIgniter\CodeIgniter->run()
