WARNING - 2023-11-24 08:37:12 --> [DEPRECATED] strtotime(): Passing null to parameter #1 ($datetime) of type string is deprecated in APPPATH\Controllers\Home.php on line 120.
 1 APPPATH\Controllers\Home.php(120): strtotime(null)
 2 APPPATH\Controllers\Home.php(307): App\Controllers\Home->load(null)
 3 SYSTEMPATH\CodeIgniter.php(932): App\Controllers\Home->getOptionsOfOrderGrid()
 4 SYSTEMPATH\CodeIgniter.php(497): CodeIgniter\CodeIgniter->runController(Object(App\Controllers\Home))
 5 SYSTEMPATH\CodeIgniter.php(366): CodeIgniter\CodeIgniter->handleRequest(null, Object(Config\Cache), false)
 6 FCPATH\index.php(68): CodeIgniter\CodeIgniter->run()
WARNING - 2023-11-24 08:40:55 --> [DEPRECATED] strtotime(): Passing null to parameter #1 ($datetime) of type string is deprecated in APPPATH\Controllers\Home.php on line 120.
 1 APPPATH\Controllers\Home.php(120): strtotime(null)
 2 APPPATH\Controllers\Home.php(307): App\Controllers\Home->load(null)
 3 SYSTEMPATH\CodeIgniter.php(932): App\Controllers\Home->getOptionsOfOrderGrid()
 4 SYSTEMPATH\CodeIgniter.php(497): CodeIgniter\CodeIgniter->runController(Object(App\Controllers\Home))
 5 SYSTEMPATH\CodeIgniter.php(366): CodeIgniter\CodeIgniter->handleRequest(null, Object(Config\Cache), false)
 6 FCPATH\index.php(68): CodeIgniter\CodeIgniter->run()
CRITICAL - 2023-11-24 08:42:08 --> Undefined array key "food_id"
in APPPATH\Controllers\Home.php on line 1557.
 1 APPPATH\Controllers\Home.php(1557): CodeIgniter\Debug\Exceptions->errorHandler(2, 'Undefined array key "food_id"', 'C:\\xampp\\htdocs\\babana\\app\\Controllers\\Home.php', 1557)
 2 SYSTEMPATH\CodeIgniter.php(932): App\Controllers\Home->deleteFood()
 3 SYSTEMPATH\CodeIgniter.php(497): CodeIgniter\CodeIgniter->runController(Object(App\Controllers\Home))
 4 SYSTEMPATH\CodeIgniter.php(366): CodeIgniter\CodeIgniter->handleRequest(null, Object(Config\Cache), false)
 5 FCPATH\index.php(68): CodeIgniter\CodeIgniter->run()
CRITICAL - 2023-11-24 08:42:11 --> Undefined array key "food_id"
in APPPATH\Controllers\Home.php on line 1557.
 1 APPPATH\Controllers\Home.php(1557): CodeIgniter\Debug\Exceptions->errorHandler(2, 'Undefined array key "food_id"', 'C:\\xampp\\htdocs\\babana\\app\\Controllers\\Home.php', 1557)
 2 SYSTEMPATH\CodeIgniter.php(932): App\Controllers\Home->deleteFood()
 3 SYSTEMPATH\CodeIgniter.php(497): CodeIgniter\CodeIgniter->runController(Object(App\Controllers\Home))
 4 SYSTEMPATH\CodeIgniter.php(366): CodeIgniter\CodeIgniter->handleRequest(null, Object(Config\Cache), false)
 5 FCPATH\index.php(68): CodeIgniter\CodeIgniter->run()
WARNING - 2023-11-24 08:59:48 --> [DEPRECATED] strtotime(): Passing null to parameter #1 ($datetime) of type string is deprecated in APPPATH\Controllers\Home.php on line 120.
 1 APPPATH\Controllers\Home.php(120): strtotime(null)
 2 APPPATH\Controllers\Home.php(307): App\Controllers\Home->load(null)
 3 SYSTEMPATH\CodeIgniter.php(932): App\Controllers\Home->getOptionsOfOrderGrid()
 4 SYSTEMPATH\CodeIgniter.php(497): CodeIgniter\CodeIgniter->runController(Object(App\Controllers\Home))
 5 SYSTEMPATH\CodeIgniter.php(366): CodeIgniter\CodeIgniter->handleRequest(null, Object(Config\Cache), false)
 6 FCPATH\index.php(68): CodeIgniter\CodeIgniter->run()
WARNING - 2023-11-24 09:00:15 --> [DEPRECATED] strtotime(): Passing null to parameter #1 ($datetime) of type string is deprecated in APPPATH\Controllers\Home.php on line 120.
 1 APPPATH\Controllers\Home.php(120): strtotime(null)
 2 APPPATH\Controllers\Home.php(307): App\Controllers\Home->load(null)
 3 SYSTEMPATH\CodeIgniter.php(932): App\Controllers\Home->getOptionsOfOrderGrid()
 4 SYSTEMPATH\CodeIgniter.php(497): CodeIgniter\CodeIgniter->runController(Object(App\Controllers\Home))
 5 SYSTEMPATH\CodeIgniter.php(366): CodeIgniter\CodeIgniter->handleRequest(null, Object(Config\Cache), false)
 6 FCPATH\index.php(68): CodeIgniter\CodeIgniter->run()
CRITICAL - 2023-11-24 09:00:18 --> Undefined variable $index
in APPPATH\Controllers\Home.php on line 2503.
 1 APPPATH\Controllers\Home.php(2503): CodeIgniter\Debug\Exceptions->errorHandler(2, 'Undefined variable $index', 'C:\\xampp\\htdocs\\babana\\app\\Controllers\\Home.php', 2503)
 2 SYSTEMPATH\CodeIgniter.php(932): App\Controllers\Home->menu()
 3 SYSTEMPATH\CodeIgniter.php(497): CodeIgniter\CodeIgniter->runController(Object(App\Controllers\Home))
 4 SYSTEMPATH\CodeIgniter.php(366): CodeIgniter\CodeIgniter->handleRequest(null, Object(Config\Cache), false)
 5 FCPATH\index.php(68): CodeIgniter\CodeIgniter->run()
WARNING - 2023-11-24 09:00:36 --> [DEPRECATED] strtotime(): Passing null to parameter #1 ($datetime) of type string is deprecated in APPPATH\Controllers\Home.php on line 120.
 1 APPPATH\Controllers\Home.php(120): strtotime(null)
 2 APPPATH\Controllers\Home.php(307): App\Controllers\Home->load(null)
 3 SYSTEMPATH\CodeIgniter.php(932): App\Controllers\Home->getOptionsOfOrderGrid()
 4 SYSTEMPATH\CodeIgniter.php(497): CodeIgniter\CodeIgniter->runController(Object(App\Controllers\Home))
 5 SYSTEMPATH\CodeIgniter.php(366): CodeIgniter\CodeIgniter->handleRequest(null, Object(Config\Cache), false)
 6 FCPATH\index.php(68): CodeIgniter\CodeIgniter->run()
WARNING - 2023-11-24 09:05:06 --> [DEPRECATED] strtotime(): Passing null to parameter #1 ($datetime) of type string is deprecated in APPPATH\Controllers\Home.php on line 120.
 1 APPPATH\Controllers\Home.php(120): strtotime(null)
 2 APPPATH\Controllers\Home.php(307): App\Controllers\Home->load(null)
 3 SYSTEMPATH\CodeIgniter.php(932): App\Controllers\Home->getOptionsOfOrderGrid()
 4 SYSTEMPATH\CodeIgniter.php(497): CodeIgniter\CodeIgniter->runController(Object(App\Controllers\Home))
 5 SYSTEMPATH\CodeIgniter.php(366): CodeIgniter\CodeIgniter->handleRequest(null, Object(Config\Cache), false)
 6 FCPATH\index.php(68): CodeIgniter\CodeIgniter->run()
WARNING - 2023-11-24 09:05:26 --> [DEPRECATED] strtotime(): Passing null to parameter #1 ($datetime) of type string is deprecated in APPPATH\Controllers\Home.php on line 120.
 1 APPPATH\Controllers\Home.php(120): strtotime(null)
 2 APPPATH\Controllers\Home.php(307): App\Controllers\Home->load(null)
 3 SYSTEMPATH\CodeIgniter.php(932): App\Controllers\Home->getOptionsOfOrderGrid()
 4 SYSTEMPATH\CodeIgniter.php(497): CodeIgniter\CodeIgniter->runController(Object(App\Controllers\Home))
 5 SYSTEMPATH\CodeIgniter.php(366): CodeIgniter\CodeIgniter->handleRequest(null, Object(Config\Cache), false)
 6 FCPATH\index.php(68): CodeIgniter\CodeIgniter->run()
WARNING - 2023-11-24 09:27:17 --> [DEPRECATED] strtotime(): Passing null to parameter #1 ($datetime) of type string is deprecated in APPPATH\Controllers\Home.php on line 120.
 1 APPPATH\Controllers\Home.php(120): strtotime(null)
 2 APPPATH\Controllers\Home.php(307): App\Controllers\Home->load(null)
 3 SYSTEMPATH\CodeIgniter.php(932): App\Controllers\Home->getOptionsOfOrderGrid()
 4 SYSTEMPATH\CodeIgniter.php(497): CodeIgniter\CodeIgniter->runController(Object(App\Controllers\Home))
 5 SYSTEMPATH\CodeIgniter.php(366): CodeIgniter\CodeIgniter->handleRequest(null, Object(Config\Cache), false)
 6 FCPATH\index.php(68): CodeIgniter\CodeIgniter->run()
WARNING - 2023-11-24 09:28:53 --> [DEPRECATED] strtotime(): Passing null to parameter #1 ($datetime) of type string is deprecated in APPPATH\Controllers\Home.php on line 120.
 1 APPPATH\Controllers\Home.php(120): strtotime(null)
 2 APPPATH\Controllers\Home.php(307): App\Controllers\Home->load(null)
 3 SYSTEMPATH\CodeIgniter.php(932): App\Controllers\Home->getOptionsOfOrderGrid()
 4 SYSTEMPATH\CodeIgniter.php(497): CodeIgniter\CodeIgniter->runController(Object(App\Controllers\Home))
 5 SYSTEMPATH\CodeIgniter.php(366): CodeIgniter\CodeIgniter->handleRequest(null, Object(Config\Cache), false)
 6 FCPATH\index.php(68): CodeIgniter\CodeIgniter->run()
WARNING - 2023-11-24 09:39:05 --> [DEPRECATED] strtotime(): Passing null to parameter #1 ($datetime) of type string is deprecated in APPPATH\Controllers\Home.php on line 120.
 1 APPPATH\Controllers\Home.php(120): strtotime(null)
 2 APPPATH\Controllers\Home.php(307): App\Controllers\Home->load(null)
 3 SYSTEMPATH\CodeIgniter.php(932): App\Controllers\Home->getOptionsOfOrderGrid()
 4 SYSTEMPATH\CodeIgniter.php(497): CodeIgniter\CodeIgniter->runController(Object(App\Controllers\Home))
 5 SYSTEMPATH\CodeIgniter.php(366): CodeIgniter\CodeIgniter->handleRequest(null, Object(Config\Cache), false)
 6 FCPATH\index.php(68): CodeIgniter\CodeIgniter->run()
ERROR - 2023-11-24 09:39:21 --> mysqli_sql_exception: Unknown column 'unit' in 'field list' in C:\xampp\htdocs\babana\system\Database\MySQLi\Connection.php:295
Stack trace:
#0 C:\xampp\htdocs\babana\system\Database\MySQLi\Connection.php(295): mysqli->query('UPDATE `food_si...', 0)
#1 C:\xampp\htdocs\babana\system\Database\BaseConnection.php(692): CodeIgniter\Database\MySQLi\Connection->execute('UPDATE `food_si...')
#2 C:\xampp\htdocs\babana\system\Database\BaseConnection.php(606): CodeIgniter\Database\BaseConnection->simpleQuery('UPDATE `food_si...')
#3 C:\xampp\htdocs\babana\system\Database\BaseBuilder.php(2476): CodeIgniter\Database\BaseConnection->query('UPDATE `food_si...', Array, false)
#4 C:\xampp\htdocs\babana\app\Models\FoodSizeModel.php(107): CodeIgniter\Database\BaseBuilder->update(Array)
#5 C:\xampp\htdocs\babana\app\Controllers\Home.php(2694): App\Models\FoodSizeModel->edit(Array, Array)
#6 C:\xampp\htdocs\babana\system\CodeIgniter.php(932): App\Controllers\Home->saveMenu()
#7 C:\xampp\htdocs\babana\system\CodeIgniter.php(497): CodeIgniter\CodeIgniter->runController(Object(App\Controllers\Home))
#8 C:\xampp\htdocs\babana\system\CodeIgniter.php(366): CodeIgniter\CodeIgniter->handleRequest(NULL, Object(Config\Cache), false)
#9 C:\xampp\htdocs\babana\index.php(68): CodeIgniter\CodeIgniter->run()
#10 {main}
CRITICAL - 2023-11-24 09:39:21 --> Unknown column 'unit' in 'field list'
in SYSTEMPATH\Database\MySQLi\Connection.php on line 295.
 1 SYSTEMPATH\Database\MySQLi\Connection.php(295): mysqli->query('UPDATE `food_size` SET `description` = \'Test (Lớn)\', `size` = \'L\', `price` = 19000, `unit` = \'4__Phần\', `promotion_price` = NULL, `promotion_price_deadline` = NULL
WHERE `food_size_id` = \'118\'', 0)
 2 SYSTEMPATH\Database\BaseConnection.php(692): CodeIgniter\Database\MySQLi\Connection->execute('UPDATE `food_size` SET `description` = \'Test (Lớn)\', `size` = \'L\', `price` = 19000, `unit` = \'4__Phần\', `promotion_price` = NULL, `promotion_price_deadline` = NULL
WHERE `food_size_id` = \'118\'')
 3 SYSTEMPATH\Database\BaseConnection.php(606): CodeIgniter\Database\BaseConnection->simpleQuery('UPDATE `food_size` SET `description` = \'Test (Lớn)\', `size` = \'L\', `price` = 19000, `unit` = \'4__Phần\', `promotion_price` = NULL, `promotion_price_deadline` = NULL
WHERE `food_size_id` = \'118\'')
 4 SYSTEMPATH\Database\BaseBuilder.php(2476): CodeIgniter\Database\BaseConnection->query('UPDATE `food_size` SET `description` = :description:, `size` = :size:, `price` = :price:, `unit` = :unit:, `promotion_price` = :promotion_price:, `promotion_price_deadline` = :promotion_price_deadline:
WHERE `food_size_id` = :food_size_id:', [...], false)
 5 APPPATH\Models\FoodSizeModel.php(107): CodeIgniter\Database\BaseBuilder->update([...])
 6 APPPATH\Controllers\Home.php(2694): App\Models\FoodSizeModel->edit([...], [...])
 7 SYSTEMPATH\CodeIgniter.php(932): App\Controllers\Home->saveMenu()
 8 SYSTEMPATH\CodeIgniter.php(497): CodeIgniter\CodeIgniter->runController(Object(App\Controllers\Home))
 9 SYSTEMPATH\CodeIgniter.php(366): CodeIgniter\CodeIgniter->handleRequest(null, Object(Config\Cache), false)
10 FCPATH\index.php(68): CodeIgniter\CodeIgniter->run()
WARNING - 2023-11-24 09:41:24 --> [DEPRECATED] strtotime(): Passing null to parameter #1 ($datetime) of type string is deprecated in APPPATH\Controllers\Home.php on line 120.
 1 APPPATH\Controllers\Home.php(120): strtotime(null)
 2 APPPATH\Controllers\Home.php(307): App\Controllers\Home->load(null)
 3 SYSTEMPATH\CodeIgniter.php(932): App\Controllers\Home->getOptionsOfOrderGrid()
 4 SYSTEMPATH\CodeIgniter.php(497): CodeIgniter\CodeIgniter->runController(Object(App\Controllers\Home))
 5 SYSTEMPATH\CodeIgniter.php(366): CodeIgniter\CodeIgniter->handleRequest(null, Object(Config\Cache), false)
 6 FCPATH\index.php(68): CodeIgniter\CodeIgniter->run()
WARNING - 2023-11-24 12:59:28 --> [DEPRECATED] strtotime(): Passing null to parameter #1 ($datetime) of type string is deprecated in APPPATH\Controllers\Home.php on line 120.
 1 APPPATH\Controllers\Home.php(120): strtotime(null)
 2 APPPATH\Controllers\Home.php(307): App\Controllers\Home->load(null)
 3 SYSTEMPATH\CodeIgniter.php(932): App\Controllers\Home->getOptionsOfOrderGrid()
 4 SYSTEMPATH\CodeIgniter.php(497): CodeIgniter\CodeIgniter->runController(Object(App\Controllers\Home))
 5 SYSTEMPATH\CodeIgniter.php(366): CodeIgniter\CodeIgniter->handleRequest(null, Object(Config\Cache), false)
 6 FCPATH\index.php(68): CodeIgniter\CodeIgniter->run()
CRITICAL - 2023-11-24 12:59:40 --> Undefined array key "food_id"
in APPPATH\Controllers\Home.php on line 1557.
 1 APPPATH\Controllers\Home.php(1557): CodeIgniter\Debug\Exceptions->errorHandler(2, 'Undefined array key "food_id"', 'C:\\xampp\\htdocs\\babana\\app\\Controllers\\Home.php', 1557)
 2 SYSTEMPATH\CodeIgniter.php(932): App\Controllers\Home->deleteFood()
 3 SYSTEMPATH\CodeIgniter.php(497): CodeIgniter\CodeIgniter->runController(Object(App\Controllers\Home))
 4 SYSTEMPATH\CodeIgniter.php(366): CodeIgniter\CodeIgniter->handleRequest(null, Object(Config\Cache), false)
 5 FCPATH\index.php(68): CodeIgniter\CodeIgniter->run()
WARNING - 2023-11-24 13:00:56 --> [DEPRECATED] strtotime(): Passing null to parameter #1 ($datetime) of type string is deprecated in APPPATH\Controllers\Home.php on line 120.
 1 APPPATH\Controllers\Home.php(120): strtotime(null)
 2 APPPATH\Controllers\Home.php(307): App\Controllers\Home->load(null)
 3 SYSTEMPATH\CodeIgniter.php(932): App\Controllers\Home->getOptionsOfOrderGrid()
 4 SYSTEMPATH\CodeIgniter.php(497): CodeIgniter\CodeIgniter->runController(Object(App\Controllers\Home))
 5 SYSTEMPATH\CodeIgniter.php(366): CodeIgniter\CodeIgniter->handleRequest(null, Object(Config\Cache), false)
 6 FCPATH\index.php(68): CodeIgniter\CodeIgniter->run()
CRITICAL - 2023-11-24 13:01:05 --> Undefined array key "food_id"
in APPPATH\Controllers\Home.php on line 1557.
 1 APPPATH\Controllers\Home.php(1557): CodeIgniter\Debug\Exceptions->errorHandler(2, 'Undefined array key "food_id"', 'C:\\xampp\\htdocs\\babana\\app\\Controllers\\Home.php', 1557)
 2 SYSTEMPATH\CodeIgniter.php(932): App\Controllers\Home->deleteFood()
 3 SYSTEMPATH\CodeIgniter.php(497): CodeIgniter\CodeIgniter->runController(Object(App\Controllers\Home))
 4 SYSTEMPATH\CodeIgniter.php(366): CodeIgniter\CodeIgniter->handleRequest(null, Object(Config\Cache), false)
 5 FCPATH\index.php(68): CodeIgniter\CodeIgniter->run()
WARNING - 2023-11-24 13:01:24 --> [DEPRECATED] strtotime(): Passing null to parameter #1 ($datetime) of type string is deprecated in APPPATH\Controllers\Home.php on line 120.
 1 APPPATH\Controllers\Home.php(120): strtotime(null)
 2 APPPATH\Controllers\Home.php(307): App\Controllers\Home->load(null)
 3 SYSTEMPATH\CodeIgniter.php(932): App\Controllers\Home->getOptionsOfOrderGrid()
 4 SYSTEMPATH\CodeIgniter.php(497): CodeIgniter\CodeIgniter->runController(Object(App\Controllers\Home))
 5 SYSTEMPATH\CodeIgniter.php(366): CodeIgniter\CodeIgniter->handleRequest(null, Object(Config\Cache), false)
 6 FCPATH\index.php(68): CodeIgniter\CodeIgniter->run()
WARNING - 2023-11-24 13:03:18 --> [DEPRECATED] strtotime(): Passing null to parameter #1 ($datetime) of type string is deprecated in APPPATH\Controllers\Home.php on line 120.
 1 APPPATH\Controllers\Home.php(120): strtotime(null)
 2 APPPATH\Controllers\Home.php(307): App\Controllers\Home->load(null)
 3 SYSTEMPATH\CodeIgniter.php(932): App\Controllers\Home->getOptionsOfOrderGrid()
 4 SYSTEMPATH\CodeIgniter.php(497): CodeIgniter\CodeIgniter->runController(Object(App\Controllers\Home))
 5 SYSTEMPATH\CodeIgniter.php(366): CodeIgniter\CodeIgniter->handleRequest(null, Object(Config\Cache), false)
 6 FCPATH\index.php(68): CodeIgniter\CodeIgniter->run()
WARNING - 2023-11-24 13:03:47 --> [DEPRECATED] strtotime(): Passing null to parameter #1 ($datetime) of type string is deprecated in APPPATH\Controllers\Home.php on line 120.
 1 APPPATH\Controllers\Home.php(120): strtotime(null)
 2 APPPATH\Controllers\Home.php(307): App\Controllers\Home->load(null)
 3 SYSTEMPATH\CodeIgniter.php(932): App\Controllers\Home->getOptionsOfOrderGrid()
 4 SYSTEMPATH\CodeIgniter.php(497): CodeIgniter\CodeIgniter->runController(Object(App\Controllers\Home))
 5 SYSTEMPATH\CodeIgniter.php(366): CodeIgniter\CodeIgniter->handleRequest(null, Object(Config\Cache), false)
 6 FCPATH\index.php(68): CodeIgniter\CodeIgniter->run()
WARNING - 2023-11-24 13:05:05 --> [DEPRECATED] strtotime(): Passing null to parameter #1 ($datetime) of type string is deprecated in APPPATH\Controllers\Home.php on line 120.
 1 APPPATH\Controllers\Home.php(120): strtotime(null)
 2 APPPATH\Controllers\Home.php(307): App\Controllers\Home->load(null)
 3 SYSTEMPATH\CodeIgniter.php(932): App\Controllers\Home->getOptionsOfOrderGrid()
 4 SYSTEMPATH\CodeIgniter.php(497): CodeIgniter\CodeIgniter->runController(Object(App\Controllers\Home))
 5 SYSTEMPATH\CodeIgniter.php(366): CodeIgniter\CodeIgniter->handleRequest(null, Object(Config\Cache), false)
 6 FCPATH\index.php(68): CodeIgniter\CodeIgniter->run()
WARNING - 2023-11-24 13:07:16 --> [DEPRECATED] strtotime(): Passing null to parameter #1 ($datetime) of type string is deprecated in APPPATH\Controllers\Home.php on line 120.
 1 APPPATH\Controllers\Home.php(120): strtotime(null)
 2 APPPATH\Controllers\Home.php(307): App\Controllers\Home->load(null)
 3 SYSTEMPATH\CodeIgniter.php(932): App\Controllers\Home->getOptionsOfOrderGrid()
 4 SYSTEMPATH\CodeIgniter.php(497): CodeIgniter\CodeIgniter->runController(Object(App\Controllers\Home))
 5 SYSTEMPATH\CodeIgniter.php(366): CodeIgniter\CodeIgniter->handleRequest(null, Object(Config\Cache), false)
 6 FCPATH\index.php(68): CodeIgniter\CodeIgniter->run()
WARNING - 2023-11-24 13:08:53 --> [DEPRECATED] strtotime(): Passing null to parameter #1 ($datetime) of type string is deprecated in APPPATH\Controllers\Home.php on line 120.
 1 APPPATH\Controllers\Home.php(120): strtotime(null)
 2 APPPATH\Controllers\Home.php(307): App\Controllers\Home->load(null)
 3 SYSTEMPATH\CodeIgniter.php(932): App\Controllers\Home->getOptionsOfOrderGrid()
 4 SYSTEMPATH\CodeIgniter.php(497): CodeIgniter\CodeIgniter->runController(Object(App\Controllers\Home))
 5 SYSTEMPATH\CodeIgniter.php(366): CodeIgniter\CodeIgniter->handleRequest(null, Object(Config\Cache), false)
 6 FCPATH\index.php(68): CodeIgniter\CodeIgniter->run()
WARNING - 2023-11-24 13:09:23 --> [DEPRECATED] strtotime(): Passing null to parameter #1 ($datetime) of type string is deprecated in APPPATH\Controllers\Home.php on line 120.
 1 APPPATH\Controllers\Home.php(120): strtotime(null)
 2 APPPATH\Controllers\Home.php(307): App\Controllers\Home->load(null)
 3 SYSTEMPATH\CodeIgniter.php(932): App\Controllers\Home->getOptionsOfOrderGrid()
 4 SYSTEMPATH\CodeIgniter.php(497): CodeIgniter\CodeIgniter->runController(Object(App\Controllers\Home))
 5 SYSTEMPATH\CodeIgniter.php(366): CodeIgniter\CodeIgniter->handleRequest(null, Object(Config\Cache), false)
 6 FCPATH\index.php(68): CodeIgniter\CodeIgniter->run()
WARNING - 2023-11-24 13:11:12 --> [DEPRECATED] strtotime(): Passing null to parameter #1 ($datetime) of type string is deprecated in APPPATH\Controllers\Home.php on line 120.
 1 APPPATH\Controllers\Home.php(120): strtotime(null)
 2 APPPATH\Controllers\Home.php(307): App\Controllers\Home->load(null)
 3 SYSTEMPATH\CodeIgniter.php(932): App\Controllers\Home->getOptionsOfOrderGrid()
 4 SYSTEMPATH\CodeIgniter.php(497): CodeIgniter\CodeIgniter->runController(Object(App\Controllers\Home))
 5 SYSTEMPATH\CodeIgniter.php(366): CodeIgniter\CodeIgniter->handleRequest(null, Object(Config\Cache), false)
 6 FCPATH\index.php(68): CodeIgniter\CodeIgniter->run()
WARNING - 2023-11-24 13:13:49 --> [DEPRECATED] strtotime(): Passing null to parameter #1 ($datetime) of type string is deprecated in APPPATH\Controllers\Home.php on line 120.
 1 APPPATH\Controllers\Home.php(120): strtotime(null)
 2 APPPATH\Controllers\Home.php(307): App\Controllers\Home->load(null)
 3 SYSTEMPATH\CodeIgniter.php(932): App\Controllers\Home->getOptionsOfOrderGrid()
 4 SYSTEMPATH\CodeIgniter.php(497): CodeIgniter\CodeIgniter->runController(Object(App\Controllers\Home))
 5 SYSTEMPATH\CodeIgniter.php(366): CodeIgniter\CodeIgniter->handleRequest(null, Object(Config\Cache), false)
 6 FCPATH\index.php(68): CodeIgniter\CodeIgniter->run()
WARNING - 2023-11-24 13:14:08 --> [DEPRECATED] strtotime(): Passing null to parameter #1 ($datetime) of type string is deprecated in APPPATH\Controllers\Home.php on line 120.
 1 APPPATH\Controllers\Home.php(120): strtotime(null)
 2 APPPATH\Controllers\Home.php(307): App\Controllers\Home->load(null)
 3 SYSTEMPATH\CodeIgniter.php(932): App\Controllers\Home->getOptionsOfOrderGrid()
 4 SYSTEMPATH\CodeIgniter.php(497): CodeIgniter\CodeIgniter->runController(Object(App\Controllers\Home))
 5 SYSTEMPATH\CodeIgniter.php(366): CodeIgniter\CodeIgniter->handleRequest(null, Object(Config\Cache), false)
 6 FCPATH\index.php(68): CodeIgniter\CodeIgniter->run()
WARNING - 2023-11-24 13:14:45 --> [DEPRECATED] strtotime(): Passing null to parameter #1 ($datetime) of type string is deprecated in APPPATH\Controllers\Home.php on line 120.
 1 APPPATH\Controllers\Home.php(120): strtotime(null)
 2 APPPATH\Controllers\Home.php(307): App\Controllers\Home->load(null)
 3 SYSTEMPATH\CodeIgniter.php(932): App\Controllers\Home->getOptionsOfOrderGrid()
 4 SYSTEMPATH\CodeIgniter.php(497): CodeIgniter\CodeIgniter->runController(Object(App\Controllers\Home))
 5 SYSTEMPATH\CodeIgniter.php(366): CodeIgniter\CodeIgniter->handleRequest(null, Object(Config\Cache), false)
 6 FCPATH\index.php(68): CodeIgniter\CodeIgniter->run()
WARNING - 2023-11-24 13:21:22 --> [DEPRECATED] strtotime(): Passing null to parameter #1 ($datetime) of type string is deprecated in APPPATH\Controllers\Home.php on line 120.
 1 APPPATH\Controllers\Home.php(120): strtotime(null)
 2 APPPATH\Controllers\Home.php(307): App\Controllers\Home->load(null)
 3 SYSTEMPATH\CodeIgniter.php(932): App\Controllers\Home->getOptionsOfOrderGrid()
 4 SYSTEMPATH\CodeIgniter.php(497): CodeIgniter\CodeIgniter->runController(Object(App\Controllers\Home))
 5 SYSTEMPATH\CodeIgniter.php(366): CodeIgniter\CodeIgniter->handleRequest(null, Object(Config\Cache), false)
 6 FCPATH\index.php(68): CodeIgniter\CodeIgniter->run()
WARNING - 2023-11-24 13:21:31 --> [DEPRECATED] strtotime(): Passing null to parameter #1 ($datetime) of type string is deprecated in APPPATH\Controllers\Home.php on line 566.
 1 APPPATH\Controllers\Home.php(566): strtotime(null)
 2 SYSTEMPATH\CodeIgniter.php(932): App\Controllers\Home->printer()
 3 SYSTEMPATH\CodeIgniter.php(497): CodeIgniter\CodeIgniter->runController(Object(App\Controllers\Home))
 4 SYSTEMPATH\CodeIgniter.php(366): CodeIgniter\CodeIgniter->handleRequest(null, Object(Config\Cache), false)
 5 FCPATH\index.php(68): CodeIgniter\CodeIgniter->run()
WARNING - 2023-11-24 13:40:32 --> [DEPRECATED] strtotime(): Passing null to parameter #1 ($datetime) of type string is deprecated in APPPATH\Controllers\Home.php on line 120.
 1 APPPATH\Controllers\Home.php(120): strtotime(null)
 2 APPPATH\Controllers\Home.php(307): App\Controllers\Home->load(null)
 3 SYSTEMPATH\CodeIgniter.php(932): App\Controllers\Home->getOptionsOfOrderGrid()
 4 SYSTEMPATH\CodeIgniter.php(497): CodeIgniter\CodeIgniter->runController(Object(App\Controllers\Home))
 5 SYSTEMPATH\CodeIgniter.php(366): CodeIgniter\CodeIgniter->handleRequest(null, Object(Config\Cache), false)
 6 FCPATH\index.php(68): CodeIgniter\CodeIgniter->run()
CRITICAL - 2023-11-24 13:42:22 --> Undefined array key "detail_detail_id"
in APPPATH\Controllers\Home.php on line 872.
 1 APPPATH\Controllers\Home.php(872): CodeIgniter\Debug\Exceptions->errorHandler(2, 'Undefined array key "detail_detail_id"', 'C:\\xampp\\htdocs\\babana\\app\\Controllers\\Home.php', 872)
 2 SYSTEMPATH\CodeIgniter.php(932): App\Controllers\Home->saveDetail()
 3 SYSTEMPATH\CodeIgniter.php(497): CodeIgniter\CodeIgniter->runController(Object(App\Controllers\Home))
 4 SYSTEMPATH\CodeIgniter.php(366): CodeIgniter\CodeIgniter->handleRequest(null, Object(Config\Cache), false)
 5 FCPATH\index.php(68): CodeIgniter\CodeIgniter->run()
WARNING - 2023-11-24 13:42:50 --> [DEPRECATED] strtotime(): Passing null to parameter #1 ($datetime) of type string is deprecated in APPPATH\Controllers\Home.php on line 120.
 1 APPPATH\Controllers\Home.php(120): strtotime(null)
 2 APPPATH\Controllers\Home.php(307): App\Controllers\Home->load(null)
 3 SYSTEMPATH\CodeIgniter.php(932): App\Controllers\Home->getOptionsOfOrderGrid()
 4 SYSTEMPATH\CodeIgniter.php(497): CodeIgniter\CodeIgniter->runController(Object(App\Controllers\Home))
 5 SYSTEMPATH\CodeIgniter.php(366): CodeIgniter\CodeIgniter->handleRequest(null, Object(Config\Cache), false)
 6 FCPATH\index.php(68): CodeIgniter\CodeIgniter->run()
WARNING - 2023-11-24 13:43:05 --> [DEPRECATED] strtotime(): Passing null to parameter #1 ($datetime) of type string is deprecated in APPPATH\Controllers\Home.php on line 120.
 1 APPPATH\Controllers\Home.php(120): strtotime(null)
 2 APPPATH\Controllers\Home.php(307): App\Controllers\Home->load(null)
 3 SYSTEMPATH\CodeIgniter.php(932): App\Controllers\Home->getOptionsOfOrderGrid()
 4 SYSTEMPATH\CodeIgniter.php(497): CodeIgniter\CodeIgniter->runController(Object(App\Controllers\Home))
 5 SYSTEMPATH\CodeIgniter.php(366): CodeIgniter\CodeIgniter->handleRequest(null, Object(Config\Cache), false)
 6 FCPATH\index.php(68): CodeIgniter\CodeIgniter->run()
WARNING - 2023-11-24 13:43:37 --> [DEPRECATED] strtotime(): Passing null to parameter #1 ($datetime) of type string is deprecated in APPPATH\Controllers\Home.php on line 120.
 1 APPPATH\Controllers\Home.php(120): strtotime(null)
 2 APPPATH\Controllers\Home.php(307): App\Controllers\Home->load(null)
 3 SYSTEMPATH\CodeIgniter.php(932): App\Controllers\Home->getOptionsOfOrderGrid()
 4 SYSTEMPATH\CodeIgniter.php(497): CodeIgniter\CodeIgniter->runController(Object(App\Controllers\Home))
 5 SYSTEMPATH\CodeIgniter.php(366): CodeIgniter\CodeIgniter->handleRequest(null, Object(Config\Cache), false)
 6 FCPATH\index.php(68): CodeIgniter\CodeIgniter->run()
