WARNING - 2023-10-20 19:07:48 --> [DEPRECATED] json_decode(): Passing null to parameter #1 ($json) of type string is deprecated in APPPATH\Controllers\Home.php on line 601.
 1 APPPATH\Controllers\Home.php(601): json_decode(null, true)
 2 SYSTEMPATH\CodeIgniter.php(932): App\Controllers\Home->saveOrder()
 3 SYSTEMPATH\CodeIgniter.php(497): CodeIgniter\CodeIgniter->runController(Object(App\Controllers\Home))
 4 SYSTEMPATH\CodeIgniter.php(366): CodeIgniter\CodeIgniter->handleRequest(null, Object(Config\Cache), false)
 5 FCPATH\index.php(68): CodeIgniter\CodeIgniter->run()
CRITICAL - 2023-10-20 19:07:48 --> Trying to access array offset on value of type null
in APPPATH\Controllers\Home.php on line 604.
 1 APPPATH\Controllers\Home.php(604): CodeIgniter\Debug\Exceptions->errorHandler(2, 'Trying to access array offset on value of type null', 'C:\\xampp\\htdocs\\babana\\app\\Controllers\\Home.php', 604)
 2 SYSTEMPATH\CodeIgniter.php(932): App\Controllers\Home->saveOrder()
 3 SYSTEMPATH\CodeIgniter.php(497): CodeIgniter\CodeIgniter->runController(Object(App\Controllers\Home))
 4 SYSTEMPATH\CodeIgniter.php(366): CodeIgniter\CodeIgniter->handleRequest(null, Object(Config\Cache), false)
 5 FCPATH\index.php(68): CodeIgniter\CodeIgniter->run()
WARNING - 2023-10-20 20:17:00 --> [DEPRECATED] json_decode(): Passing null to parameter #1 ($json) of type string is deprecated in APPPATH\Controllers\Home.php on line 608.
 1 APPPATH\Controllers\Home.php(608): json_decode(null, true)
 2 SYSTEMPATH\CodeIgniter.php(932): App\Controllers\Home->saveOrder()
 3 SYSTEMPATH\CodeIgniter.php(497): CodeIgniter\CodeIgniter->runController(Object(App\Controllers\Home))
 4 SYSTEMPATH\CodeIgniter.php(366): CodeIgniter\CodeIgniter->handleRequest(null, Object(Config\Cache), false)
 5 FCPATH\index.php(68): CodeIgniter\CodeIgniter->run()
CRITICAL - 2023-10-20 20:17:00 --> Trying to access array offset on value of type null
in APPPATH\Controllers\Home.php on line 611.
 1 APPPATH\Controllers\Home.php(611): CodeIgniter\Debug\Exceptions->errorHandler(2, 'Trying to access array offset on value of type null', 'C:\\xampp\\htdocs\\babana\\app\\Controllers\\Home.php', 611)
 2 SYSTEMPATH\CodeIgniter.php(932): App\Controllers\Home->saveOrder()
 3 SYSTEMPATH\CodeIgniter.php(497): CodeIgniter\CodeIgniter->runController(Object(App\Controllers\Home))
 4 SYSTEMPATH\CodeIgniter.php(366): CodeIgniter\CodeIgniter->handleRequest(null, Object(Config\Cache), false)
 5 FCPATH\index.php(68): CodeIgniter\CodeIgniter->run()
WARNING - 2023-10-20 20:19:02 --> [DEPRECATED] json_decode(): Passing null to parameter #1 ($json) of type string is deprecated in APPPATH\Controllers\Home.php on line 608.
 1 APPPATH\Controllers\Home.php(608): json_decode(null, true)
 2 SYSTEMPATH\CodeIgniter.php(932): App\Controllers\Home->saveOrder()
 3 SYSTEMPATH\CodeIgniter.php(497): CodeIgniter\CodeIgniter->runController(Object(App\Controllers\Home))
 4 SYSTEMPATH\CodeIgniter.php(366): CodeIgniter\CodeIgniter->handleRequest(null, Object(Config\Cache), false)
 5 FCPATH\index.php(68): CodeIgniter\CodeIgniter->run()
CRITICAL - 2023-10-20 20:19:02 --> Trying to access array offset on value of type null
in APPPATH\Controllers\Home.php on line 611.
 1 APPPATH\Controllers\Home.php(611): CodeIgniter\Debug\Exceptions->errorHandler(2, 'Trying to access array offset on value of type null', 'C:\\xampp\\htdocs\\babana\\app\\Controllers\\Home.php', 611)
 2 SYSTEMPATH\CodeIgniter.php(932): App\Controllers\Home->saveOrder()
 3 SYSTEMPATH\CodeIgniter.php(497): CodeIgniter\CodeIgniter->runController(Object(App\Controllers\Home))
 4 SYSTEMPATH\CodeIgniter.php(366): CodeIgniter\CodeIgniter->handleRequest(null, Object(Config\Cache), false)
 5 FCPATH\index.php(68): CodeIgniter\CodeIgniter->run()
