CRITICAL - 2023-09-30 02:26:50 --> Undefined property: stdClass::$size_unit_code
in APPPATH\Controllers\Home.php on line 134.
 1 APPPATH\Controllers\Home.php(134): CodeIgniter\Debug\Exceptions->errorHandler(2, 'Undefined property: stdClass::$size_unit_code', 'C:\\xampp\\htdocs\\babana\\app\\Controllers\\Home.php', 134)
 2 SYSTEMPATH\CodeIgniter.php(932): App\Controllers\Home->detailLoad()
 3 SYSTEMPATH\CodeIgniter.php(497): CodeIgniter\CodeIgniter->runController(Object(App\Controllers\Home))
 4 SYSTEMPATH\CodeIgniter.php(366): CodeIgniter\CodeIgniter->handleRequest(null, Object(Config\Cache), false)
 5 FCPATH\index.php(68): CodeIgniter\CodeIgniter->run()
CRITICAL - 2023-09-30 02:27:01 --> Undefined property: stdClass::$size_unit_code
in APPPATH\Controllers\Home.php on line 134.
 1 APPPATH\Controllers\Home.php(134): CodeIgniter\Debug\Exceptions->errorHandler(2, 'Undefined property: stdClass::$size_unit_code', 'C:\\xampp\\htdocs\\babana\\app\\Controllers\\Home.php', 134)
 2 SYSTEMPATH\CodeIgniter.php(932): App\Controllers\Home->detailLoad()
 3 SYSTEMPATH\CodeIgniter.php(497): CodeIgniter\CodeIgniter->runController(Object(App\Controllers\Home))
 4 SYSTEMPATH\CodeIgniter.php(366): CodeIgniter\CodeIgniter->handleRequest(null, Object(Config\Cache), false)
 5 FCPATH\index.php(68): CodeIgniter\CodeIgniter->run()
CRITICAL - 2023-09-30 02:27:04 --> Undefined property: stdClass::$size_unit_code
in APPPATH\Controllers\Home.php on line 134.
 1 APPPATH\Controllers\Home.php(134): CodeIgniter\Debug\Exceptions->errorHandler(2, 'Undefined property: stdClass::$size_unit_code', 'C:\\xampp\\htdocs\\babana\\app\\Controllers\\Home.php', 134)
 2 SYSTEMPATH\CodeIgniter.php(932): App\Controllers\Home->detailLoad()
 3 SYSTEMPATH\CodeIgniter.php(497): CodeIgniter\CodeIgniter->runController(Object(App\Controllers\Home))
 4 SYSTEMPATH\CodeIgniter.php(366): CodeIgniter\CodeIgniter->handleRequest(null, Object(Config\Cache), false)
 5 FCPATH\index.php(68): CodeIgniter\CodeIgniter->run()
CRITICAL - 2023-09-30 02:28:28 --> Undefined property: stdClass::$size_unit_code
in APPPATH\Controllers\Home.php on line 134.
 1 APPPATH\Controllers\Home.php(134): CodeIgniter\Debug\Exceptions->errorHandler(2, 'Undefined property: stdClass::$size_unit_code', 'C:\\xampp\\htdocs\\babana\\app\\Controllers\\Home.php', 134)
 2 SYSTEMPATH\CodeIgniter.php(932): App\Controllers\Home->detailLoad()
 3 SYSTEMPATH\CodeIgniter.php(497): CodeIgniter\CodeIgniter->runController(Object(App\Controllers\Home))
 4 SYSTEMPATH\CodeIgniter.php(366): CodeIgniter\CodeIgniter->handleRequest(null, Object(Config\Cache), false)
 5 FCPATH\index.php(68): CodeIgniter\CodeIgniter->run()
CRITICAL - 2023-09-30 13:56:56 --> Cannot use object of type stdClass as array
in APPPATH\Controllers\Home.php on line 459.
 1 SYSTEMPATH\CodeIgniter.php(932): App\Controllers\Home->saveOrder()
 2 SYSTEMPATH\CodeIgniter.php(497): CodeIgniter\CodeIgniter->runController(Object(App\Controllers\Home))
 3 SYSTEMPATH\CodeIgniter.php(366): CodeIgniter\CodeIgniter->handleRequest(null, Object(Config\Cache), false)
 4 FCPATH\index.php(68): CodeIgniter\CodeIgniter->run()
WARNING - 2023-09-30 13:56:56 --> [DEPRECATED] json_decode(): Passing null to parameter #1 ($json) of type string is deprecated in APPPATH\Controllers\Home.php on line 457.
 1 APPPATH\Controllers\Home.php(457): json_decode(null)
 2 SYSTEMPATH\CodeIgniter.php(932): App\Controllers\Home->saveOrder()
 3 SYSTEMPATH\CodeIgniter.php(497): CodeIgniter\CodeIgniter->runController(Object(App\Controllers\Home))
 4 SYSTEMPATH\CodeIgniter.php(366): CodeIgniter\CodeIgniter->handleRequest(null, Object(Config\Cache), false)
 5 FCPATH\index.php(68): CodeIgniter\CodeIgniter->run()
CRITICAL - 2023-09-30 13:56:56 --> Trying to access array offset on value of type null
in APPPATH\Controllers\Home.php on line 459.
 1 APPPATH\Controllers\Home.php(459): CodeIgniter\Debug\Exceptions->errorHandler(2, 'Trying to access array offset on value of type null', 'C:\\xampp\\htdocs\\babana\\app\\Controllers\\Home.php', 459)
 2 SYSTEMPATH\CodeIgniter.php(932): App\Controllers\Home->saveOrder()
 3 SYSTEMPATH\CodeIgniter.php(497): CodeIgniter\CodeIgniter->runController(Object(App\Controllers\Home))
 4 SYSTEMPATH\CodeIgniter.php(366): CodeIgniter\CodeIgniter->handleRequest(null, Object(Config\Cache), false)
 5 FCPATH\index.php(68): CodeIgniter\CodeIgniter->run()
WARNING - 2023-09-30 13:57:21 --> [DEPRECATED] json_decode(): Passing null to parameter #1 ($json) of type string is deprecated in APPPATH\Controllers\Home.php on line 457.
 1 APPPATH\Controllers\Home.php(457): json_decode(null)
 2 SYSTEMPATH\CodeIgniter.php(932): App\Controllers\Home->saveOrder()
 3 SYSTEMPATH\CodeIgniter.php(497): CodeIgniter\CodeIgniter->runController(Object(App\Controllers\Home))
 4 SYSTEMPATH\CodeIgniter.php(366): CodeIgniter\CodeIgniter->handleRequest(null, Object(Config\Cache), false)
 5 FCPATH\index.php(68): CodeIgniter\CodeIgniter->run()
CRITICAL - 2023-09-30 13:57:21 --> Attempt to read property "table_order_name" on null
in APPPATH\Controllers\Home.php on line 459.
 1 APPPATH\Controllers\Home.php(459): CodeIgniter\Debug\Exceptions->errorHandler(2, 'Attempt to read property "table_order_name" on null', 'C:\\xampp\\htdocs\\babana\\app\\Controllers\\Home.php', 459)
 2 SYSTEMPATH\CodeIgniter.php(932): App\Controllers\Home->saveOrder()
 3 SYSTEMPATH\CodeIgniter.php(497): CodeIgniter\CodeIgniter->runController(Object(App\Controllers\Home))
 4 SYSTEMPATH\CodeIgniter.php(366): CodeIgniter\CodeIgniter->handleRequest(null, Object(Config\Cache), false)
 5 FCPATH\index.php(68): CodeIgniter\CodeIgniter->run()
WARNING - 2023-09-30 13:59:13 --> [DEPRECATED] json_decode(): Passing null to parameter #1 ($json) of type string is deprecated in APPPATH\Controllers\Home.php on line 457.
 1 APPPATH\Controllers\Home.php(457): json_decode(null, true)
 2 SYSTEMPATH\CodeIgniter.php(932): App\Controllers\Home->saveOrder()
 3 SYSTEMPATH\CodeIgniter.php(497): CodeIgniter\CodeIgniter->runController(Object(App\Controllers\Home))
 4 SYSTEMPATH\CodeIgniter.php(366): CodeIgniter\CodeIgniter->handleRequest(null, Object(Config\Cache), false)
 5 FCPATH\index.php(68): CodeIgniter\CodeIgniter->run()
CRITICAL - 2023-09-30 13:59:13 --> Trying to access array offset on value of type null
in APPPATH\Controllers\Home.php on line 459.
 1 APPPATH\Controllers\Home.php(459): CodeIgniter\Debug\Exceptions->errorHandler(2, 'Trying to access array offset on value of type null', 'C:\\xampp\\htdocs\\babana\\app\\Controllers\\Home.php', 459)
 2 SYSTEMPATH\CodeIgniter.php(932): App\Controllers\Home->saveOrder()
 3 SYSTEMPATH\CodeIgniter.php(497): CodeIgniter\CodeIgniter->runController(Object(App\Controllers\Home))
 4 SYSTEMPATH\CodeIgniter.php(366): CodeIgniter\CodeIgniter->handleRequest(null, Object(Config\Cache), false)
 5 FCPATH\index.php(68): CodeIgniter\CodeIgniter->run()
CRITICAL - 2023-09-30 14:00:22 --> json_decode(): Argument #1 ($json) must be of type string, array given
in APPPATH\Controllers\Home.php on line 457.
 1 APPPATH\Controllers\Home.php(457): json_decode([...], true)
 2 SYSTEMPATH\CodeIgniter.php(932): App\Controllers\Home->saveOrder()
 3 SYSTEMPATH\CodeIgniter.php(497): CodeIgniter\CodeIgniter->runController(Object(App\Controllers\Home))
 4 SYSTEMPATH\CodeIgniter.php(366): CodeIgniter\CodeIgniter->handleRequest(null, Object(Config\Cache), false)
 5 FCPATH\index.php(68): CodeIgniter\CodeIgniter->run()
WARNING - 2023-09-30 14:00:22 --> [DEPRECATED] json_decode(): Passing null to parameter #1 ($json) of type string is deprecated in APPPATH\Controllers\Home.php on line 457.
 1 APPPATH\Controllers\Home.php(457): json_decode(null, true)
 2 SYSTEMPATH\CodeIgniter.php(932): App\Controllers\Home->saveOrder()
 3 SYSTEMPATH\CodeIgniter.php(497): CodeIgniter\CodeIgniter->runController(Object(App\Controllers\Home))
 4 SYSTEMPATH\CodeIgniter.php(366): CodeIgniter\CodeIgniter->handleRequest(null, Object(Config\Cache), false)
 5 FCPATH\index.php(68): CodeIgniter\CodeIgniter->run()
CRITICAL - 2023-09-30 14:00:22 --> Trying to access array offset on value of type null
in APPPATH\Controllers\Home.php on line 459.
 1 APPPATH\Controllers\Home.php(459): CodeIgniter\Debug\Exceptions->errorHandler(2, 'Trying to access array offset on value of type null', 'C:\\xampp\\htdocs\\babana\\app\\Controllers\\Home.php', 459)
 2 SYSTEMPATH\CodeIgniter.php(932): App\Controllers\Home->saveOrder()
 3 SYSTEMPATH\CodeIgniter.php(497): CodeIgniter\CodeIgniter->runController(Object(App\Controllers\Home))
 4 SYSTEMPATH\CodeIgniter.php(366): CodeIgniter\CodeIgniter->handleRequest(null, Object(Config\Cache), false)
 5 FCPATH\index.php(68): CodeIgniter\CodeIgniter->run()
CRITICAL - 2023-09-30 14:01:58 --> Trying to access array offset on value of type null
in APPPATH\Controllers\Home.php on line 459.
 1 APPPATH\Controllers\Home.php(459): CodeIgniter\Debug\Exceptions->errorHandler(2, 'Trying to access array offset on value of type null', 'C:\\xampp\\htdocs\\babana\\app\\Controllers\\Home.php', 459)
 2 SYSTEMPATH\CodeIgniter.php(932): App\Controllers\Home->saveOrder()
 3 SYSTEMPATH\CodeIgniter.php(497): CodeIgniter\CodeIgniter->runController(Object(App\Controllers\Home))
 4 SYSTEMPATH\CodeIgniter.php(366): CodeIgniter\CodeIgniter->handleRequest(null, Object(Config\Cache), false)
 5 FCPATH\index.php(68): CodeIgniter\CodeIgniter->run()
CRITICAL - 2023-09-30 14:02:19 --> Attempt to read property "table_order_name" on array
in APPPATH\Controllers\Home.php on line 459.
 1 APPPATH\Controllers\Home.php(459): CodeIgniter\Debug\Exceptions->errorHandler(2, 'Attempt to read property "table_order_name" on array', 'C:\\xampp\\htdocs\\babana\\app\\Controllers\\Home.php', 459)
 2 SYSTEMPATH\CodeIgniter.php(932): App\Controllers\Home->saveOrder()
 3 SYSTEMPATH\CodeIgniter.php(497): CodeIgniter\CodeIgniter->runController(Object(App\Controllers\Home))
 4 SYSTEMPATH\CodeIgniter.php(366): CodeIgniter\CodeIgniter->handleRequest(null, Object(Config\Cache), false)
 5 FCPATH\index.php(68): CodeIgniter\CodeIgniter->run()
CRITICAL - 2023-09-30 14:02:19 --> Attempt to read property "table_order_name" on null
in APPPATH\Controllers\Home.php on line 459.
 1 APPPATH\Controllers\Home.php(459): CodeIgniter\Debug\Exceptions->errorHandler(2, 'Attempt to read property "table_order_name" on null', 'C:\\xampp\\htdocs\\babana\\app\\Controllers\\Home.php', 459)
 2 SYSTEMPATH\CodeIgniter.php(932): App\Controllers\Home->saveOrder()
 3 SYSTEMPATH\CodeIgniter.php(497): CodeIgniter\CodeIgniter->runController(Object(App\Controllers\Home))
 4 SYSTEMPATH\CodeIgniter.php(366): CodeIgniter\CodeIgniter->handleRequest(null, Object(Config\Cache), false)
 5 FCPATH\index.php(68): CodeIgniter\CodeIgniter->run()
WARNING - 2023-09-30 14:09:20 --> [DEPRECATED] json_decode(): Passing null to parameter #1 ($json) of type string is deprecated in APPPATH\Controllers\Home.php on line 457.
 1 APPPATH\Controllers\Home.php(457): json_decode(null, true)
 2 SYSTEMPATH\CodeIgniter.php(932): App\Controllers\Home->saveOrder()
 3 SYSTEMPATH\CodeIgniter.php(497): CodeIgniter\CodeIgniter->runController(Object(App\Controllers\Home))
 4 SYSTEMPATH\CodeIgniter.php(366): CodeIgniter\CodeIgniter->handleRequest(null, Object(Config\Cache), false)
 5 FCPATH\index.php(68): CodeIgniter\CodeIgniter->run()
CRITICAL - 2023-09-30 14:09:20 --> Trying to access array offset on value of type null
in APPPATH\Controllers\Home.php on line 460.
 1 APPPATH\Controllers\Home.php(460): CodeIgniter\Debug\Exceptions->errorHandler(2, 'Trying to access array offset on value of type null', 'C:\\xampp\\htdocs\\babana\\app\\Controllers\\Home.php', 460)
 2 SYSTEMPATH\CodeIgniter.php(932): App\Controllers\Home->saveOrder()
 3 SYSTEMPATH\CodeIgniter.php(497): CodeIgniter\CodeIgniter->runController(Object(App\Controllers\Home))
 4 SYSTEMPATH\CodeIgniter.php(366): CodeIgniter\CodeIgniter->handleRequest(null, Object(Config\Cache), false)
 5 FCPATH\index.php(68): CodeIgniter\CodeIgniter->run()
WARNING - 2023-09-30 14:10:26 --> [DEPRECATED] json_decode(): Passing null to parameter #1 ($json) of type string is deprecated in APPPATH\Controllers\Home.php on line 457.
 1 APPPATH\Controllers\Home.php(457): json_decode(null, true)
 2 SYSTEMPATH\CodeIgniter.php(932): App\Controllers\Home->saveOrder()
 3 SYSTEMPATH\CodeIgniter.php(497): CodeIgniter\CodeIgniter->runController(Object(App\Controllers\Home))
 4 SYSTEMPATH\CodeIgniter.php(366): CodeIgniter\CodeIgniter->handleRequest(null, Object(Config\Cache), false)
 5 FCPATH\index.php(68): CodeIgniter\CodeIgniter->run()
CRITICAL - 2023-09-30 14:10:26 --> Trying to access array offset on value of type null
in APPPATH\Controllers\Home.php on line 460.
 1 APPPATH\Controllers\Home.php(460): CodeIgniter\Debug\Exceptions->errorHandler(2, 'Trying to access array offset on value of type null', 'C:\\xampp\\htdocs\\babana\\app\\Controllers\\Home.php', 460)
 2 SYSTEMPATH\CodeIgniter.php(932): App\Controllers\Home->saveOrder()
 3 SYSTEMPATH\CodeIgniter.php(497): CodeIgniter\CodeIgniter->runController(Object(App\Controllers\Home))
 4 SYSTEMPATH\CodeIgniter.php(366): CodeIgniter\CodeIgniter->handleRequest(null, Object(Config\Cache), false)
 5 FCPATH\index.php(68): CodeIgniter\CodeIgniter->run()
WARNING - 2023-09-30 14:10:50 --> [DEPRECATED] json_decode(): Passing null to parameter #1 ($json) of type string is deprecated in APPPATH\Controllers\Home.php on line 457.
 1 APPPATH\Controllers\Home.php(457): json_decode(null, true)
 2 SYSTEMPATH\CodeIgniter.php(932): App\Controllers\Home->saveOrder()
 3 SYSTEMPATH\CodeIgniter.php(497): CodeIgniter\CodeIgniter->runController(Object(App\Controllers\Home))
 4 SYSTEMPATH\CodeIgniter.php(366): CodeIgniter\CodeIgniter->handleRequest(null, Object(Config\Cache), false)
 5 FCPATH\index.php(68): CodeIgniter\CodeIgniter->run()
WARNING - 2023-09-30 14:11:11 --> [DEPRECATED] json_decode(): Passing null to parameter #1 ($json) of type string is deprecated in APPPATH\Controllers\Home.php on line 457.
 1 APPPATH\Controllers\Home.php(457): json_decode(null, true)
 2 SYSTEMPATH\CodeIgniter.php(932): App\Controllers\Home->saveOrder()
 3 SYSTEMPATH\CodeIgniter.php(497): CodeIgniter\CodeIgniter->runController(Object(App\Controllers\Home))
 4 SYSTEMPATH\CodeIgniter.php(366): CodeIgniter\CodeIgniter->handleRequest(null, Object(Config\Cache), false)
 5 FCPATH\index.php(68): CodeIgniter\CodeIgniter->run()
WARNING - 2023-09-30 14:12:35 --> [DEPRECATED] json_decode(): Passing null to parameter #1 ($json) of type string is deprecated in APPPATH\Controllers\Home.php on line 457.
 1 APPPATH\Controllers\Home.php(457): json_decode(null, true)
 2 SYSTEMPATH\CodeIgniter.php(932): App\Controllers\Home->saveOrder()
 3 SYSTEMPATH\CodeIgniter.php(497): CodeIgniter\CodeIgniter->runController(Object(App\Controllers\Home))
 4 SYSTEMPATH\CodeIgniter.php(366): CodeIgniter\CodeIgniter->handleRequest(null, Object(Config\Cache), false)
 5 FCPATH\index.php(68): CodeIgniter\CodeIgniter->run()
CRITICAL - 2023-09-30 14:12:35 --> Trying to access array offset on value of type null
in APPPATH\Controllers\Home.php on line 460.
 1 APPPATH\Controllers\Home.php(460): CodeIgniter\Debug\Exceptions->errorHandler(2, 'Trying to access array offset on value of type null', 'C:\\xampp\\htdocs\\babana\\app\\Controllers\\Home.php', 460)
 2 SYSTEMPATH\CodeIgniter.php(932): App\Controllers\Home->saveOrder()
 3 SYSTEMPATH\CodeIgniter.php(497): CodeIgniter\CodeIgniter->runController(Object(App\Controllers\Home))
 4 SYSTEMPATH\CodeIgniter.php(366): CodeIgniter\CodeIgniter->handleRequest(null, Object(Config\Cache), false)
 5 FCPATH\index.php(68): CodeIgniter\CodeIgniter->run()
WARNING - 2023-09-30 14:12:59 --> [DEPRECATED] json_decode(): Passing null to parameter #1 ($json) of type string is deprecated in APPPATH\Controllers\Home.php on line 457.
 1 APPPATH\Controllers\Home.php(457): json_decode(null, true)
 2 SYSTEMPATH\CodeIgniter.php(932): App\Controllers\Home->saveOrder()
 3 SYSTEMPATH\CodeIgniter.php(497): CodeIgniter\CodeIgniter->runController(Object(App\Controllers\Home))
 4 SYSTEMPATH\CodeIgniter.php(366): CodeIgniter\CodeIgniter->handleRequest(null, Object(Config\Cache), false)
 5 FCPATH\index.php(68): CodeIgniter\CodeIgniter->run()
WARNING - 2023-09-30 14:13:25 --> [DEPRECATED] json_decode(): Passing null to parameter #1 ($json) of type string is deprecated in APPPATH\Controllers\Home.php on line 457.
 1 APPPATH\Controllers\Home.php(457): json_decode(null, true)
 2 SYSTEMPATH\CodeIgniter.php(932): App\Controllers\Home->saveOrder()
 3 SYSTEMPATH\CodeIgniter.php(497): CodeIgniter\CodeIgniter->runController(Object(App\Controllers\Home))
 4 SYSTEMPATH\CodeIgniter.php(366): CodeIgniter\CodeIgniter->handleRequest(null, Object(Config\Cache), false)
 5 FCPATH\index.php(68): CodeIgniter\CodeIgniter->run()
WARNING - 2023-09-30 14:14:34 --> [DEPRECATED] json_decode(): Passing null to parameter #1 ($json) of type string is deprecated in APPPATH\Controllers\Home.php on line 457.
 1 APPPATH\Controllers\Home.php(457): json_decode(null, true)
 2 SYSTEMPATH\CodeIgniter.php(932): App\Controllers\Home->saveOrder()
 3 SYSTEMPATH\CodeIgniter.php(497): CodeIgniter\CodeIgniter->runController(Object(App\Controllers\Home))
 4 SYSTEMPATH\CodeIgniter.php(366): CodeIgniter\CodeIgniter->handleRequest(null, Object(Config\Cache), false)
 5 FCPATH\index.php(68): CodeIgniter\CodeIgniter->run()
WARNING - 2023-09-30 14:15:11 --> [DEPRECATED] json_decode(): Passing null to parameter #1 ($json) of type string is deprecated in APPPATH\Controllers\Home.php on line 457.
 1 APPPATH\Controllers\Home.php(457): json_decode(null, true)
 2 SYSTEMPATH\CodeIgniter.php(932): App\Controllers\Home->saveOrder()
 3 SYSTEMPATH\CodeIgniter.php(497): CodeIgniter\CodeIgniter->runController(Object(App\Controllers\Home))
 4 SYSTEMPATH\CodeIgniter.php(366): CodeIgniter\CodeIgniter->handleRequest(null, Object(Config\Cache), false)
 5 FCPATH\index.php(68): CodeIgniter\CodeIgniter->run()
CRITICAL - 2023-09-30 14:15:11 --> Trying to access array offset on value of type null
in APPPATH\Controllers\Home.php on line 464.
 1 APPPATH\Controllers\Home.php(464): CodeIgniter\Debug\Exceptions->errorHandler(2, 'Trying to access array offset on value of type null', 'C:\\xampp\\htdocs\\babana\\app\\Controllers\\Home.php', 464)
 2 SYSTEMPATH\CodeIgniter.php(932): App\Controllers\Home->saveOrder()
 3 SYSTEMPATH\CodeIgniter.php(497): CodeIgniter\CodeIgniter->runController(Object(App\Controllers\Home))
 4 SYSTEMPATH\CodeIgniter.php(366): CodeIgniter\CodeIgniter->handleRequest(null, Object(Config\Cache), false)
 5 FCPATH\index.php(68): CodeIgniter\CodeIgniter->run()
WARNING - 2023-09-30 14:15:53 --> [DEPRECATED] json_decode(): Passing null to parameter #1 ($json) of type string is deprecated in APPPATH\Controllers\Home.php on line 457.
 1 APPPATH\Controllers\Home.php(457): json_decode(null, true)
 2 SYSTEMPATH\CodeIgniter.php(932): App\Controllers\Home->saveOrder()
 3 SYSTEMPATH\CodeIgniter.php(497): CodeIgniter\CodeIgniter->runController(Object(App\Controllers\Home))
 4 SYSTEMPATH\CodeIgniter.php(366): CodeIgniter\CodeIgniter->handleRequest(null, Object(Config\Cache), false)
 5 FCPATH\index.php(68): CodeIgniter\CodeIgniter->run()
CRITICAL - 2023-09-30 14:15:53 --> Trying to access array offset on value of type null
in APPPATH\Controllers\Home.php on line 464.
 1 APPPATH\Controllers\Home.php(464): CodeIgniter\Debug\Exceptions->errorHandler(2, 'Trying to access array offset on value of type null', 'C:\\xampp\\htdocs\\babana\\app\\Controllers\\Home.php', 464)
 2 SYSTEMPATH\CodeIgniter.php(932): App\Controllers\Home->saveOrder()
 3 SYSTEMPATH\CodeIgniter.php(497): CodeIgniter\CodeIgniter->runController(Object(App\Controllers\Home))
 4 SYSTEMPATH\CodeIgniter.php(366): CodeIgniter\CodeIgniter->handleRequest(null, Object(Config\Cache), false)
 5 FCPATH\index.php(68): CodeIgniter\CodeIgniter->run()
WARNING - 2023-09-30 14:16:10 --> [DEPRECATED] json_decode(): Passing null to parameter #1 ($json) of type string is deprecated in APPPATH\Controllers\Home.php on line 457.
 1 APPPATH\Controllers\Home.php(457): json_decode(null, true)
 2 SYSTEMPATH\CodeIgniter.php(932): App\Controllers\Home->saveOrder()
 3 SYSTEMPATH\CodeIgniter.php(497): CodeIgniter\CodeIgniter->runController(Object(App\Controllers\Home))
 4 SYSTEMPATH\CodeIgniter.php(366): CodeIgniter\CodeIgniter->handleRequest(null, Object(Config\Cache), false)
 5 FCPATH\index.php(68): CodeIgniter\CodeIgniter->run()
CRITICAL - 2023-09-30 14:16:10 --> Trying to access array offset on value of type null
in APPPATH\Controllers\Home.php on line 464.
 1 APPPATH\Controllers\Home.php(464): CodeIgniter\Debug\Exceptions->errorHandler(2, 'Trying to access array offset on value of type null', 'C:\\xampp\\htdocs\\babana\\app\\Controllers\\Home.php', 464)
 2 SYSTEMPATH\CodeIgniter.php(932): App\Controllers\Home->saveOrder()
 3 SYSTEMPATH\CodeIgniter.php(497): CodeIgniter\CodeIgniter->runController(Object(App\Controllers\Home))
 4 SYSTEMPATH\CodeIgniter.php(366): CodeIgniter\CodeIgniter->handleRequest(null, Object(Config\Cache), false)
 5 FCPATH\index.php(68): CodeIgniter\CodeIgniter->run()
WARNING - 2023-09-30 14:16:53 --> [DEPRECATED] json_decode(): Passing null to parameter #1 ($json) of type string is deprecated in APPPATH\Controllers\Home.php on line 457.
 1 APPPATH\Controllers\Home.php(457): json_decode(null, true)
 2 SYSTEMPATH\CodeIgniter.php(932): App\Controllers\Home->saveOrder()
 3 SYSTEMPATH\CodeIgniter.php(497): CodeIgniter\CodeIgniter->runController(Object(App\Controllers\Home))
 4 SYSTEMPATH\CodeIgniter.php(366): CodeIgniter\CodeIgniter->handleRequest(null, Object(Config\Cache), false)
 5 FCPATH\index.php(68): CodeIgniter\CodeIgniter->run()
CRITICAL - 2023-09-30 14:16:53 --> Trying to access array offset on value of type null
in APPPATH\Controllers\Home.php on line 464.
 1 APPPATH\Controllers\Home.php(464): CodeIgniter\Debug\Exceptions->errorHandler(2, 'Trying to access array offset on value of type null', 'C:\\xampp\\htdocs\\babana\\app\\Controllers\\Home.php', 464)
 2 SYSTEMPATH\CodeIgniter.php(932): App\Controllers\Home->saveOrder()
 3 SYSTEMPATH\CodeIgniter.php(497): CodeIgniter\CodeIgniter->runController(Object(App\Controllers\Home))
 4 SYSTEMPATH\CodeIgniter.php(366): CodeIgniter\CodeIgniter->handleRequest(null, Object(Config\Cache), false)
 5 FCPATH\index.php(68): CodeIgniter\CodeIgniter->run()
WARNING - 2023-09-30 14:17:55 --> [DEPRECATED] json_decode(): Passing null to parameter #1 ($json) of type string is deprecated in APPPATH\Controllers\Home.php on line 457.
 1 APPPATH\Controllers\Home.php(457): json_decode(null, true)
 2 SYSTEMPATH\CodeIgniter.php(932): App\Controllers\Home->saveOrder()
 3 SYSTEMPATH\CodeIgniter.php(497): CodeIgniter\CodeIgniter->runController(Object(App\Controllers\Home))
 4 SYSTEMPATH\CodeIgniter.php(366): CodeIgniter\CodeIgniter->handleRequest(null, Object(Config\Cache), false)
 5 FCPATH\index.php(68): CodeIgniter\CodeIgniter->run()
WARNING - 2023-09-30 14:17:55 --> [DEPRECATED] json_decode(): Passing null to parameter #1 ($json) of type string is deprecated in APPPATH\Controllers\Home.php on line 457.
 1 APPPATH\Controllers\Home.php(457): json_decode(null, true)
 2 SYSTEMPATH\CodeIgniter.php(932): App\Controllers\Home->saveOrder()
 3 SYSTEMPATH\CodeIgniter.php(497): CodeIgniter\CodeIgniter->runController(Object(App\Controllers\Home))
 4 SYSTEMPATH\CodeIgniter.php(366): CodeIgniter\CodeIgniter->handleRequest(null, Object(Config\Cache), false)
 5 FCPATH\index.php(68): CodeIgniter\CodeIgniter->run()
CRITICAL - 2023-09-30 14:17:55 --> Trying to access array offset on value of type null
in APPPATH\Controllers\Home.php on line 464.
 1 APPPATH\Controllers\Home.php(464): CodeIgniter\Debug\Exceptions->errorHandler(2, 'Trying to access array offset on value of type null', 'C:\\xampp\\htdocs\\babana\\app\\Controllers\\Home.php', 464)
 2 SYSTEMPATH\CodeIgniter.php(932): App\Controllers\Home->saveOrder()
 3 SYSTEMPATH\CodeIgniter.php(497): CodeIgniter\CodeIgniter->runController(Object(App\Controllers\Home))
 4 SYSTEMPATH\CodeIgniter.php(366): CodeIgniter\CodeIgniter->handleRequest(null, Object(Config\Cache), false)
 5 FCPATH\index.php(68): CodeIgniter\CodeIgniter->run()
CRITICAL - 2023-09-30 14:17:55 --> Trying to access array offset on value of type null
in APPPATH\Controllers\Home.php on line 464.
 1 APPPATH\Controllers\Home.php(464): CodeIgniter\Debug\Exceptions->errorHandler(2, 'Trying to access array offset on value of type null', 'C:\\xampp\\htdocs\\babana\\app\\Controllers\\Home.php', 464)
 2 SYSTEMPATH\CodeIgniter.php(932): App\Controllers\Home->saveOrder()
 3 SYSTEMPATH\CodeIgniter.php(497): CodeIgniter\CodeIgniter->runController(Object(App\Controllers\Home))
 4 SYSTEMPATH\CodeIgniter.php(366): CodeIgniter\CodeIgniter->handleRequest(null, Object(Config\Cache), false)
 5 FCPATH\index.php(68): CodeIgniter\CodeIgniter->run()
WARNING - 2023-09-30 14:18:27 --> [DEPRECATED] json_decode(): Passing null to parameter #1 ($json) of type string is deprecated in APPPATH\Controllers\Home.php on line 457.
 1 APPPATH\Controllers\Home.php(457): json_decode(null, true)
 2 SYSTEMPATH\CodeIgniter.php(932): App\Controllers\Home->saveOrder()
 3 SYSTEMPATH\CodeIgniter.php(497): CodeIgniter\CodeIgniter->runController(Object(App\Controllers\Home))
 4 SYSTEMPATH\CodeIgniter.php(366): CodeIgniter\CodeIgniter->handleRequest(null, Object(Config\Cache), false)
 5 FCPATH\index.php(68): CodeIgniter\CodeIgniter->run()
WARNING - 2023-09-30 14:18:27 --> [DEPRECATED] json_decode(): Passing null to parameter #1 ($json) of type string is deprecated in APPPATH\Controllers\Home.php on line 457.
 1 APPPATH\Controllers\Home.php(457): json_decode(null, true)
 2 SYSTEMPATH\CodeIgniter.php(932): App\Controllers\Home->saveOrder()
 3 SYSTEMPATH\CodeIgniter.php(497): CodeIgniter\CodeIgniter->runController(Object(App\Controllers\Home))
 4 SYSTEMPATH\CodeIgniter.php(366): CodeIgniter\CodeIgniter->handleRequest(null, Object(Config\Cache), false)
 5 FCPATH\index.php(68): CodeIgniter\CodeIgniter->run()
CRITICAL - 2023-09-30 14:18:27 --> Trying to access array offset on value of type null
in APPPATH\Controllers\Home.php on line 464.
 1 APPPATH\Controllers\Home.php(464): CodeIgniter\Debug\Exceptions->errorHandler(2, 'Trying to access array offset on value of type null', 'C:\\xampp\\htdocs\\babana\\app\\Controllers\\Home.php', 464)
 2 SYSTEMPATH\CodeIgniter.php(932): App\Controllers\Home->saveOrder()
 3 SYSTEMPATH\CodeIgniter.php(497): CodeIgniter\CodeIgniter->runController(Object(App\Controllers\Home))
 4 SYSTEMPATH\CodeIgniter.php(366): CodeIgniter\CodeIgniter->handleRequest(null, Object(Config\Cache), false)
 5 FCPATH\index.php(68): CodeIgniter\CodeIgniter->run()
CRITICAL - 2023-09-30 14:18:27 --> Trying to access array offset on value of type null
in APPPATH\Controllers\Home.php on line 464.
 1 APPPATH\Controllers\Home.php(464): CodeIgniter\Debug\Exceptions->errorHandler(2, 'Trying to access array offset on value of type null', 'C:\\xampp\\htdocs\\babana\\app\\Controllers\\Home.php', 464)
 2 SYSTEMPATH\CodeIgniter.php(932): App\Controllers\Home->saveOrder()
 3 SYSTEMPATH\CodeIgniter.php(497): CodeIgniter\CodeIgniter->runController(Object(App\Controllers\Home))
 4 SYSTEMPATH\CodeIgniter.php(366): CodeIgniter\CodeIgniter->handleRequest(null, Object(Config\Cache), false)
 5 FCPATH\index.php(68): CodeIgniter\CodeIgniter->run()
CRITICAL - 2023-09-30 14:20:28 --> json_decode(): Argument #1 ($json) must be of type string, array given
in APPPATH\Controllers\Home.php on line 457.
 1 APPPATH\Controllers\Home.php(457): json_decode([...], true)
 2 SYSTEMPATH\CodeIgniter.php(932): App\Controllers\Home->saveOrder()
 3 SYSTEMPATH\CodeIgniter.php(497): CodeIgniter\CodeIgniter->runController(Object(App\Controllers\Home))
 4 SYSTEMPATH\CodeIgniter.php(366): CodeIgniter\CodeIgniter->handleRequest(null, Object(Config\Cache), false)
 5 FCPATH\index.php(68): CodeIgniter\CodeIgniter->run()
WARNING - 2023-09-30 14:20:28 --> [DEPRECATED] json_decode(): Passing null to parameter #1 ($json) of type string is deprecated in APPPATH\Controllers\Home.php on line 457.
 1 APPPATH\Controllers\Home.php(457): json_decode(null, true)
 2 SYSTEMPATH\CodeIgniter.php(932): App\Controllers\Home->saveOrder()
 3 SYSTEMPATH\CodeIgniter.php(497): CodeIgniter\CodeIgniter->runController(Object(App\Controllers\Home))
 4 SYSTEMPATH\CodeIgniter.php(366): CodeIgniter\CodeIgniter->handleRequest(null, Object(Config\Cache), false)
 5 FCPATH\index.php(68): CodeIgniter\CodeIgniter->run()
CRITICAL - 2023-09-30 14:20:28 --> Trying to access array offset on value of type null
in APPPATH\Controllers\Home.php on line 466.
 1 APPPATH\Controllers\Home.php(466): CodeIgniter\Debug\Exceptions->errorHandler(2, 'Trying to access array offset on value of type null', 'C:\\xampp\\htdocs\\babana\\app\\Controllers\\Home.php', 466)
 2 SYSTEMPATH\CodeIgniter.php(932): App\Controllers\Home->saveOrder()
 3 SYSTEMPATH\CodeIgniter.php(497): CodeIgniter\CodeIgniter->runController(Object(App\Controllers\Home))
 4 SYSTEMPATH\CodeIgniter.php(366): CodeIgniter\CodeIgniter->handleRequest(null, Object(Config\Cache), false)
 5 FCPATH\index.php(68): CodeIgniter\CodeIgniter->run()
WARNING - 2023-09-30 14:20:48 --> [DEPRECATED] json_decode(): Passing null to parameter #1 ($json) of type string is deprecated in APPPATH\Controllers\Home.php on line 457.
 1 APPPATH\Controllers\Home.php(457): json_decode(null, true)
 2 SYSTEMPATH\CodeIgniter.php(932): App\Controllers\Home->saveOrder()
 3 SYSTEMPATH\CodeIgniter.php(497): CodeIgniter\CodeIgniter->runController(Object(App\Controllers\Home))
 4 SYSTEMPATH\CodeIgniter.php(366): CodeIgniter\CodeIgniter->handleRequest(null, Object(Config\Cache), false)
 5 FCPATH\index.php(68): CodeIgniter\CodeIgniter->run()
CRITICAL - 2023-09-30 14:20:48 --> json_decode(): Argument #1 ($json) must be of type string, array given
in APPPATH\Controllers\Home.php on line 457.
 1 APPPATH\Controllers\Home.php(457): json_decode([...], true)
 2 SYSTEMPATH\CodeIgniter.php(932): App\Controllers\Home->saveOrder()
 3 SYSTEMPATH\CodeIgniter.php(497): CodeIgniter\CodeIgniter->runController(Object(App\Controllers\Home))
 4 SYSTEMPATH\CodeIgniter.php(366): CodeIgniter\CodeIgniter->handleRequest(null, Object(Config\Cache), false)
 5 FCPATH\index.php(68): CodeIgniter\CodeIgniter->run()
CRITICAL - 2023-09-30 14:20:48 --> Trying to access array offset on value of type null
in APPPATH\Controllers\Home.php on line 466.
 1 APPPATH\Controllers\Home.php(466): CodeIgniter\Debug\Exceptions->errorHandler(2, 'Trying to access array offset on value of type null', 'C:\\xampp\\htdocs\\babana\\app\\Controllers\\Home.php', 466)
 2 SYSTEMPATH\CodeIgniter.php(932): App\Controllers\Home->saveOrder()
 3 SYSTEMPATH\CodeIgniter.php(497): CodeIgniter\CodeIgniter->runController(Object(App\Controllers\Home))
 4 SYSTEMPATH\CodeIgniter.php(366): CodeIgniter\CodeIgniter->handleRequest(null, Object(Config\Cache), false)
 5 FCPATH\index.php(68): CodeIgniter\CodeIgniter->run()
WARNING - 2023-09-30 14:21:14 --> [DEPRECATED] json_decode(): Passing null to parameter #1 ($json) of type string is deprecated in APPPATH\Controllers\Home.php on line 457.
 1 APPPATH\Controllers\Home.php(457): json_decode(null, true)
 2 SYSTEMPATH\CodeIgniter.php(932): App\Controllers\Home->saveOrder()
 3 SYSTEMPATH\CodeIgniter.php(497): CodeIgniter\CodeIgniter->runController(Object(App\Controllers\Home))
 4 SYSTEMPATH\CodeIgniter.php(366): CodeIgniter\CodeIgniter->handleRequest(null, Object(Config\Cache), false)
 5 FCPATH\index.php(68): CodeIgniter\CodeIgniter->run()
CRITICAL - 2023-09-30 14:21:14 --> Trying to access array offset on value of type null
in APPPATH\Controllers\Home.php on line 466.
 1 APPPATH\Controllers\Home.php(466): CodeIgniter\Debug\Exceptions->errorHandler(2, 'Trying to access array offset on value of type null', 'C:\\xampp\\htdocs\\babana\\app\\Controllers\\Home.php', 466)
 2 SYSTEMPATH\CodeIgniter.php(932): App\Controllers\Home->saveOrder()
 3 SYSTEMPATH\CodeIgniter.php(497): CodeIgniter\CodeIgniter->runController(Object(App\Controllers\Home))
 4 SYSTEMPATH\CodeIgniter.php(366): CodeIgniter\CodeIgniter->handleRequest(null, Object(Config\Cache), false)
 5 FCPATH\index.php(68): CodeIgniter\CodeIgniter->run()
CRITICAL - 2023-09-30 14:21:14 --> Undefined array key "total"
in APPPATH\Controllers\Home.php on line 466.
 1 APPPATH\Controllers\Home.php(466): CodeIgniter\Debug\Exceptions->errorHandler(2, 'Undefined array key "total"', 'C:\\xampp\\htdocs\\babana\\app\\Controllers\\Home.php', 466)
 2 SYSTEMPATH\CodeIgniter.php(932): App\Controllers\Home->saveOrder()
 3 SYSTEMPATH\CodeIgniter.php(497): CodeIgniter\CodeIgniter->runController(Object(App\Controllers\Home))
 4 SYSTEMPATH\CodeIgniter.php(366): CodeIgniter\CodeIgniter->handleRequest(null, Object(Config\Cache), false)
 5 FCPATH\index.php(68): CodeIgniter\CodeIgniter->run()
WARNING - 2023-09-30 14:21:55 --> [DEPRECATED] json_decode(): Passing null to parameter #1 ($json) of type string is deprecated in APPPATH\Controllers\Home.php on line 457.
 1 APPPATH\Controllers\Home.php(457): json_decode(null, true)
 2 SYSTEMPATH\CodeIgniter.php(932): App\Controllers\Home->saveOrder()
 3 SYSTEMPATH\CodeIgniter.php(497): CodeIgniter\CodeIgniter->runController(Object(App\Controllers\Home))
 4 SYSTEMPATH\CodeIgniter.php(366): CodeIgniter\CodeIgniter->handleRequest(null, Object(Config\Cache), false)
 5 FCPATH\index.php(68): CodeIgniter\CodeIgniter->run()
CRITICAL - 2023-09-30 14:21:55 --> Trying to access array offset on value of type null
in APPPATH\Controllers\Home.php on line 466.
 1 APPPATH\Controllers\Home.php(466): CodeIgniter\Debug\Exceptions->errorHandler(2, 'Trying to access array offset on value of type null', 'C:\\xampp\\htdocs\\babana\\app\\Controllers\\Home.php', 466)
 2 SYSTEMPATH\CodeIgniter.php(932): App\Controllers\Home->saveOrder()
 3 SYSTEMPATH\CodeIgniter.php(497): CodeIgniter\CodeIgniter->runController(Object(App\Controllers\Home))
 4 SYSTEMPATH\CodeIgniter.php(366): CodeIgniter\CodeIgniter->handleRequest(null, Object(Config\Cache), false)
 5 FCPATH\index.php(68): CodeIgniter\CodeIgniter->run()
WARNING - 2023-09-30 14:22:26 --> [DEPRECATED] json_decode(): Passing null to parameter #1 ($json) of type string is deprecated in APPPATH\Controllers\Home.php on line 457.
 1 APPPATH\Controllers\Home.php(457): json_decode(null, true)
 2 SYSTEMPATH\CodeIgniter.php(932): App\Controllers\Home->saveOrder()
 3 SYSTEMPATH\CodeIgniter.php(497): CodeIgniter\CodeIgniter->runController(Object(App\Controllers\Home))
 4 SYSTEMPATH\CodeIgniter.php(366): CodeIgniter\CodeIgniter->handleRequest(null, Object(Config\Cache), false)
 5 FCPATH\index.php(68): CodeIgniter\CodeIgniter->run()
CRITICAL - 2023-09-30 14:22:26 --> Trying to access array offset on value of type null
in APPPATH\Controllers\Home.php on line 466.
 1 APPPATH\Controllers\Home.php(466): CodeIgniter\Debug\Exceptions->errorHandler(2, 'Trying to access array offset on value of type null', 'C:\\xampp\\htdocs\\babana\\app\\Controllers\\Home.php', 466)
 2 SYSTEMPATH\CodeIgniter.php(932): App\Controllers\Home->saveOrder()
 3 SYSTEMPATH\CodeIgniter.php(497): CodeIgniter\CodeIgniter->runController(Object(App\Controllers\Home))
 4 SYSTEMPATH\CodeIgniter.php(366): CodeIgniter\CodeIgniter->handleRequest(null, Object(Config\Cache), false)
 5 FCPATH\index.php(68): CodeIgniter\CodeIgniter->run()
WARNING - 2023-09-30 14:23:27 --> [DEPRECATED] json_decode(): Passing null to parameter #1 ($json) of type string is deprecated in APPPATH\Controllers\Home.php on line 457.
 1 APPPATH\Controllers\Home.php(457): json_decode(null, true)
 2 SYSTEMPATH\CodeIgniter.php(932): App\Controllers\Home->saveOrder()
 3 SYSTEMPATH\CodeIgniter.php(497): CodeIgniter\CodeIgniter->runController(Object(App\Controllers\Home))
 4 SYSTEMPATH\CodeIgniter.php(366): CodeIgniter\CodeIgniter->handleRequest(null, Object(Config\Cache), false)
 5 FCPATH\index.php(68): CodeIgniter\CodeIgniter->run()
WARNING - 2023-09-30 14:23:51 --> [DEPRECATED] json_decode(): Passing null to parameter #1 ($json) of type string is deprecated in APPPATH\Controllers\Home.php on line 457.
 1 APPPATH\Controllers\Home.php(457): json_decode(null, true)
 2 SYSTEMPATH\CodeIgniter.php(932): App\Controllers\Home->saveOrder()
 3 SYSTEMPATH\CodeIgniter.php(497): CodeIgniter\CodeIgniter->runController(Object(App\Controllers\Home))
 4 SYSTEMPATH\CodeIgniter.php(366): CodeIgniter\CodeIgniter->handleRequest(null, Object(Config\Cache), false)
 5 FCPATH\index.php(68): CodeIgniter\CodeIgniter->run()
WARNING - 2023-09-30 14:24:16 --> [DEPRECATED] json_decode(): Passing null to parameter #1 ($json) of type string is deprecated in APPPATH\Controllers\Home.php on line 457.
 1 APPPATH\Controllers\Home.php(457): json_decode(null, true)
 2 SYSTEMPATH\CodeIgniter.php(932): App\Controllers\Home->saveOrder()
 3 SYSTEMPATH\CodeIgniter.php(497): CodeIgniter\CodeIgniter->runController(Object(App\Controllers\Home))
 4 SYSTEMPATH\CodeIgniter.php(366): CodeIgniter\CodeIgniter->handleRequest(null, Object(Config\Cache), false)
 5 FCPATH\index.php(68): CodeIgniter\CodeIgniter->run()
WARNING - 2023-09-30 14:24:36 --> [DEPRECATED] json_decode(): Passing null to parameter #1 ($json) of type string is deprecated in APPPATH\Controllers\Home.php on line 457.
 1 APPPATH\Controllers\Home.php(457): json_decode(null, true)
 2 SYSTEMPATH\CodeIgniter.php(932): App\Controllers\Home->saveOrder()
 3 SYSTEMPATH\CodeIgniter.php(497): CodeIgniter\CodeIgniter->runController(Object(App\Controllers\Home))
 4 SYSTEMPATH\CodeIgniter.php(366): CodeIgniter\CodeIgniter->handleRequest(null, Object(Config\Cache), false)
 5 FCPATH\index.php(68): CodeIgniter\CodeIgniter->run()
WARNING - 2023-09-30 14:25:31 --> [DEPRECATED] json_decode(): Passing null to parameter #1 ($json) of type string is deprecated in APPPATH\Controllers\Home.php on line 457.
 1 APPPATH\Controllers\Home.php(457): json_decode(null, true)
 2 SYSTEMPATH\CodeIgniter.php(932): App\Controllers\Home->saveOrder()
 3 SYSTEMPATH\CodeIgniter.php(497): CodeIgniter\CodeIgniter->runController(Object(App\Controllers\Home))
 4 SYSTEMPATH\CodeIgniter.php(366): CodeIgniter\CodeIgniter->handleRequest(null, Object(Config\Cache), false)
 5 FCPATH\index.php(68): CodeIgniter\CodeIgniter->run()
CRITICAL - 2023-09-30 14:25:31 --> Trying to access array offset on value of type null
in APPPATH\Controllers\Home.php on line 459.
 1 APPPATH\Controllers\Home.php(459): CodeIgniter\Debug\Exceptions->errorHandler(2, 'Trying to access array offset on value of type null', 'C:\\xampp\\htdocs\\babana\\app\\Controllers\\Home.php', 459)
 2 SYSTEMPATH\CodeIgniter.php(932): App\Controllers\Home->saveOrder()
 3 SYSTEMPATH\CodeIgniter.php(497): CodeIgniter\CodeIgniter->runController(Object(App\Controllers\Home))
 4 SYSTEMPATH\CodeIgniter.php(366): CodeIgniter\CodeIgniter->handleRequest(null, Object(Config\Cache), false)
 5 FCPATH\index.php(68): CodeIgniter\CodeIgniter->run()
