CRITICAL - 2023-09-06 09:43:03 --> Cannot use App\Models\AreaModel as AreaModel because the name is already in use
in APPPATH\Controllers\Home.php on line 12.
 1 [internal function]: CodeIgniter\Debug\Exceptions->shutdownHandler()
CRITICAL - 2023-09-06 09:44:00 --> Cannot use App\Models\AreaModel as AreaModel because the name is already in use
in APPPATH\Controllers\Home.php on line 12.
 1 [internal function]: CodeIgniter\Debug\Exceptions->shutdownHandler()
CRITICAL - 2023-09-06 09:45:18 --> Cannot use App\Models\AreaModel as AreaModel because the name is already in use
in APPPATH\Controllers\Home.php on line 12.
 1 [internal function]: CodeIgniter\Debug\Exceptions->shutdownHandler()
CRITICAL - 2023-09-06 09:46:06 --> Cannot use App\Models\AreaModel as AreaModel because the name is already in use
in APPPATH\Controllers\Home.php on line 12.
 1 [internal function]: CodeIgniter\Debug\Exceptions->shutdownHandler()
CRITICAL - 2023-09-06 09:46:07 --> Cannot use App\Models\AreaModel as AreaModel because the name is already in use
in APPPATH\Controllers\Home.php on line 12.
 1 [internal function]: CodeIgniter\Debug\Exceptions->shutdownHandler()
CRITICAL - 2023-09-06 09:46:18 --> Cannot use App\Models\AreaModel as AreaModel because the name is already in use
in APPPATH\Controllers\Home.php on line 12.
 1 [internal function]: CodeIgniter\Debug\Exceptions->shutdownHandler()
CRITICAL - 2023-09-06 09:46:18 --> Cannot use App\Models\AreaModel as AreaModel because the name is already in use
in APPPATH\Controllers\Home.php on line 12.
 1 [internal function]: CodeIgniter\Debug\Exceptions->shutdownHandler()
CRITICAL - 2023-09-06 09:46:19 --> Cannot use App\Models\AreaModel as AreaModel because the name is already in use
in APPPATH\Controllers\Home.php on line 12.
 1 [internal function]: CodeIgniter\Debug\Exceptions->shutdownHandler()
CRITICAL - 2023-09-06 09:46:50 --> Cannot use App\Models\AreaModel as AreaModel because the name is already in use
in APPPATH\Controllers\Home.php on line 12.
 1 [internal function]: CodeIgniter\Debug\Exceptions->shutdownHandler()
CRITICAL - 2023-09-06 09:46:51 --> Cannot use App\Models\AreaModel as AreaModel because the name is already in use
in APPPATH\Controllers\Home.php on line 12.
 1 [internal function]: CodeIgniter\Debug\Exceptions->shutdownHandler()
CRITICAL - 2023-09-06 09:46:51 --> Cannot use App\Models\AreaModel as AreaModel because the name is already in use
in APPPATH\Controllers\Home.php on line 12.
 1 [internal function]: CodeIgniter\Debug\Exceptions->shutdownHandler()
CRITICAL - 2023-09-06 09:47:04 --> Cannot use App\Models\AreaModel as AreaModel because the name is already in use
in APPPATH\Controllers\Home.php on line 12.
 1 [internal function]: CodeIgniter\Debug\Exceptions->shutdownHandler()
CRITICAL - 2023-09-06 09:47:05 --> Cannot use App\Models\AreaModel as AreaModel because the name is already in use
in APPPATH\Controllers\Home.php on line 12.
 1 [internal function]: CodeIgniter\Debug\Exceptions->shutdownHandler()
CRITICAL - 2023-09-06 09:47:05 --> Cannot use App\Models\AreaModel as AreaModel because the name is already in use
in APPPATH\Controllers\Home.php on line 12.
 1 [internal function]: CodeIgniter\Debug\Exceptions->shutdownHandler()
CRITICAL - 2023-09-06 09:47:06 --> Cannot use App\Models\AreaModel as AreaModel because the name is already in use
in APPPATH\Controllers\Home.php on line 12.
 1 [internal function]: CodeIgniter\Debug\Exceptions->shutdownHandler()
CRITICAL - 2023-09-06 09:47:15 --> Undefined property: stdClass::$table_order_name
in APPPATH\Controllers\Home.php on line 65.
 1 APPPATH\Controllers\Home.php(65): CodeIgniter\Debug\Exceptions->errorHandler(2, 'Undefined property: stdClass::$table_order_name', 'C:\\xampp\\htdocs\\babana\\app\\Controllers\\Home.php', 65)
 2 SYSTEMPATH\CodeIgniter.php(932): App\Controllers\Home->index()
 3 SYSTEMPATH\CodeIgniter.php(497): CodeIgniter\CodeIgniter->runController(Object(App\Controllers\Home))
 4 SYSTEMPATH\CodeIgniter.php(366): CodeIgniter\CodeIgniter->handleRequest(null, Object(Config\Cache), false)
 5 FCPATH\index.php(68): CodeIgniter\CodeIgniter->run()
CRITICAL - 2023-09-06 09:47:16 --> Undefined property: stdClass::$table_order_name
in APPPATH\Controllers\Home.php on line 65.
 1 APPPATH\Controllers\Home.php(65): CodeIgniter\Debug\Exceptions->errorHandler(2, 'Undefined property: stdClass::$table_order_name', 'C:\\xampp\\htdocs\\babana\\app\\Controllers\\Home.php', 65)
 2 SYSTEMPATH\CodeIgniter.php(932): App\Controllers\Home->index()
 3 SYSTEMPATH\CodeIgniter.php(497): CodeIgniter\CodeIgniter->runController(Object(App\Controllers\Home))
 4 SYSTEMPATH\CodeIgniter.php(366): CodeIgniter\CodeIgniter->handleRequest(null, Object(Config\Cache), false)
 5 FCPATH\index.php(68): CodeIgniter\CodeIgniter->run()
CRITICAL - 2023-09-06 09:47:16 --> Undefined property: stdClass::$table_order_name
in APPPATH\Controllers\Home.php on line 65.
 1 APPPATH\Controllers\Home.php(65): CodeIgniter\Debug\Exceptions->errorHandler(2, 'Undefined property: stdClass::$table_order_name', 'C:\\xampp\\htdocs\\babana\\app\\Controllers\\Home.php', 65)
 2 SYSTEMPATH\CodeIgniter.php(932): App\Controllers\Home->index()
 3 SYSTEMPATH\CodeIgniter.php(497): CodeIgniter\CodeIgniter->runController(Object(App\Controllers\Home))
 4 SYSTEMPATH\CodeIgniter.php(366): CodeIgniter\CodeIgniter->handleRequest(null, Object(Config\Cache), false)
 5 FCPATH\index.php(68): CodeIgniter\CodeIgniter->run()
CRITICAL - 2023-09-06 09:47:16 --> Undefined property: stdClass::$table_order_name
in APPPATH\Controllers\Home.php on line 65.
 1 APPPATH\Controllers\Home.php(65): CodeIgniter\Debug\Exceptions->errorHandler(2, 'Undefined property: stdClass::$table_order_name', 'C:\\xampp\\htdocs\\babana\\app\\Controllers\\Home.php', 65)
 2 SYSTEMPATH\CodeIgniter.php(932): App\Controllers\Home->index()
 3 SYSTEMPATH\CodeIgniter.php(497): CodeIgniter\CodeIgniter->runController(Object(App\Controllers\Home))
 4 SYSTEMPATH\CodeIgniter.php(366): CodeIgniter\CodeIgniter->handleRequest(null, Object(Config\Cache), false)
 5 FCPATH\index.php(68): CodeIgniter\CodeIgniter->run()
CRITICAL - 2023-09-06 09:47:16 --> Undefined property: stdClass::$table_order_name
in APPPATH\Controllers\Home.php on line 65.
 1 APPPATH\Controllers\Home.php(65): CodeIgniter\Debug\Exceptions->errorHandler(2, 'Undefined property: stdClass::$table_order_name', 'C:\\xampp\\htdocs\\babana\\app\\Controllers\\Home.php', 65)
 2 SYSTEMPATH\CodeIgniter.php(932): App\Controllers\Home->index()
 3 SYSTEMPATH\CodeIgniter.php(497): CodeIgniter\CodeIgniter->runController(Object(App\Controllers\Home))
 4 SYSTEMPATH\CodeIgniter.php(366): CodeIgniter\CodeIgniter->handleRequest(null, Object(Config\Cache), false)
 5 FCPATH\index.php(68): CodeIgniter\CodeIgniter->run()
CRITICAL - 2023-09-06 09:47:22 --> Undefined property: stdClass::$table_order_name
in APPPATH\Controllers\Home.php on line 65.
 1 APPPATH\Controllers\Home.php(65): CodeIgniter\Debug\Exceptions->errorHandler(2, 'Undefined property: stdClass::$table_order_name', 'C:\\xampp\\htdocs\\babana\\app\\Controllers\\Home.php', 65)
 2 SYSTEMPATH\CodeIgniter.php(932): App\Controllers\Home->index()
 3 SYSTEMPATH\CodeIgniter.php(497): CodeIgniter\CodeIgniter->runController(Object(App\Controllers\Home))
 4 SYSTEMPATH\CodeIgniter.php(366): CodeIgniter\CodeIgniter->handleRequest(null, Object(Config\Cache), false)
 5 FCPATH\index.php(68): CodeIgniter\CodeIgniter->run()
CRITICAL - 2023-09-06 09:47:23 --> Undefined property: stdClass::$table_order_name
in APPPATH\Controllers\Home.php on line 65.
 1 APPPATH\Controllers\Home.php(65): CodeIgniter\Debug\Exceptions->errorHandler(2, 'Undefined property: stdClass::$table_order_name', 'C:\\xampp\\htdocs\\babana\\app\\Controllers\\Home.php', 65)
 2 SYSTEMPATH\CodeIgniter.php(932): App\Controllers\Home->index()
 3 SYSTEMPATH\CodeIgniter.php(497): CodeIgniter\CodeIgniter->runController(Object(App\Controllers\Home))
 4 SYSTEMPATH\CodeIgniter.php(366): CodeIgniter\CodeIgniter->handleRequest(null, Object(Config\Cache), false)
 5 FCPATH\index.php(68): CodeIgniter\CodeIgniter->run()
CRITICAL - 2023-09-06 09:47:23 --> Undefined property: stdClass::$table_order_name
in APPPATH\Controllers\Home.php on line 65.
 1 APPPATH\Controllers\Home.php(65): CodeIgniter\Debug\Exceptions->errorHandler(2, 'Undefined property: stdClass::$table_order_name', 'C:\\xampp\\htdocs\\babana\\app\\Controllers\\Home.php', 65)
 2 SYSTEMPATH\CodeIgniter.php(932): App\Controllers\Home->index()
 3 SYSTEMPATH\CodeIgniter.php(497): CodeIgniter\CodeIgniter->runController(Object(App\Controllers\Home))
 4 SYSTEMPATH\CodeIgniter.php(366): CodeIgniter\CodeIgniter->handleRequest(null, Object(Config\Cache), false)
 5 FCPATH\index.php(68): CodeIgniter\CodeIgniter->run()
CRITICAL - 2023-09-06 09:47:35 --> Undefined property: stdClass::$table_order_name
in APPPATH\Controllers\Home.php on line 65.
 1 APPPATH\Controllers\Home.php(65): CodeIgniter\Debug\Exceptions->errorHandler(2, 'Undefined property: stdClass::$table_order_name', 'C:\\xampp\\htdocs\\babana\\app\\Controllers\\Home.php', 65)
 2 SYSTEMPATH\CodeIgniter.php(932): App\Controllers\Home->index()
 3 SYSTEMPATH\CodeIgniter.php(497): CodeIgniter\CodeIgniter->runController(Object(App\Controllers\Home))
 4 SYSTEMPATH\CodeIgniter.php(366): CodeIgniter\CodeIgniter->handleRequest(null, Object(Config\Cache), false)
 5 FCPATH\index.php(68): CodeIgniter\CodeIgniter->run()
CRITICAL - 2023-09-06 09:48:32 --> Undefined property: stdClass::$table_order_name
in APPPATH\Controllers\Home.php on line 65.
 1 APPPATH\Controllers\Home.php(65): CodeIgniter\Debug\Exceptions->errorHandler(2, 'Undefined property: stdClass::$table_order_name', 'C:\\xampp\\htdocs\\babana\\app\\Controllers\\Home.php', 65)
 2 SYSTEMPATH\CodeIgniter.php(932): App\Controllers\Home->index()
 3 SYSTEMPATH\CodeIgniter.php(497): CodeIgniter\CodeIgniter->runController(Object(App\Controllers\Home))
 4 SYSTEMPATH\CodeIgniter.php(366): CodeIgniter\CodeIgniter->handleRequest(null, Object(Config\Cache), false)
 5 FCPATH\index.php(68): CodeIgniter\CodeIgniter->run()
CRITICAL - 2023-09-06 09:48:44 --> Undefined property: stdClass::$table_order_name
in APPPATH\Controllers\Home.php on line 65.
 1 APPPATH\Controllers\Home.php(65): CodeIgniter\Debug\Exceptions->errorHandler(2, 'Undefined property: stdClass::$table_order_name', 'C:\\xampp\\htdocs\\babana\\app\\Controllers\\Home.php', 65)
 2 SYSTEMPATH\CodeIgniter.php(932): App\Controllers\Home->index()
 3 SYSTEMPATH\CodeIgniter.php(497): CodeIgniter\CodeIgniter->runController(Object(App\Controllers\Home))
 4 SYSTEMPATH\CodeIgniter.php(366): CodeIgniter\CodeIgniter->handleRequest(null, Object(Config\Cache), false)
 5 FCPATH\index.php(68): CodeIgniter\CodeIgniter->run()
CRITICAL - 2023-09-06 09:48:45 --> Undefined property: stdClass::$table_order_name
in APPPATH\Controllers\Home.php on line 65.
 1 APPPATH\Controllers\Home.php(65): CodeIgniter\Debug\Exceptions->errorHandler(2, 'Undefined property: stdClass::$table_order_name', 'C:\\xampp\\htdocs\\babana\\app\\Controllers\\Home.php', 65)
 2 SYSTEMPATH\CodeIgniter.php(932): App\Controllers\Home->index()
 3 SYSTEMPATH\CodeIgniter.php(497): CodeIgniter\CodeIgniter->runController(Object(App\Controllers\Home))
 4 SYSTEMPATH\CodeIgniter.php(366): CodeIgniter\CodeIgniter->handleRequest(null, Object(Config\Cache), false)
 5 FCPATH\index.php(68): CodeIgniter\CodeIgniter->run()
CRITICAL - 2023-09-06 09:48:46 --> Undefined property: stdClass::$table_order_name
in APPPATH\Controllers\Home.php on line 65.
 1 APPPATH\Controllers\Home.php(65): CodeIgniter\Debug\Exceptions->errorHandler(2, 'Undefined property: stdClass::$table_order_name', 'C:\\xampp\\htdocs\\babana\\app\\Controllers\\Home.php', 65)
 2 SYSTEMPATH\CodeIgniter.php(932): App\Controllers\Home->index()
 3 SYSTEMPATH\CodeIgniter.php(497): CodeIgniter\CodeIgniter->runController(Object(App\Controllers\Home))
 4 SYSTEMPATH\CodeIgniter.php(366): CodeIgniter\CodeIgniter->handleRequest(null, Object(Config\Cache), false)
 5 FCPATH\index.php(68): CodeIgniter\CodeIgniter->run()
CRITICAL - 2023-09-06 09:49:00 --> Undefined property: stdClass::$table_order_name
in APPPATH\Controllers\Home.php on line 65.
 1 APPPATH\Controllers\Home.php(65): CodeIgniter\Debug\Exceptions->errorHandler(2, 'Undefined property: stdClass::$table_order_name', 'C:\\xampp\\htdocs\\babana\\app\\Controllers\\Home.php', 65)
 2 SYSTEMPATH\CodeIgniter.php(932): App\Controllers\Home->index()
 3 SYSTEMPATH\CodeIgniter.php(497): CodeIgniter\CodeIgniter->runController(Object(App\Controllers\Home))
 4 SYSTEMPATH\CodeIgniter.php(366): CodeIgniter\CodeIgniter->handleRequest(null, Object(Config\Cache), false)
 5 FCPATH\index.php(68): CodeIgniter\CodeIgniter->run()
CRITICAL - 2023-09-06 09:49:11 --> Undefined property: stdClass::$table_order_name
in APPPATH\Controllers\Home.php on line 65.
 1 APPPATH\Controllers\Home.php(65): CodeIgniter\Debug\Exceptions->errorHandler(2, 'Undefined property: stdClass::$table_order_name', 'C:\\xampp\\htdocs\\babana\\app\\Controllers\\Home.php', 65)
 2 SYSTEMPATH\CodeIgniter.php(932): App\Controllers\Home->index()
 3 SYSTEMPATH\CodeIgniter.php(497): CodeIgniter\CodeIgniter->runController(Object(App\Controllers\Home))
 4 SYSTEMPATH\CodeIgniter.php(366): CodeIgniter\CodeIgniter->handleRequest(null, Object(Config\Cache), false)
 5 FCPATH\index.php(68): CodeIgniter\CodeIgniter->run()
CRITICAL - 2023-09-06 09:49:12 --> Undefined property: stdClass::$table_order_name
in APPPATH\Controllers\Home.php on line 65.
 1 APPPATH\Controllers\Home.php(65): CodeIgniter\Debug\Exceptions->errorHandler(2, 'Undefined property: stdClass::$table_order_name', 'C:\\xampp\\htdocs\\babana\\app\\Controllers\\Home.php', 65)
 2 SYSTEMPATH\CodeIgniter.php(932): App\Controllers\Home->index()
 3 SYSTEMPATH\CodeIgniter.php(497): CodeIgniter\CodeIgniter->runController(Object(App\Controllers\Home))
 4 SYSTEMPATH\CodeIgniter.php(366): CodeIgniter\CodeIgniter->handleRequest(null, Object(Config\Cache), false)
 5 FCPATH\index.php(68): CodeIgniter\CodeIgniter->run()
