CRITICAL - 2023-08-30 08:36:09 --> Class "App\Models\ProductModel" not found
in APPPATH\Controllers\Products.php on line 14.
 1 SYSTEMPATH\CodeIgniter.php(932): App\Controllers\Products->index()
 2 SYSTEMPATH\CodeIgniter.php(497): CodeIgniter\CodeIgniter->runController(Object(App\Controllers\Products))
 3 SYSTEMPATH\CodeIgniter.php(366): CodeIgniter\CodeIgniter->handleRequest(null, Object(Config\Cache), false)
 4 FCPATH\index.php(68): CodeIgniter\CodeIgniter->run()
CRITICAL - 2023-08-30 08:36:09 --> Class "App\Models\ProductModel" not found
in APPPATH\Controllers\Products.php on line 14.
 1 SYSTEMPATH\CodeIgniter.php(932): App\Controllers\Products->index()
 2 SYSTEMPATH\CodeIgniter.php(497): CodeIgniter\CodeIgniter->runController(Object(App\Controllers\Products))
 3 SYSTEMPATH\CodeIgniter.php(366): CodeIgniter\CodeIgniter->handleRequest(null, Object(Config\Cache), false)
 4 FCPATH\index.php(68): CodeIgniter\CodeIgniter->run()
CRITICAL - 2023-08-30 08:36:13 --> Class "App\Models\ProductModel" not found
in APPPATH\Controllers\Products.php on line 14.
 1 SYSTEMPATH\CodeIgniter.php(932): App\Controllers\Products->index()
 2 SYSTEMPATH\CodeIgniter.php(497): CodeIgniter\CodeIgniter->runController(Object(App\Controllers\Products))
 3 SYSTEMPATH\CodeIgniter.php(366): CodeIgniter\CodeIgniter->handleRequest(null, Object(Config\Cache), false)
 4 FCPATH\index.php(68): CodeIgniter\CodeIgniter->run()
CRITICAL - 2023-08-30 08:36:13 --> Class "App\Models\ProductModel" not found
in APPPATH\Controllers\Products.php on line 14.
 1 SYSTEMPATH\CodeIgniter.php(932): App\Controllers\Products->index()
 2 SYSTEMPATH\CodeIgniter.php(497): CodeIgniter\CodeIgniter->runController(Object(App\Controllers\Products))
 3 SYSTEMPATH\CodeIgniter.php(366): CodeIgniter\CodeIgniter->handleRequest(null, Object(Config\Cache), false)
 4 FCPATH\index.php(68): CodeIgniter\CodeIgniter->run()
CRITICAL - 2023-08-30 08:36:20 --> Class "App\Models\ProductModel" not found
in APPPATH\Controllers\Products.php on line 14.
 1 SYSTEMPATH\CodeIgniter.php(932): App\Controllers\Products->index()
 2 SYSTEMPATH\CodeIgniter.php(497): CodeIgniter\CodeIgniter->runController(Object(App\Controllers\Products))
 3 SYSTEMPATH\CodeIgniter.php(366): CodeIgniter\CodeIgniter->handleRequest(null, Object(Config\Cache), false)
 4 FCPATH\index.php(68): CodeIgniter\CodeIgniter->run()
CRITICAL - 2023-08-30 08:36:21 --> Class "App\Models\ProductModel" not found
in APPPATH\Controllers\Products.php on line 14.
 1 SYSTEMPATH\CodeIgniter.php(932): App\Controllers\Products->index()
 2 SYSTEMPATH\CodeIgniter.php(497): CodeIgniter\CodeIgniter->runController(Object(App\Controllers\Products))
 3 SYSTEMPATH\CodeIgniter.php(366): CodeIgniter\CodeIgniter->handleRequest(null, Object(Config\Cache), false)
 4 FCPATH\index.php(68): CodeIgniter\CodeIgniter->run()
CRITICAL - 2023-08-30 08:36:24 --> Class "App\Models\ProductModel" not found
in APPPATH\Controllers\Products.php on line 14.
 1 SYSTEMPATH\CodeIgniter.php(932): App\Controllers\Products->index()
 2 SYSTEMPATH\CodeIgniter.php(497): CodeIgniter\CodeIgniter->runController(Object(App\Controllers\Products))
 3 SYSTEMPATH\CodeIgniter.php(366): CodeIgniter\CodeIgniter->handleRequest(null, Object(Config\Cache), false)
 4 FCPATH\index.php(68): CodeIgniter\CodeIgniter->run()
CRITICAL - 2023-08-30 08:36:24 --> Class "App\Models\ProductModel" not found
in APPPATH\Controllers\Products.php on line 14.
 1 SYSTEMPATH\CodeIgniter.php(932): App\Controllers\Products->index()
 2 SYSTEMPATH\CodeIgniter.php(497): CodeIgniter\CodeIgniter->runController(Object(App\Controllers\Products))
 3 SYSTEMPATH\CodeIgniter.php(366): CodeIgniter\CodeIgniter->handleRequest(null, Object(Config\Cache), false)
 4 FCPATH\index.php(68): CodeIgniter\CodeIgniter->run()
CRITICAL - 2023-08-30 08:36:25 --> Class "App\Models\ProductModel" not found
in APPPATH\Controllers\Products.php on line 14.
 1 SYSTEMPATH\CodeIgniter.php(932): App\Controllers\Products->index()
 2 SYSTEMPATH\CodeIgniter.php(497): CodeIgniter\CodeIgniter->runController(Object(App\Controllers\Products))
 3 SYSTEMPATH\CodeIgniter.php(366): CodeIgniter\CodeIgniter->handleRequest(null, Object(Config\Cache), false)
 4 FCPATH\index.php(68): CodeIgniter\CodeIgniter->run()
CRITICAL - 2023-08-30 08:36:25 --> Class "App\Models\ProductModel" not found
in APPPATH\Controllers\Products.php on line 14.
 1 SYSTEMPATH\CodeIgniter.php(932): App\Controllers\Products->index()
 2 SYSTEMPATH\CodeIgniter.php(497): CodeIgniter\CodeIgniter->runController(Object(App\Controllers\Products))
 3 SYSTEMPATH\CodeIgniter.php(366): CodeIgniter\CodeIgniter->handleRequest(null, Object(Config\Cache), false)
 4 FCPATH\index.php(68): CodeIgniter\CodeIgniter->run()
CRITICAL - 2023-08-30 08:36:26 --> Class "App\Models\ProductModel" not found
in APPPATH\Controllers\Products.php on line 14.
 1 SYSTEMPATH\CodeIgniter.php(932): App\Controllers\Products->index()
 2 SYSTEMPATH\CodeIgniter.php(497): CodeIgniter\CodeIgniter->runController(Object(App\Controllers\Products))
 3 SYSTEMPATH\CodeIgniter.php(366): CodeIgniter\CodeIgniter->handleRequest(null, Object(Config\Cache), false)
 4 FCPATH\index.php(68): CodeIgniter\CodeIgniter->run()
CRITICAL - 2023-08-30 08:36:26 --> Class "App\Models\ProductModel" not found
in APPPATH\Controllers\Products.php on line 14.
 1 SYSTEMPATH\CodeIgniter.php(932): App\Controllers\Products->index()
 2 SYSTEMPATH\CodeIgniter.php(497): CodeIgniter\CodeIgniter->runController(Object(App\Controllers\Products))
 3 SYSTEMPATH\CodeIgniter.php(366): CodeIgniter\CodeIgniter->handleRequest(null, Object(Config\Cache), false)
 4 FCPATH\index.php(68): CodeIgniter\CodeIgniter->run()
CRITICAL - 2023-08-30 08:36:27 --> Class "App\Models\ProductModel" not found
in APPPATH\Controllers\Products.php on line 14.
 1 SYSTEMPATH\CodeIgniter.php(932): App\Controllers\Products->index()
 2 SYSTEMPATH\CodeIgniter.php(497): CodeIgniter\CodeIgniter->runController(Object(App\Controllers\Products))
 3 SYSTEMPATH\CodeIgniter.php(366): CodeIgniter\CodeIgniter->handleRequest(null, Object(Config\Cache), false)
 4 FCPATH\index.php(68): CodeIgniter\CodeIgniter->run()
CRITICAL - 2023-08-30 08:36:27 --> Class "App\Models\ProductModel" not found
in APPPATH\Controllers\Products.php on line 14.
 1 SYSTEMPATH\CodeIgniter.php(932): App\Controllers\Products->index()
 2 SYSTEMPATH\CodeIgniter.php(497): CodeIgniter\CodeIgniter->runController(Object(App\Controllers\Products))
 3 SYSTEMPATH\CodeIgniter.php(366): CodeIgniter\CodeIgniter->handleRequest(null, Object(Config\Cache), false)
 4 FCPATH\index.php(68): CodeIgniter\CodeIgniter->run()
CRITICAL - 2023-08-30 08:36:28 --> Class "App\Models\ProductModel" not found
in APPPATH\Controllers\Products.php on line 14.
 1 SYSTEMPATH\CodeIgniter.php(932): App\Controllers\Products->index()
 2 SYSTEMPATH\CodeIgniter.php(497): CodeIgniter\CodeIgniter->runController(Object(App\Controllers\Products))
 3 SYSTEMPATH\CodeIgniter.php(366): CodeIgniter\CodeIgniter->handleRequest(null, Object(Config\Cache), false)
 4 FCPATH\index.php(68): CodeIgniter\CodeIgniter->run()
CRITICAL - 2023-08-30 08:36:28 --> Class "App\Models\ProductModel" not found
in APPPATH\Controllers\Products.php on line 14.
 1 SYSTEMPATH\CodeIgniter.php(932): App\Controllers\Products->index()
 2 SYSTEMPATH\CodeIgniter.php(497): CodeIgniter\CodeIgniter->runController(Object(App\Controllers\Products))
 3 SYSTEMPATH\CodeIgniter.php(366): CodeIgniter\CodeIgniter->handleRequest(null, Object(Config\Cache), false)
 4 FCPATH\index.php(68): CodeIgniter\CodeIgniter->run()
CRITICAL - 2023-08-30 08:36:28 --> Class "App\Models\ProductModel" not found
in APPPATH\Controllers\Products.php on line 14.
 1 SYSTEMPATH\CodeIgniter.php(932): App\Controllers\Products->index()
 2 SYSTEMPATH\CodeIgniter.php(497): CodeIgniter\CodeIgniter->runController(Object(App\Controllers\Products))
 3 SYSTEMPATH\CodeIgniter.php(366): CodeIgniter\CodeIgniter->handleRequest(null, Object(Config\Cache), false)
 4 FCPATH\index.php(68): CodeIgniter\CodeIgniter->run()
CRITICAL - 2023-08-30 08:36:28 --> Class "App\Models\ProductModel" not found
in APPPATH\Controllers\Products.php on line 14.
 1 SYSTEMPATH\CodeIgniter.php(932): App\Controllers\Products->index()
 2 SYSTEMPATH\CodeIgniter.php(497): CodeIgniter\CodeIgniter->runController(Object(App\Controllers\Products))
 3 SYSTEMPATH\CodeIgniter.php(366): CodeIgniter\CodeIgniter->handleRequest(null, Object(Config\Cache), false)
 4 FCPATH\index.php(68): CodeIgniter\CodeIgniter->run()
CRITICAL - 2023-08-30 08:36:28 --> Class "App\Models\ProductModel" not found
in APPPATH\Controllers\Products.php on line 14.
 1 SYSTEMPATH\CodeIgniter.php(932): App\Controllers\Products->index()
 2 SYSTEMPATH\CodeIgniter.php(497): CodeIgniter\CodeIgniter->runController(Object(App\Controllers\Products))
 3 SYSTEMPATH\CodeIgniter.php(366): CodeIgniter\CodeIgniter->handleRequest(null, Object(Config\Cache), false)
 4 FCPATH\index.php(68): CodeIgniter\CodeIgniter->run()
CRITICAL - 2023-08-30 08:36:28 --> Class "App\Models\ProductModel" not found
in APPPATH\Controllers\Products.php on line 14.
 1 SYSTEMPATH\CodeIgniter.php(932): App\Controllers\Products->index()
 2 SYSTEMPATH\CodeIgniter.php(497): CodeIgniter\CodeIgniter->runController(Object(App\Controllers\Products))
 3 SYSTEMPATH\CodeIgniter.php(366): CodeIgniter\CodeIgniter->handleRequest(null, Object(Config\Cache), false)
 4 FCPATH\index.php(68): CodeIgniter\CodeIgniter->run()
CRITICAL - 2023-08-30 08:36:29 --> Class "App\Models\ProductModel" not found
in APPPATH\Controllers\Products.php on line 14.
 1 SYSTEMPATH\CodeIgniter.php(932): App\Controllers\Products->index()
 2 SYSTEMPATH\CodeIgniter.php(497): CodeIgniter\CodeIgniter->runController(Object(App\Controllers\Products))
 3 SYSTEMPATH\CodeIgniter.php(366): CodeIgniter\CodeIgniter->handleRequest(null, Object(Config\Cache), false)
 4 FCPATH\index.php(68): CodeIgniter\CodeIgniter->run()
CRITICAL - 2023-08-30 08:36:29 --> Class "App\Models\ProductModel" not found
in APPPATH\Controllers\Products.php on line 14.
 1 SYSTEMPATH\CodeIgniter.php(932): App\Controllers\Products->index()
 2 SYSTEMPATH\CodeIgniter.php(497): CodeIgniter\CodeIgniter->runController(Object(App\Controllers\Products))
 3 SYSTEMPATH\CodeIgniter.php(366): CodeIgniter\CodeIgniter->handleRequest(null, Object(Config\Cache), false)
 4 FCPATH\index.php(68): CodeIgniter\CodeIgniter->run()
CRITICAL - 2023-08-30 08:36:29 --> Class "App\Models\ProductModel" not found
in APPPATH\Controllers\Products.php on line 14.
 1 SYSTEMPATH\CodeIgniter.php(932): App\Controllers\Products->index()
 2 SYSTEMPATH\CodeIgniter.php(497): CodeIgniter\CodeIgniter->runController(Object(App\Controllers\Products))
 3 SYSTEMPATH\CodeIgniter.php(366): CodeIgniter\CodeIgniter->handleRequest(null, Object(Config\Cache), false)
 4 FCPATH\index.php(68): CodeIgniter\CodeIgniter->run()
CRITICAL - 2023-08-30 08:36:29 --> Class "App\Models\ProductModel" not found
in APPPATH\Controllers\Products.php on line 14.
 1 SYSTEMPATH\CodeIgniter.php(932): App\Controllers\Products->index()
 2 SYSTEMPATH\CodeIgniter.php(497): CodeIgniter\CodeIgniter->runController(Object(App\Controllers\Products))
 3 SYSTEMPATH\CodeIgniter.php(366): CodeIgniter\CodeIgniter->handleRequest(null, Object(Config\Cache), false)
 4 FCPATH\index.php(68): CodeIgniter\CodeIgniter->run()
CRITICAL - 2023-08-30 08:36:29 --> Class "App\Models\ProductModel" not found
in APPPATH\Controllers\Products.php on line 14.
 1 SYSTEMPATH\CodeIgniter.php(932): App\Controllers\Products->index()
 2 SYSTEMPATH\CodeIgniter.php(497): CodeIgniter\CodeIgniter->runController(Object(App\Controllers\Products))
 3 SYSTEMPATH\CodeIgniter.php(366): CodeIgniter\CodeIgniter->handleRequest(null, Object(Config\Cache), false)
 4 FCPATH\index.php(68): CodeIgniter\CodeIgniter->run()
CRITICAL - 2023-08-30 08:36:29 --> Class "App\Models\ProductModel" not found
in APPPATH\Controllers\Products.php on line 14.
 1 SYSTEMPATH\CodeIgniter.php(932): App\Controllers\Products->index()
 2 SYSTEMPATH\CodeIgniter.php(497): CodeIgniter\CodeIgniter->runController(Object(App\Controllers\Products))
 3 SYSTEMPATH\CodeIgniter.php(366): CodeIgniter\CodeIgniter->handleRequest(null, Object(Config\Cache), false)
 4 FCPATH\index.php(68): CodeIgniter\CodeIgniter->run()
CRITICAL - 2023-08-30 08:36:29 --> Class "App\Models\ProductModel" not found
in APPPATH\Controllers\Products.php on line 14.
 1 SYSTEMPATH\CodeIgniter.php(932): App\Controllers\Products->index()
 2 SYSTEMPATH\CodeIgniter.php(497): CodeIgniter\CodeIgniter->runController(Object(App\Controllers\Products))
 3 SYSTEMPATH\CodeIgniter.php(366): CodeIgniter\CodeIgniter->handleRequest(null, Object(Config\Cache), false)
 4 FCPATH\index.php(68): CodeIgniter\CodeIgniter->run()
CRITICAL - 2023-08-30 08:36:29 --> Class "App\Models\ProductModel" not found
in APPPATH\Controllers\Products.php on line 14.
 1 SYSTEMPATH\CodeIgniter.php(932): App\Controllers\Products->index()
 2 SYSTEMPATH\CodeIgniter.php(497): CodeIgniter\CodeIgniter->runController(Object(App\Controllers\Products))
 3 SYSTEMPATH\CodeIgniter.php(366): CodeIgniter\CodeIgniter->handleRequest(null, Object(Config\Cache), false)
 4 FCPATH\index.php(68): CodeIgniter\CodeIgniter->run()
CRITICAL - 2023-08-30 08:36:29 --> Class "App\Models\ProductModel" not found
in APPPATH\Controllers\Products.php on line 14.
 1 SYSTEMPATH\CodeIgniter.php(932): App\Controllers\Products->index()
 2 SYSTEMPATH\CodeIgniter.php(497): CodeIgniter\CodeIgniter->runController(Object(App\Controllers\Products))
 3 SYSTEMPATH\CodeIgniter.php(366): CodeIgniter\CodeIgniter->handleRequest(null, Object(Config\Cache), false)
 4 FCPATH\index.php(68): CodeIgniter\CodeIgniter->run()
CRITICAL - 2023-08-30 08:36:30 --> Class "App\Models\ProductModel" not found
in APPPATH\Controllers\Products.php on line 14.
 1 SYSTEMPATH\CodeIgniter.php(932): App\Controllers\Products->index()
 2 SYSTEMPATH\CodeIgniter.php(497): CodeIgniter\CodeIgniter->runController(Object(App\Controllers\Products))
 3 SYSTEMPATH\CodeIgniter.php(366): CodeIgniter\CodeIgniter->handleRequest(null, Object(Config\Cache), false)
 4 FCPATH\index.php(68): CodeIgniter\CodeIgniter->run()
CRITICAL - 2023-08-30 08:36:47 --> Class "App\Models\ProductModel" not found
in APPPATH\Controllers\Products.php on line 14.
 1 SYSTEMPATH\CodeIgniter.php(932): App\Controllers\Products->index()
 2 SYSTEMPATH\CodeIgniter.php(497): CodeIgniter\CodeIgniter->runController(Object(App\Controllers\Products))
 3 SYSTEMPATH\CodeIgniter.php(366): CodeIgniter\CodeIgniter->handleRequest(null, Object(Config\Cache), false)
 4 FCPATH\index.php(68): CodeIgniter\CodeIgniter->run()
CRITICAL - 2023-08-30 08:36:47 --> Class "App\Models\ProductModel" not found
in APPPATH\Controllers\Products.php on line 14.
 1 SYSTEMPATH\CodeIgniter.php(932): App\Controllers\Products->index()
 2 SYSTEMPATH\CodeIgniter.php(497): CodeIgniter\CodeIgniter->runController(Object(App\Controllers\Products))
 3 SYSTEMPATH\CodeIgniter.php(366): CodeIgniter\CodeIgniter->handleRequest(null, Object(Config\Cache), false)
 4 FCPATH\index.php(68): CodeIgniter\CodeIgniter->run()
CRITICAL - 2023-08-30 08:40:06 --> Class "App\Models\ProductModel" not found
in APPPATH\Controllers\Products.php on line 14.
 1 SYSTEMPATH\CodeIgniter.php(932): App\Controllers\Products->index()
 2 SYSTEMPATH\CodeIgniter.php(497): CodeIgniter\CodeIgniter->runController(Object(App\Controllers\Products))
 3 SYSTEMPATH\CodeIgniter.php(366): CodeIgniter\CodeIgniter->handleRequest(null, Object(Config\Cache), false)
 4 FCPATH\index.php(68): CodeIgniter\CodeIgniter->run()
CRITICAL - 2023-08-30 08:40:06 --> Class "App\Models\ProductModel" not found
in APPPATH\Controllers\Products.php on line 14.
 1 SYSTEMPATH\CodeIgniter.php(932): App\Controllers\Products->index()
 2 SYSTEMPATH\CodeIgniter.php(497): CodeIgniter\CodeIgniter->runController(Object(App\Controllers\Products))
 3 SYSTEMPATH\CodeIgniter.php(366): CodeIgniter\CodeIgniter->handleRequest(null, Object(Config\Cache), false)
 4 FCPATH\index.php(68): CodeIgniter\CodeIgniter->run()
CRITICAL - 2023-08-30 08:40:51 --> Class "App\Models\ProductModel" not found
in APPPATH\Controllers\Products.php on line 14.
 1 SYSTEMPATH\CodeIgniter.php(932): App\Controllers\Products->index()
 2 SYSTEMPATH\CodeIgniter.php(497): CodeIgniter\CodeIgniter->runController(Object(App\Controllers\Products))
 3 SYSTEMPATH\CodeIgniter.php(366): CodeIgniter\CodeIgniter->handleRequest(null, Object(Config\Cache), false)
 4 FCPATH\index.php(68): CodeIgniter\CodeIgniter->run()
CRITICAL - 2023-08-30 08:40:51 --> Class "App\Models\ProductModel" not found
in APPPATH\Controllers\Products.php on line 14.
 1 SYSTEMPATH\CodeIgniter.php(932): App\Controllers\Products->index()
 2 SYSTEMPATH\CodeIgniter.php(497): CodeIgniter\CodeIgniter->runController(Object(App\Controllers\Products))
 3 SYSTEMPATH\CodeIgniter.php(366): CodeIgniter\CodeIgniter->handleRequest(null, Object(Config\Cache), false)
 4 FCPATH\index.php(68): CodeIgniter\CodeIgniter->run()
