CRITICAL - 2023-09-28 04:29:17 --> The framework needs the following extension(s) installed and loaded: intl.
in SYSTEMPATH\CodeIgniter.php on line 227.
 1 SYSTEMPATH\CodeIgniter.php(227): CodeIgniter\Exceptions\FrameworkException::forMissingExtension('intl')
 2 SYSTEMPATH\CodeIgniter.php(191): CodeIgniter\CodeIgniter->resolvePlatformExtensions()
 3 FCPATH\index.php(56): CodeIgniter\CodeIgniter->initialize()
CRITICAL - 2023-09-28 04:29:53 --> The framework needs the following extension(s) installed and loaded: intl.
in SYSTEMPATH\CodeIgniter.php on line 227.
 1 SYSTEMPATH\CodeIgniter.php(227): CodeIgniter\Exceptions\FrameworkException::forMissingExtension('intl')
 2 SYSTEMPATH\CodeIgniter.php(191): CodeIgniter\CodeIgniter->resolvePlatformExtensions()
 3 FCPATH\index.php(56): CodeIgniter\CodeIgniter->initialize()
CRITICAL - 2023-09-28 04:29:56 --> The framework needs the following extension(s) installed and loaded: intl.
in SYSTEMPATH\CodeIgniter.php on line 227.
 1 SYSTEMPATH\CodeIgniter.php(227): CodeIgniter\Exceptions\FrameworkException::forMissingExtension('intl')
 2 SYSTEMPATH\CodeIgniter.php(191): CodeIgniter\CodeIgniter->resolvePlatformExtensions()
 3 FCPATH\index.php(56): CodeIgniter\CodeIgniter->initialize()
ERROR - 2023-09-28 02:30:02 --> Error connecting to the database: mysqli_sql_exception: Unknown database 'babana' in C:\xampp\htdocs\babana\system\Database\MySQLi\Connection.php:174
Stack trace:
#0 C:\xampp\htdocs\babana\system\Database\MySQLi\Connection.php(174): mysqli->real_connect('localhost', 'tandoan', '_TanDoan@2023', 'babana', '3306', '', 0)
#1 C:\xampp\htdocs\babana\system\Database\BaseConnection.php(391): CodeIgniter\Database\MySQLi\Connection->connect(false)
#2 C:\xampp\htdocs\babana\system\Database\BaseConnection.php(574): CodeIgniter\Database\BaseConnection->initialize()
#3 C:\xampp\htdocs\babana\system\Database\BaseBuilder.php(1616): CodeIgniter\Database\BaseConnection->query('SELECT `table_i...', Array, false)
#4 C:\xampp\htdocs\babana\app\Models\TableOrderModel.php(51): CodeIgniter\Database\BaseBuilder->get()
#5 C:\xampp\htdocs\babana\app\Controllers\Home.php(197): App\Models\TableOrderModel->readAll('table_order_nam...')
#6 C:\xampp\htdocs\babana\system\CodeIgniter.php(932): App\Controllers\Home->getOptionsOfOrderGrid()
#7 C:\xampp\htdocs\babana\system\CodeIgniter.php(497): CodeIgniter\CodeIgniter->runController(Object(App\Controllers\Home))
#8 C:\xampp\htdocs\babana\system\CodeIgniter.php(366): CodeIgniter\CodeIgniter->handleRequest(NULL, Object(Config\Cache), false)
#9 C:\xampp\htdocs\babana\index.php(68): CodeIgniter\CodeIgniter->run()
#10 {main}

Next CodeIgniter\Database\Exceptions\DatabaseException: Unknown database 'babana' in C:\xampp\htdocs\babana\system\Database\MySQLi\Connection.php:218
Stack trace:
#0 C:\xampp\htdocs\babana\system\Database\BaseConnection.php(391): CodeIgniter\Database\MySQLi\Connection->connect(false)
#1 C:\xampp\htdocs\babana\system\Database\BaseConnection.php(574): CodeIgniter\Database\BaseConnection->initialize()
#2 C:\xampp\htdocs\babana\system\Database\BaseBuilder.php(1616): CodeIgniter\Database\BaseConnection->query('SELECT `table_i...', Array, false)
#3 C:\xampp\htdocs\babana\app\Models\TableOrderModel.php(51): CodeIgniter\Database\BaseBuilder->get()
#4 C:\xampp\htdocs\babana\app\Controllers\Home.php(197): App\Models\TableOrderModel->readAll('table_order_nam...')
#5 C:\xampp\htdocs\babana\system\CodeIgniter.php(932): App\Controllers\Home->getOptionsOfOrderGrid()
#6 C:\xampp\htdocs\babana\system\CodeIgniter.php(497): CodeIgniter\CodeIgniter->runController(Object(App\Controllers\Home))
#7 C:\xampp\htdocs\babana\system\CodeIgniter.php(366): CodeIgniter\CodeIgniter->handleRequest(NULL, Object(Config\Cache), false)
#8 C:\xampp\htdocs\babana\index.php(68): CodeIgniter\CodeIgniter->run()
#9 {main}
CRITICAL - 2023-09-28 02:30:02 --> Unable to connect to the database.
Main connection [MySQLi]: Unknown database 'babana'
in SYSTEMPATH\Database\BaseConnection.php on line 427.
 1 SYSTEMPATH\Database\BaseConnection.php(574): CodeIgniter\Database\BaseConnection->initialize()
 2 SYSTEMPATH\Database\BaseBuilder.php(1616): CodeIgniter\Database\BaseConnection->query('SELECT `table_id`, `table_order_name`, `area_id`
FROM `table_order`
ORDER BY `table_order_name` ASC', [], false)
 3 APPPATH\Models\TableOrderModel.php(51): CodeIgniter\Database\BaseBuilder->get()
 4 APPPATH\Controllers\Home.php(197): App\Models\TableOrderModel->readAll('table_order_name')
 5 SYSTEMPATH\CodeIgniter.php(932): App\Controllers\Home->getOptionsOfOrderGrid()
 6 SYSTEMPATH\CodeIgniter.php(497): CodeIgniter\CodeIgniter->runController(Object(App\Controllers\Home))
 7 SYSTEMPATH\CodeIgniter.php(366): CodeIgniter\CodeIgniter->handleRequest(null, Object(Config\Cache), false)
 8 FCPATH\index.php(68): CodeIgniter\CodeIgniter->run()
ERROR - 2023-09-28 02:30:21 --> Error connecting to the database: mysqli_sql_exception: Unknown database 'babana' in C:\xampp\htdocs\babana\system\Database\MySQLi\Connection.php:174
Stack trace:
#0 C:\xampp\htdocs\babana\system\Database\MySQLi\Connection.php(174): mysqli->real_connect('localhost', 'tandoan', '_TanDoan@2023', 'babana', '3306', '', 0)
#1 C:\xampp\htdocs\babana\system\Database\BaseConnection.php(391): CodeIgniter\Database\MySQLi\Connection->connect(false)
#2 C:\xampp\htdocs\babana\system\Database\BaseConnection.php(574): CodeIgniter\Database\BaseConnection->initialize()
#3 C:\xampp\htdocs\babana\system\Database\BaseBuilder.php(1616): CodeIgniter\Database\BaseConnection->query('SELECT `table_i...', Array, false)
#4 C:\xampp\htdocs\babana\app\Models\TableOrderModel.php(51): CodeIgniter\Database\BaseBuilder->get()
#5 C:\xampp\htdocs\babana\app\Controllers\Home.php(286): App\Models\TableOrderModel->readAll('table_order_nam...')
#6 C:\xampp\htdocs\babana\system\CodeIgniter.php(932): App\Controllers\Home->getDataToAddForm()
#7 C:\xampp\htdocs\babana\system\CodeIgniter.php(497): CodeIgniter\CodeIgniter->runController(Object(App\Controllers\Home))
#8 C:\xampp\htdocs\babana\system\CodeIgniter.php(366): CodeIgniter\CodeIgniter->handleRequest(NULL, Object(Config\Cache), false)
#9 C:\xampp\htdocs\babana\index.php(68): CodeIgniter\CodeIgniter->run()
#10 {main}

Next CodeIgniter\Database\Exceptions\DatabaseException: Unknown database 'babana' in C:\xampp\htdocs\babana\system\Database\MySQLi\Connection.php:218
Stack trace:
#0 C:\xampp\htdocs\babana\system\Database\BaseConnection.php(391): CodeIgniter\Database\MySQLi\Connection->connect(false)
#1 C:\xampp\htdocs\babana\system\Database\BaseConnection.php(574): CodeIgniter\Database\BaseConnection->initialize()
#2 C:\xampp\htdocs\babana\system\Database\BaseBuilder.php(1616): CodeIgniter\Database\BaseConnection->query('SELECT `table_i...', Array, false)
#3 C:\xampp\htdocs\babana\app\Models\TableOrderModel.php(51): CodeIgniter\Database\BaseBuilder->get()
#4 C:\xampp\htdocs\babana\app\Controllers\Home.php(286): App\Models\TableOrderModel->readAll('table_order_nam...')
#5 C:\xampp\htdocs\babana\system\CodeIgniter.php(932): App\Controllers\Home->getDataToAddForm()
#6 C:\xampp\htdocs\babana\system\CodeIgniter.php(497): CodeIgniter\CodeIgniter->runController(Object(App\Controllers\Home))
#7 C:\xampp\htdocs\babana\system\CodeIgniter.php(366): CodeIgniter\CodeIgniter->handleRequest(NULL, Object(Config\Cache), false)
#8 C:\xampp\htdocs\babana\index.php(68): CodeIgniter\CodeIgniter->run()
#9 {main}
CRITICAL - 2023-09-28 02:30:21 --> Unable to connect to the database.
Main connection [MySQLi]: Unknown database 'babana'
in SYSTEMPATH\Database\BaseConnection.php on line 427.
 1 SYSTEMPATH\Database\BaseConnection.php(574): CodeIgniter\Database\BaseConnection->initialize()
 2 SYSTEMPATH\Database\BaseBuilder.php(1616): CodeIgniter\Database\BaseConnection->query('SELECT `table_id`, `table_order_name`, `area_id`
FROM `table_order`
ORDER BY `table_order_name` ASC', [], false)
 3 APPPATH\Models\TableOrderModel.php(51): CodeIgniter\Database\BaseBuilder->get()
 4 APPPATH\Controllers\Home.php(286): App\Models\TableOrderModel->readAll('table_order_name')
 5 SYSTEMPATH\CodeIgniter.php(932): App\Controllers\Home->getDataToAddForm()
 6 SYSTEMPATH\CodeIgniter.php(497): CodeIgniter\CodeIgniter->runController(Object(App\Controllers\Home))
 7 SYSTEMPATH\CodeIgniter.php(366): CodeIgniter\CodeIgniter->handleRequest(null, Object(Config\Cache), false)
 8 FCPATH\index.php(68): CodeIgniter\CodeIgniter->run()
