WARNING - 2023-10-23 08:47:27 --> [DEPRECATED] json_decode(): Passing null to parameter #1 ($json) of type string is deprecated in APPPATH\Controllers\Home.php on line 608.
 1 APPPATH\Controllers\Home.php(608): json_decode(null, true)
 2 SYSTEMPATH\CodeIgniter.php(932): App\Controllers\Home->saveOrder()
 3 SYSTEMPATH\CodeIgniter.php(497): CodeIgniter\CodeIgniter->runController(Object(App\Controllers\Home))
 4 SYSTEMPATH\CodeIgniter.php(366): CodeIgniter\CodeIgniter->handleRequest(null, Object(Config\Cache), false)
 5 FCPATH\index.php(68): CodeIgniter\CodeIgniter->run()
CRITICAL - 2023-10-23 08:47:27 --> Trying to access array offset on value of type null
in APPPATH\Controllers\Home.php on line 611.
 1 APPPATH\Controllers\Home.php(611): CodeIgniter\Debug\Exceptions->errorHandler(2, 'Trying to access array offset on value of type null', 'C:\\xampp\\htdocs\\babana\\app\\Controllers\\Home.php', 611)
 2 SYSTEMPATH\CodeIgniter.php(932): App\Controllers\Home->saveOrder()
 3 SYSTEMPATH\CodeIgniter.php(497): CodeIgniter\CodeIgniter->runController(Object(App\Controllers\Home))
 4 SYSTEMPATH\CodeIgniter.php(366): CodeIgniter\CodeIgniter->handleRequest(null, Object(Config\Cache), false)
 5 FCPATH\index.php(68): CodeIgniter\CodeIgniter->run()
WARNING - 2023-10-23 08:53:19 --> [DEPRECATED] strtotime(): Passing null to parameter #1 ($datetime) of type string is deprecated in APPPATH\Controllers\Home.php on line 104.
 1 APPPATH\Controllers\Home.php(104): strtotime(null)
 2 APPPATH\Controllers\Home.php(291): App\Controllers\Home->load(null)
 3 SYSTEMPATH\CodeIgniter.php(932): App\Controllers\Home->getOptionsOfOrderGrid()
 4 SYSTEMPATH\CodeIgniter.php(497): CodeIgniter\CodeIgniter->runController(Object(App\Controllers\Home))
 5 SYSTEMPATH\CodeIgniter.php(366): CodeIgniter\CodeIgniter->handleRequest(null, Object(Config\Cache), false)
 6 FCPATH\index.php(68): CodeIgniter\CodeIgniter->run()
WARNING - 2023-10-23 08:53:19 --> [DEPRECATED] strtotime(): Passing null to parameter #1 ($datetime) of type string is deprecated in APPPATH\Controllers\Home.php on line 104.
 1 APPPATH\Controllers\Home.php(104): strtotime(null)
 2 APPPATH\Controllers\Home.php(291): App\Controllers\Home->load(null)
 3 SYSTEMPATH\CodeIgniter.php(932): App\Controllers\Home->getOptionsOfOrderGrid()
 4 SYSTEMPATH\CodeIgniter.php(497): CodeIgniter\CodeIgniter->runController(Object(App\Controllers\Home))
 5 SYSTEMPATH\CodeIgniter.php(366): CodeIgniter\CodeIgniter->handleRequest(null, Object(Config\Cache), false)
 6 FCPATH\index.php(68): CodeIgniter\CodeIgniter->run()
WARNING - 2023-10-23 08:53:19 --> [DEPRECATED] strtotime(): Passing null to parameter #1 ($datetime) of type string is deprecated in APPPATH\Controllers\Home.php on line 104.
 1 APPPATH\Controllers\Home.php(104): strtotime(null)
 2 APPPATH\Controllers\Home.php(291): App\Controllers\Home->load(null)
 3 SYSTEMPATH\CodeIgniter.php(932): App\Controllers\Home->getOptionsOfOrderGrid()
 4 SYSTEMPATH\CodeIgniter.php(497): CodeIgniter\CodeIgniter->runController(Object(App\Controllers\Home))
 5 SYSTEMPATH\CodeIgniter.php(366): CodeIgniter\CodeIgniter->handleRequest(null, Object(Config\Cache), false)
 6 FCPATH\index.php(68): CodeIgniter\CodeIgniter->run()
WARNING - 2023-10-23 08:53:49 --> [DEPRECATED] strtotime(): Passing null to parameter #1 ($datetime) of type string is deprecated in APPPATH\Controllers\Home.php on line 104.
 1 APPPATH\Controllers\Home.php(104): strtotime(null)
 2 APPPATH\Controllers\Home.php(291): App\Controllers\Home->load(null)
 3 SYSTEMPATH\CodeIgniter.php(932): App\Controllers\Home->getOptionsOfOrderGrid()
 4 SYSTEMPATH\CodeIgniter.php(497): CodeIgniter\CodeIgniter->runController(Object(App\Controllers\Home))
 5 SYSTEMPATH\CodeIgniter.php(366): CodeIgniter\CodeIgniter->handleRequest(null, Object(Config\Cache), false)
 6 FCPATH\index.php(68): CodeIgniter\CodeIgniter->run()
WARNING - 2023-10-23 08:53:49 --> [DEPRECATED] strtotime(): Passing null to parameter #1 ($datetime) of type string is deprecated in APPPATH\Controllers\Home.php on line 104.
 1 APPPATH\Controllers\Home.php(104): strtotime(null)
 2 APPPATH\Controllers\Home.php(291): App\Controllers\Home->load(null)
 3 SYSTEMPATH\CodeIgniter.php(932): App\Controllers\Home->getOptionsOfOrderGrid()
 4 SYSTEMPATH\CodeIgniter.php(497): CodeIgniter\CodeIgniter->runController(Object(App\Controllers\Home))
 5 SYSTEMPATH\CodeIgniter.php(366): CodeIgniter\CodeIgniter->handleRequest(null, Object(Config\Cache), false)
 6 FCPATH\index.php(68): CodeIgniter\CodeIgniter->run()
WARNING - 2023-10-23 08:53:49 --> [DEPRECATED] strtotime(): Passing null to parameter #1 ($datetime) of type string is deprecated in APPPATH\Controllers\Home.php on line 104.
 1 APPPATH\Controllers\Home.php(104): strtotime(null)
 2 APPPATH\Controllers\Home.php(291): App\Controllers\Home->load(null)
 3 SYSTEMPATH\CodeIgniter.php(932): App\Controllers\Home->getOptionsOfOrderGrid()
 4 SYSTEMPATH\CodeIgniter.php(497): CodeIgniter\CodeIgniter->runController(Object(App\Controllers\Home))
 5 SYSTEMPATH\CodeIgniter.php(366): CodeIgniter\CodeIgniter->handleRequest(null, Object(Config\Cache), false)
 6 FCPATH\index.php(68): CodeIgniter\CodeIgniter->run()
WARNING - 2023-10-23 10:45:23 --> [DEPRECATED] strtotime(): Passing null to parameter #1 ($datetime) of type string is deprecated in APPPATH\Controllers\Home.php on line 104.
 1 APPPATH\Controllers\Home.php(104): strtotime(null)
 2 APPPATH\Controllers\Home.php(291): App\Controllers\Home->load(null)
 3 SYSTEMPATH\CodeIgniter.php(932): App\Controllers\Home->getOptionsOfOrderGrid()
 4 SYSTEMPATH\CodeIgniter.php(497): CodeIgniter\CodeIgniter->runController(Object(App\Controllers\Home))
 5 SYSTEMPATH\CodeIgniter.php(366): CodeIgniter\CodeIgniter->handleRequest(null, Object(Config\Cache), false)
 6 FCPATH\index.php(68): CodeIgniter\CodeIgniter->run()
WARNING - 2023-10-23 10:45:23 --> [DEPRECATED] strtotime(): Passing null to parameter #1 ($datetime) of type string is deprecated in APPPATH\Controllers\Home.php on line 104.
 1 APPPATH\Controllers\Home.php(104): strtotime(null)
 2 APPPATH\Controllers\Home.php(291): App\Controllers\Home->load(null)
 3 SYSTEMPATH\CodeIgniter.php(932): App\Controllers\Home->getOptionsOfOrderGrid()
 4 SYSTEMPATH\CodeIgniter.php(497): CodeIgniter\CodeIgniter->runController(Object(App\Controllers\Home))
 5 SYSTEMPATH\CodeIgniter.php(366): CodeIgniter\CodeIgniter->handleRequest(null, Object(Config\Cache), false)
 6 FCPATH\index.php(68): CodeIgniter\CodeIgniter->run()
WARNING - 2023-10-23 10:45:23 --> [DEPRECATED] strtotime(): Passing null to parameter #1 ($datetime) of type string is deprecated in APPPATH\Controllers\Home.php on line 104.
 1 APPPATH\Controllers\Home.php(104): strtotime(null)
 2 APPPATH\Controllers\Home.php(291): App\Controllers\Home->load(null)
 3 SYSTEMPATH\CodeIgniter.php(932): App\Controllers\Home->getOptionsOfOrderGrid()
 4 SYSTEMPATH\CodeIgniter.php(497): CodeIgniter\CodeIgniter->runController(Object(App\Controllers\Home))
 5 SYSTEMPATH\CodeIgniter.php(366): CodeIgniter\CodeIgniter->handleRequest(null, Object(Config\Cache), false)
 6 FCPATH\index.php(68): CodeIgniter\CodeIgniter->run()
WARNING - 2023-10-23 10:45:54 --> [DEPRECATED] strtotime(): Passing null to parameter #1 ($datetime) of type string is deprecated in APPPATH\Controllers\Home.php on line 104.
 1 APPPATH\Controllers\Home.php(104): strtotime(null)
 2 APPPATH\Controllers\Home.php(291): App\Controllers\Home->load(null)
 3 SYSTEMPATH\CodeIgniter.php(932): App\Controllers\Home->getOptionsOfOrderGrid()
 4 SYSTEMPATH\CodeIgniter.php(497): CodeIgniter\CodeIgniter->runController(Object(App\Controllers\Home))
 5 SYSTEMPATH\CodeIgniter.php(366): CodeIgniter\CodeIgniter->handleRequest(null, Object(Config\Cache), false)
 6 FCPATH\index.php(68): CodeIgniter\CodeIgniter->run()
WARNING - 2023-10-23 10:45:54 --> [DEPRECATED] strtotime(): Passing null to parameter #1 ($datetime) of type string is deprecated in APPPATH\Controllers\Home.php on line 104.
 1 APPPATH\Controllers\Home.php(104): strtotime(null)
 2 APPPATH\Controllers\Home.php(291): App\Controllers\Home->load(null)
 3 SYSTEMPATH\CodeIgniter.php(932): App\Controllers\Home->getOptionsOfOrderGrid()
 4 SYSTEMPATH\CodeIgniter.php(497): CodeIgniter\CodeIgniter->runController(Object(App\Controllers\Home))
 5 SYSTEMPATH\CodeIgniter.php(366): CodeIgniter\CodeIgniter->handleRequest(null, Object(Config\Cache), false)
 6 FCPATH\index.php(68): CodeIgniter\CodeIgniter->run()
WARNING - 2023-10-23 10:45:55 --> [DEPRECATED] strtotime(): Passing null to parameter #1 ($datetime) of type string is deprecated in APPPATH\Controllers\Home.php on line 104.
 1 APPPATH\Controllers\Home.php(104): strtotime(null)
 2 APPPATH\Controllers\Home.php(291): App\Controllers\Home->load(null)
 3 SYSTEMPATH\CodeIgniter.php(932): App\Controllers\Home->getOptionsOfOrderGrid()
 4 SYSTEMPATH\CodeIgniter.php(497): CodeIgniter\CodeIgniter->runController(Object(App\Controllers\Home))
 5 SYSTEMPATH\CodeIgniter.php(366): CodeIgniter\CodeIgniter->handleRequest(null, Object(Config\Cache), false)
 6 FCPATH\index.php(68): CodeIgniter\CodeIgniter->run()
WARNING - 2023-10-23 10:45:57 --> [DEPRECATED] strtotime(): Passing null to parameter #1 ($datetime) of type string is deprecated in APPPATH\Controllers\Home.php on line 104.
 1 APPPATH\Controllers\Home.php(104): strtotime(null)
 2 APPPATH\Controllers\Home.php(291): App\Controllers\Home->load(null)
 3 SYSTEMPATH\CodeIgniter.php(932): App\Controllers\Home->getOptionsOfOrderGrid()
 4 SYSTEMPATH\CodeIgniter.php(497): CodeIgniter\CodeIgniter->runController(Object(App\Controllers\Home))
 5 SYSTEMPATH\CodeIgniter.php(366): CodeIgniter\CodeIgniter->handleRequest(null, Object(Config\Cache), false)
 6 FCPATH\index.php(68): CodeIgniter\CodeIgniter->run()
WARNING - 2023-10-23 10:45:57 --> [DEPRECATED] strtotime(): Passing null to parameter #1 ($datetime) of type string is deprecated in APPPATH\Controllers\Home.php on line 104.
 1 APPPATH\Controllers\Home.php(104): strtotime(null)
 2 APPPATH\Controllers\Home.php(291): App\Controllers\Home->load(null)
 3 SYSTEMPATH\CodeIgniter.php(932): App\Controllers\Home->getOptionsOfOrderGrid()
 4 SYSTEMPATH\CodeIgniter.php(497): CodeIgniter\CodeIgniter->runController(Object(App\Controllers\Home))
 5 SYSTEMPATH\CodeIgniter.php(366): CodeIgniter\CodeIgniter->handleRequest(null, Object(Config\Cache), false)
 6 FCPATH\index.php(68): CodeIgniter\CodeIgniter->run()
WARNING - 2023-10-23 10:45:57 --> [DEPRECATED] strtotime(): Passing null to parameter #1 ($datetime) of type string is deprecated in APPPATH\Controllers\Home.php on line 104.
 1 APPPATH\Controllers\Home.php(104): strtotime(null)
 2 APPPATH\Controllers\Home.php(291): App\Controllers\Home->load(null)
 3 SYSTEMPATH\CodeIgniter.php(932): App\Controllers\Home->getOptionsOfOrderGrid()
 4 SYSTEMPATH\CodeIgniter.php(497): CodeIgniter\CodeIgniter->runController(Object(App\Controllers\Home))
 5 SYSTEMPATH\CodeIgniter.php(366): CodeIgniter\CodeIgniter->handleRequest(null, Object(Config\Cache), false)
 6 FCPATH\index.php(68): CodeIgniter\CodeIgniter->run()
WARNING - 2023-10-23 10:48:29 --> [DEPRECATED] strtotime(): Passing null to parameter #1 ($datetime) of type string is deprecated in APPPATH\Controllers\Home.php on line 104.
 1 APPPATH\Controllers\Home.php(104): strtotime(null)
 2 APPPATH\Controllers\Home.php(291): App\Controllers\Home->load(null)
 3 SYSTEMPATH\CodeIgniter.php(932): App\Controllers\Home->getOptionsOfOrderGrid()
 4 SYSTEMPATH\CodeIgniter.php(497): CodeIgniter\CodeIgniter->runController(Object(App\Controllers\Home))
 5 SYSTEMPATH\CodeIgniter.php(366): CodeIgniter\CodeIgniter->handleRequest(null, Object(Config\Cache), false)
 6 FCPATH\index.php(68): CodeIgniter\CodeIgniter->run()
WARNING - 2023-10-23 10:48:29 --> [DEPRECATED] strtotime(): Passing null to parameter #1 ($datetime) of type string is deprecated in APPPATH\Controllers\Home.php on line 104.
 1 APPPATH\Controllers\Home.php(104): strtotime(null)
 2 APPPATH\Controllers\Home.php(291): App\Controllers\Home->load(null)
 3 SYSTEMPATH\CodeIgniter.php(932): App\Controllers\Home->getOptionsOfOrderGrid()
 4 SYSTEMPATH\CodeIgniter.php(497): CodeIgniter\CodeIgniter->runController(Object(App\Controllers\Home))
 5 SYSTEMPATH\CodeIgniter.php(366): CodeIgniter\CodeIgniter->handleRequest(null, Object(Config\Cache), false)
 6 FCPATH\index.php(68): CodeIgniter\CodeIgniter->run()
WARNING - 2023-10-23 10:48:29 --> [DEPRECATED] strtotime(): Passing null to parameter #1 ($datetime) of type string is deprecated in APPPATH\Controllers\Home.php on line 104.
 1 APPPATH\Controllers\Home.php(104): strtotime(null)
 2 APPPATH\Controllers\Home.php(291): App\Controllers\Home->load(null)
 3 SYSTEMPATH\CodeIgniter.php(932): App\Controllers\Home->getOptionsOfOrderGrid()
 4 SYSTEMPATH\CodeIgniter.php(497): CodeIgniter\CodeIgniter->runController(Object(App\Controllers\Home))
 5 SYSTEMPATH\CodeIgniter.php(366): CodeIgniter\CodeIgniter->handleRequest(null, Object(Config\Cache), false)
 6 FCPATH\index.php(68): CodeIgniter\CodeIgniter->run()
WARNING - 2023-10-23 10:49:11 --> [DEPRECATED] strtotime(): Passing null to parameter #1 ($datetime) of type string is deprecated in APPPATH\Controllers\Home.php on line 104.
 1 APPPATH\Controllers\Home.php(104): strtotime(null)
 2 APPPATH\Controllers\Home.php(291): App\Controllers\Home->load(null)
 3 SYSTEMPATH\CodeIgniter.php(932): App\Controllers\Home->getOptionsOfOrderGrid()
 4 SYSTEMPATH\CodeIgniter.php(497): CodeIgniter\CodeIgniter->runController(Object(App\Controllers\Home))
 5 SYSTEMPATH\CodeIgniter.php(366): CodeIgniter\CodeIgniter->handleRequest(null, Object(Config\Cache), false)
 6 FCPATH\index.php(68): CodeIgniter\CodeIgniter->run()
WARNING - 2023-10-23 10:49:11 --> [DEPRECATED] strtotime(): Passing null to parameter #1 ($datetime) of type string is deprecated in APPPATH\Controllers\Home.php on line 104.
 1 APPPATH\Controllers\Home.php(104): strtotime(null)
 2 APPPATH\Controllers\Home.php(291): App\Controllers\Home->load(null)
 3 SYSTEMPATH\CodeIgniter.php(932): App\Controllers\Home->getOptionsOfOrderGrid()
 4 SYSTEMPATH\CodeIgniter.php(497): CodeIgniter\CodeIgniter->runController(Object(App\Controllers\Home))
 5 SYSTEMPATH\CodeIgniter.php(366): CodeIgniter\CodeIgniter->handleRequest(null, Object(Config\Cache), false)
 6 FCPATH\index.php(68): CodeIgniter\CodeIgniter->run()
WARNING - 2023-10-23 10:49:11 --> [DEPRECATED] strtotime(): Passing null to parameter #1 ($datetime) of type string is deprecated in APPPATH\Controllers\Home.php on line 104.
 1 APPPATH\Controllers\Home.php(104): strtotime(null)
 2 APPPATH\Controllers\Home.php(291): App\Controllers\Home->load(null)
 3 SYSTEMPATH\CodeIgniter.php(932): App\Controllers\Home->getOptionsOfOrderGrid()
 4 SYSTEMPATH\CodeIgniter.php(497): CodeIgniter\CodeIgniter->runController(Object(App\Controllers\Home))
 5 SYSTEMPATH\CodeIgniter.php(366): CodeIgniter\CodeIgniter->handleRequest(null, Object(Config\Cache), false)
 6 FCPATH\index.php(68): CodeIgniter\CodeIgniter->run()
WARNING - 2023-10-23 10:56:17 --> [DEPRECATED] strtotime(): Passing null to parameter #1 ($datetime) of type string is deprecated in APPPATH\Controllers\Home.php on line 104.
 1 APPPATH\Controllers\Home.php(104): strtotime(null)
 2 APPPATH\Controllers\Home.php(291): App\Controllers\Home->load(null)
 3 SYSTEMPATH\CodeIgniter.php(932): App\Controllers\Home->getOptionsOfOrderGrid()
 4 SYSTEMPATH\CodeIgniter.php(497): CodeIgniter\CodeIgniter->runController(Object(App\Controllers\Home))
 5 SYSTEMPATH\CodeIgniter.php(366): CodeIgniter\CodeIgniter->handleRequest(null, Object(Config\Cache), false)
 6 FCPATH\index.php(68): CodeIgniter\CodeIgniter->run()
WARNING - 2023-10-23 10:56:18 --> [DEPRECATED] strtotime(): Passing null to parameter #1 ($datetime) of type string is deprecated in APPPATH\Controllers\Home.php on line 104.
 1 APPPATH\Controllers\Home.php(104): strtotime(null)
 2 APPPATH\Controllers\Home.php(291): App\Controllers\Home->load(null)
 3 SYSTEMPATH\CodeIgniter.php(932): App\Controllers\Home->getOptionsOfOrderGrid()
 4 SYSTEMPATH\CodeIgniter.php(497): CodeIgniter\CodeIgniter->runController(Object(App\Controllers\Home))
 5 SYSTEMPATH\CodeIgniter.php(366): CodeIgniter\CodeIgniter->handleRequest(null, Object(Config\Cache), false)
 6 FCPATH\index.php(68): CodeIgniter\CodeIgniter->run()
WARNING - 2023-10-23 10:56:18 --> [DEPRECATED] strtotime(): Passing null to parameter #1 ($datetime) of type string is deprecated in APPPATH\Controllers\Home.php on line 104.
 1 APPPATH\Controllers\Home.php(104): strtotime(null)
 2 APPPATH\Controllers\Home.php(291): App\Controllers\Home->load(null)
 3 SYSTEMPATH\CodeIgniter.php(932): App\Controllers\Home->getOptionsOfOrderGrid()
 4 SYSTEMPATH\CodeIgniter.php(497): CodeIgniter\CodeIgniter->runController(Object(App\Controllers\Home))
 5 SYSTEMPATH\CodeIgniter.php(366): CodeIgniter\CodeIgniter->handleRequest(null, Object(Config\Cache), false)
 6 FCPATH\index.php(68): CodeIgniter\CodeIgniter->run()
WARNING - 2023-10-23 11:06:04 --> [DEPRECATED] strtotime(): Passing null to parameter #1 ($datetime) of type string is deprecated in APPPATH\Controllers\Home.php on line 104.
 1 APPPATH\Controllers\Home.php(104): strtotime(null)
 2 APPPATH\Controllers\Home.php(291): App\Controllers\Home->load(null)
 3 SYSTEMPATH\CodeIgniter.php(932): App\Controllers\Home->getOptionsOfOrderGrid()
 4 SYSTEMPATH\CodeIgniter.php(497): CodeIgniter\CodeIgniter->runController(Object(App\Controllers\Home))
 5 SYSTEMPATH\CodeIgniter.php(366): CodeIgniter\CodeIgniter->handleRequest(null, Object(Config\Cache), false)
 6 FCPATH\index.php(68): CodeIgniter\CodeIgniter->run()
WARNING - 2023-10-23 11:06:04 --> [DEPRECATED] strtotime(): Passing null to parameter #1 ($datetime) of type string is deprecated in APPPATH\Controllers\Home.php on line 104.
 1 APPPATH\Controllers\Home.php(104): strtotime(null)
 2 APPPATH\Controllers\Home.php(291): App\Controllers\Home->load(null)
 3 SYSTEMPATH\CodeIgniter.php(932): App\Controllers\Home->getOptionsOfOrderGrid()
 4 SYSTEMPATH\CodeIgniter.php(497): CodeIgniter\CodeIgniter->runController(Object(App\Controllers\Home))
 5 SYSTEMPATH\CodeIgniter.php(366): CodeIgniter\CodeIgniter->handleRequest(null, Object(Config\Cache), false)
 6 FCPATH\index.php(68): CodeIgniter\CodeIgniter->run()
WARNING - 2023-10-23 11:06:04 --> [DEPRECATED] strtotime(): Passing null to parameter #1 ($datetime) of type string is deprecated in APPPATH\Controllers\Home.php on line 104.
 1 APPPATH\Controllers\Home.php(104): strtotime(null)
 2 APPPATH\Controllers\Home.php(291): App\Controllers\Home->load(null)
 3 SYSTEMPATH\CodeIgniter.php(932): App\Controllers\Home->getOptionsOfOrderGrid()
 4 SYSTEMPATH\CodeIgniter.php(497): CodeIgniter\CodeIgniter->runController(Object(App\Controllers\Home))
 5 SYSTEMPATH\CodeIgniter.php(366): CodeIgniter\CodeIgniter->handleRequest(null, Object(Config\Cache), false)
 6 FCPATH\index.php(68): CodeIgniter\CodeIgniter->run()
WARNING - 2023-10-23 11:10:23 --> [DEPRECATED] strtotime(): Passing null to parameter #1 ($datetime) of type string is deprecated in APPPATH\Controllers\Home.php on line 104.
 1 APPPATH\Controllers\Home.php(104): strtotime(null)
 2 APPPATH\Controllers\Home.php(291): App\Controllers\Home->load(null)
 3 SYSTEMPATH\CodeIgniter.php(932): App\Controllers\Home->getOptionsOfOrderGrid()
 4 SYSTEMPATH\CodeIgniter.php(497): CodeIgniter\CodeIgniter->runController(Object(App\Controllers\Home))
 5 SYSTEMPATH\CodeIgniter.php(366): CodeIgniter\CodeIgniter->handleRequest(null, Object(Config\Cache), false)
 6 FCPATH\index.php(68): CodeIgniter\CodeIgniter->run()
WARNING - 2023-10-23 11:10:23 --> [DEPRECATED] strtotime(): Passing null to parameter #1 ($datetime) of type string is deprecated in APPPATH\Controllers\Home.php on line 104.
 1 APPPATH\Controllers\Home.php(104): strtotime(null)
 2 APPPATH\Controllers\Home.php(291): App\Controllers\Home->load(null)
 3 SYSTEMPATH\CodeIgniter.php(932): App\Controllers\Home->getOptionsOfOrderGrid()
 4 SYSTEMPATH\CodeIgniter.php(497): CodeIgniter\CodeIgniter->runController(Object(App\Controllers\Home))
 5 SYSTEMPATH\CodeIgniter.php(366): CodeIgniter\CodeIgniter->handleRequest(null, Object(Config\Cache), false)
 6 FCPATH\index.php(68): CodeIgniter\CodeIgniter->run()
WARNING - 2023-10-23 11:10:23 --> [DEPRECATED] strtotime(): Passing null to parameter #1 ($datetime) of type string is deprecated in APPPATH\Controllers\Home.php on line 104.
 1 APPPATH\Controllers\Home.php(104): strtotime(null)
 2 APPPATH\Controllers\Home.php(291): App\Controllers\Home->load(null)
 3 SYSTEMPATH\CodeIgniter.php(932): App\Controllers\Home->getOptionsOfOrderGrid()
 4 SYSTEMPATH\CodeIgniter.php(497): CodeIgniter\CodeIgniter->runController(Object(App\Controllers\Home))
 5 SYSTEMPATH\CodeIgniter.php(366): CodeIgniter\CodeIgniter->handleRequest(null, Object(Config\Cache), false)
 6 FCPATH\index.php(68): CodeIgniter\CodeIgniter->run()
WARNING - 2023-10-23 11:10:52 --> [DEPRECATED] strtotime(): Passing null to parameter #1 ($datetime) of type string is deprecated in APPPATH\Controllers\Home.php on line 104.
 1 APPPATH\Controllers\Home.php(104): strtotime(null)
 2 APPPATH\Controllers\Home.php(291): App\Controllers\Home->load(null)
 3 SYSTEMPATH\CodeIgniter.php(932): App\Controllers\Home->getOptionsOfOrderGrid()
 4 SYSTEMPATH\CodeIgniter.php(497): CodeIgniter\CodeIgniter->runController(Object(App\Controllers\Home))
 5 SYSTEMPATH\CodeIgniter.php(366): CodeIgniter\CodeIgniter->handleRequest(null, Object(Config\Cache), false)
 6 FCPATH\index.php(68): CodeIgniter\CodeIgniter->run()
WARNING - 2023-10-23 11:10:52 --> [DEPRECATED] strtotime(): Passing null to parameter #1 ($datetime) of type string is deprecated in APPPATH\Controllers\Home.php on line 104.
 1 APPPATH\Controllers\Home.php(104): strtotime(null)
 2 APPPATH\Controllers\Home.php(291): App\Controllers\Home->load(null)
 3 SYSTEMPATH\CodeIgniter.php(932): App\Controllers\Home->getOptionsOfOrderGrid()
 4 SYSTEMPATH\CodeIgniter.php(497): CodeIgniter\CodeIgniter->runController(Object(App\Controllers\Home))
 5 SYSTEMPATH\CodeIgniter.php(366): CodeIgniter\CodeIgniter->handleRequest(null, Object(Config\Cache), false)
 6 FCPATH\index.php(68): CodeIgniter\CodeIgniter->run()
WARNING - 2023-10-23 11:10:52 --> [DEPRECATED] strtotime(): Passing null to parameter #1 ($datetime) of type string is deprecated in APPPATH\Controllers\Home.php on line 104.
 1 APPPATH\Controllers\Home.php(104): strtotime(null)
 2 APPPATH\Controllers\Home.php(291): App\Controllers\Home->load(null)
 3 SYSTEMPATH\CodeIgniter.php(932): App\Controllers\Home->getOptionsOfOrderGrid()
 4 SYSTEMPATH\CodeIgniter.php(497): CodeIgniter\CodeIgniter->runController(Object(App\Controllers\Home))
 5 SYSTEMPATH\CodeIgniter.php(366): CodeIgniter\CodeIgniter->handleRequest(null, Object(Config\Cache), false)
 6 FCPATH\index.php(68): CodeIgniter\CodeIgniter->run()
WARNING - 2023-10-23 11:11:41 --> [DEPRECATED] strtotime(): Passing null to parameter #1 ($datetime) of type string is deprecated in APPPATH\Controllers\Home.php on line 104.
 1 APPPATH\Controllers\Home.php(104): strtotime(null)
 2 APPPATH\Controllers\Home.php(291): App\Controllers\Home->load(null)
 3 SYSTEMPATH\CodeIgniter.php(932): App\Controllers\Home->getOptionsOfOrderGrid()
 4 SYSTEMPATH\CodeIgniter.php(497): CodeIgniter\CodeIgniter->runController(Object(App\Controllers\Home))
 5 SYSTEMPATH\CodeIgniter.php(366): CodeIgniter\CodeIgniter->handleRequest(null, Object(Config\Cache), false)
 6 FCPATH\index.php(68): CodeIgniter\CodeIgniter->run()
WARNING - 2023-10-23 11:11:41 --> [DEPRECATED] strtotime(): Passing null to parameter #1 ($datetime) of type string is deprecated in APPPATH\Controllers\Home.php on line 104.
 1 APPPATH\Controllers\Home.php(104): strtotime(null)
 2 APPPATH\Controllers\Home.php(291): App\Controllers\Home->load(null)
 3 SYSTEMPATH\CodeIgniter.php(932): App\Controllers\Home->getOptionsOfOrderGrid()
 4 SYSTEMPATH\CodeIgniter.php(497): CodeIgniter\CodeIgniter->runController(Object(App\Controllers\Home))
 5 SYSTEMPATH\CodeIgniter.php(366): CodeIgniter\CodeIgniter->handleRequest(null, Object(Config\Cache), false)
 6 FCPATH\index.php(68): CodeIgniter\CodeIgniter->run()
WARNING - 2023-10-23 11:11:41 --> [DEPRECATED] strtotime(): Passing null to parameter #1 ($datetime) of type string is deprecated in APPPATH\Controllers\Home.php on line 104.
 1 APPPATH\Controllers\Home.php(104): strtotime(null)
 2 APPPATH\Controllers\Home.php(291): App\Controllers\Home->load(null)
 3 SYSTEMPATH\CodeIgniter.php(932): App\Controllers\Home->getOptionsOfOrderGrid()
 4 SYSTEMPATH\CodeIgniter.php(497): CodeIgniter\CodeIgniter->runController(Object(App\Controllers\Home))
 5 SYSTEMPATH\CodeIgniter.php(366): CodeIgniter\CodeIgniter->handleRequest(null, Object(Config\Cache), false)
 6 FCPATH\index.php(68): CodeIgniter\CodeIgniter->run()
WARNING - 2023-10-23 12:17:51 --> [DEPRECATED] strtotime(): Passing null to parameter #1 ($datetime) of type string is deprecated in APPPATH\Controllers\Home.php on line 104.
 1 APPPATH\Controllers\Home.php(104): strtotime(null)
 2 APPPATH\Controllers\Home.php(291): App\Controllers\Home->load(null)
 3 SYSTEMPATH\CodeIgniter.php(932): App\Controllers\Home->getOptionsOfOrderGrid()
 4 SYSTEMPATH\CodeIgniter.php(497): CodeIgniter\CodeIgniter->runController(Object(App\Controllers\Home))
 5 SYSTEMPATH\CodeIgniter.php(366): CodeIgniter\CodeIgniter->handleRequest(null, Object(Config\Cache), false)
 6 FCPATH\index.php(68): CodeIgniter\CodeIgniter->run()
WARNING - 2023-10-23 12:17:51 --> [DEPRECATED] strtotime(): Passing null to parameter #1 ($datetime) of type string is deprecated in APPPATH\Controllers\Home.php on line 104.
 1 APPPATH\Controllers\Home.php(104): strtotime(null)
 2 APPPATH\Controllers\Home.php(291): App\Controllers\Home->load(null)
 3 SYSTEMPATH\CodeIgniter.php(932): App\Controllers\Home->getOptionsOfOrderGrid()
 4 SYSTEMPATH\CodeIgniter.php(497): CodeIgniter\CodeIgniter->runController(Object(App\Controllers\Home))
 5 SYSTEMPATH\CodeIgniter.php(366): CodeIgniter\CodeIgniter->handleRequest(null, Object(Config\Cache), false)
 6 FCPATH\index.php(68): CodeIgniter\CodeIgniter->run()
WARNING - 2023-10-23 12:17:51 --> [DEPRECATED] strtotime(): Passing null to parameter #1 ($datetime) of type string is deprecated in APPPATH\Controllers\Home.php on line 104.
 1 APPPATH\Controllers\Home.php(104): strtotime(null)
 2 APPPATH\Controllers\Home.php(291): App\Controllers\Home->load(null)
 3 SYSTEMPATH\CodeIgniter.php(932): App\Controllers\Home->getOptionsOfOrderGrid()
 4 SYSTEMPATH\CodeIgniter.php(497): CodeIgniter\CodeIgniter->runController(Object(App\Controllers\Home))
 5 SYSTEMPATH\CodeIgniter.php(366): CodeIgniter\CodeIgniter->handleRequest(null, Object(Config\Cache), false)
 6 FCPATH\index.php(68): CodeIgniter\CodeIgniter->run()
WARNING - 2023-10-23 18:31:08 --> [DEPRECATED] strtotime(): Passing null to parameter #1 ($datetime) of type string is deprecated in APPPATH\Controllers\Home.php on line 104.
 1 APPPATH\Controllers\Home.php(104): strtotime(null)
 2 APPPATH\Controllers\Home.php(291): App\Controllers\Home->load(null)
 3 SYSTEMPATH\CodeIgniter.php(932): App\Controllers\Home->getOptionsOfOrderGrid()
 4 SYSTEMPATH\CodeIgniter.php(497): CodeIgniter\CodeIgniter->runController(Object(App\Controllers\Home))
 5 SYSTEMPATH\CodeIgniter.php(366): CodeIgniter\CodeIgniter->handleRequest(null, Object(Config\Cache), false)
 6 FCPATH\index.php(68): CodeIgniter\CodeIgniter->run()
WARNING - 2023-10-23 18:31:08 --> [DEPRECATED] strtotime(): Passing null to parameter #1 ($datetime) of type string is deprecated in APPPATH\Controllers\Home.php on line 104.
 1 APPPATH\Controllers\Home.php(104): strtotime(null)
 2 APPPATH\Controllers\Home.php(291): App\Controllers\Home->load(null)
 3 SYSTEMPATH\CodeIgniter.php(932): App\Controllers\Home->getOptionsOfOrderGrid()
 4 SYSTEMPATH\CodeIgniter.php(497): CodeIgniter\CodeIgniter->runController(Object(App\Controllers\Home))
 5 SYSTEMPATH\CodeIgniter.php(366): CodeIgniter\CodeIgniter->handleRequest(null, Object(Config\Cache), false)
 6 FCPATH\index.php(68): CodeIgniter\CodeIgniter->run()
WARNING - 2023-10-23 18:31:08 --> [DEPRECATED] strtotime(): Passing null to parameter #1 ($datetime) of type string is deprecated in APPPATH\Controllers\Home.php on line 104.
 1 APPPATH\Controllers\Home.php(104): strtotime(null)
 2 APPPATH\Controllers\Home.php(291): App\Controllers\Home->load(null)
 3 SYSTEMPATH\CodeIgniter.php(932): App\Controllers\Home->getOptionsOfOrderGrid()
 4 SYSTEMPATH\CodeIgniter.php(497): CodeIgniter\CodeIgniter->runController(Object(App\Controllers\Home))
 5 SYSTEMPATH\CodeIgniter.php(366): CodeIgniter\CodeIgniter->handleRequest(null, Object(Config\Cache), false)
 6 FCPATH\index.php(68): CodeIgniter\CodeIgniter->run()
CRITICAL - 2023-10-23 18:31:33 --> Undefined array key "catalog_id"
in APPPATH\Controllers\Home.php on line 2717.
 1 APPPATH\Controllers\Home.php(2717): CodeIgniter\Debug\Exceptions->errorHandler(2, 'Undefined array key "catalog_id"', 'C:\\xampp\\htdocs\\babana\\app\\Controllers\\Home.php', 2717)
 2 SYSTEMPATH\CodeIgniter.php(932): App\Controllers\Home->exports()
 3 SYSTEMPATH\CodeIgniter.php(497): CodeIgniter\CodeIgniter->runController(Object(App\Controllers\Home))
 4 SYSTEMPATH\CodeIgniter.php(366): CodeIgniter\CodeIgniter->handleRequest(null, Object(Config\Cache), false)
 5 FCPATH\index.php(68): CodeIgniter\CodeIgniter->run()
CRITICAL - 2023-10-23 18:32:56 --> You tried to remove a sheet by the out of bounds index: Worksheet. The actual number of sheets is 2.
in FCPATH\vendor\phpoffice\phpspreadsheet\src\PhpSpreadsheet\Spreadsheet.php on line 671.
 1 APPPATH\Controllers\Home.php(2728): PhpOffice\PhpSpreadsheet\Spreadsheet->removeSheetByIndex('Worksheet')
 2 SYSTEMPATH\CodeIgniter.php(932): App\Controllers\Home->exports()
 3 SYSTEMPATH\CodeIgniter.php(497): CodeIgniter\CodeIgniter->runController(Object(App\Controllers\Home))
 4 SYSTEMPATH\CodeIgniter.php(366): CodeIgniter\CodeIgniter->handleRequest(null, Object(Config\Cache), false)
 5 FCPATH\index.php(68): CodeIgniter\CodeIgniter->run()
CRITICAL - 2023-10-23 18:33:25 --> You tried to remove a sheet by the out of bounds index: Worksheet. The actual number of sheets is 1.
in FCPATH\vendor\phpoffice\phpspreadsheet\src\PhpSpreadsheet\Spreadsheet.php on line 671.
 1 APPPATH\Controllers\Home.php(2633): PhpOffice\PhpSpreadsheet\Spreadsheet->removeSheetByIndex('Worksheet')
 2 SYSTEMPATH\CodeIgniter.php(932): App\Controllers\Home->exports()
 3 SYSTEMPATH\CodeIgniter.php(497): CodeIgniter\CodeIgniter->runController(Object(App\Controllers\Home))
 4 SYSTEMPATH\CodeIgniter.php(366): CodeIgniter\CodeIgniter->handleRequest(null, Object(Config\Cache), false)
 5 FCPATH\index.php(68): CodeIgniter\CodeIgniter->run()
WARNING - 2023-10-23 18:35:09 --> [DEPRECATED] strtotime(): Passing null to parameter #1 ($datetime) of type string is deprecated in APPPATH\Controllers\Home.php on line 104.
 1 APPPATH\Controllers\Home.php(104): strtotime(null)
 2 APPPATH\Controllers\Home.php(291): App\Controllers\Home->load(null)
 3 SYSTEMPATH\CodeIgniter.php(932): App\Controllers\Home->getOptionsOfOrderGrid()
 4 SYSTEMPATH\CodeIgniter.php(497): CodeIgniter\CodeIgniter->runController(Object(App\Controllers\Home))
 5 SYSTEMPATH\CodeIgniter.php(366): CodeIgniter\CodeIgniter->handleRequest(null, Object(Config\Cache), false)
 6 FCPATH\index.php(68): CodeIgniter\CodeIgniter->run()
WARNING - 2023-10-23 18:35:09 --> [DEPRECATED] strtotime(): Passing null to parameter #1 ($datetime) of type string is deprecated in APPPATH\Controllers\Home.php on line 104.
 1 APPPATH\Controllers\Home.php(104): strtotime(null)
 2 APPPATH\Controllers\Home.php(291): App\Controllers\Home->load(null)
 3 SYSTEMPATH\CodeIgniter.php(932): App\Controllers\Home->getOptionsOfOrderGrid()
 4 SYSTEMPATH\CodeIgniter.php(497): CodeIgniter\CodeIgniter->runController(Object(App\Controllers\Home))
 5 SYSTEMPATH\CodeIgniter.php(366): CodeIgniter\CodeIgniter->handleRequest(null, Object(Config\Cache), false)
 6 FCPATH\index.php(68): CodeIgniter\CodeIgniter->run()
WARNING - 2023-10-23 18:35:09 --> [DEPRECATED] strtotime(): Passing null to parameter #1 ($datetime) of type string is deprecated in APPPATH\Controllers\Home.php on line 104.
 1 APPPATH\Controllers\Home.php(104): strtotime(null)
 2 APPPATH\Controllers\Home.php(291): App\Controllers\Home->load(null)
 3 SYSTEMPATH\CodeIgniter.php(932): App\Controllers\Home->getOptionsOfOrderGrid()
 4 SYSTEMPATH\CodeIgniter.php(497): CodeIgniter\CodeIgniter->runController(Object(App\Controllers\Home))
 5 SYSTEMPATH\CodeIgniter.php(366): CodeIgniter\CodeIgniter->handleRequest(null, Object(Config\Cache), false)
 6 FCPATH\index.php(68): CodeIgniter\CodeIgniter->run()
WARNING - 2023-10-23 18:37:54 --> [DEPRECATED] strtotime(): Passing null to parameter #1 ($datetime) of type string is deprecated in APPPATH\Controllers\Home.php on line 104.
 1 APPPATH\Controllers\Home.php(104): strtotime(null)
 2 APPPATH\Controllers\Home.php(291): App\Controllers\Home->load(null)
 3 SYSTEMPATH\CodeIgniter.php(932): App\Controllers\Home->getOptionsOfOrderGrid()
 4 SYSTEMPATH\CodeIgniter.php(497): CodeIgniter\CodeIgniter->runController(Object(App\Controllers\Home))
 5 SYSTEMPATH\CodeIgniter.php(366): CodeIgniter\CodeIgniter->handleRequest(null, Object(Config\Cache), false)
 6 FCPATH\index.php(68): CodeIgniter\CodeIgniter->run()
WARNING - 2023-10-23 18:37:54 --> [DEPRECATED] strtotime(): Passing null to parameter #1 ($datetime) of type string is deprecated in APPPATH\Controllers\Home.php on line 104.
 1 APPPATH\Controllers\Home.php(104): strtotime(null)
 2 APPPATH\Controllers\Home.php(291): App\Controllers\Home->load(null)
 3 SYSTEMPATH\CodeIgniter.php(932): App\Controllers\Home->getOptionsOfOrderGrid()
 4 SYSTEMPATH\CodeIgniter.php(497): CodeIgniter\CodeIgniter->runController(Object(App\Controllers\Home))
 5 SYSTEMPATH\CodeIgniter.php(366): CodeIgniter\CodeIgniter->handleRequest(null, Object(Config\Cache), false)
 6 FCPATH\index.php(68): CodeIgniter\CodeIgniter->run()
WARNING - 2023-10-23 18:37:54 --> [DEPRECATED] strtotime(): Passing null to parameter #1 ($datetime) of type string is deprecated in APPPATH\Controllers\Home.php on line 104.
 1 APPPATH\Controllers\Home.php(104): strtotime(null)
 2 APPPATH\Controllers\Home.php(291): App\Controllers\Home->load(null)
 3 SYSTEMPATH\CodeIgniter.php(932): App\Controllers\Home->getOptionsOfOrderGrid()
 4 SYSTEMPATH\CodeIgniter.php(497): CodeIgniter\CodeIgniter->runController(Object(App\Controllers\Home))
 5 SYSTEMPATH\CodeIgniter.php(366): CodeIgniter\CodeIgniter->handleRequest(null, Object(Config\Cache), false)
 6 FCPATH\index.php(68): CodeIgniter\CodeIgniter->run()
WARNING - 2023-10-23 18:41:55 --> [DEPRECATED] strtotime(): Passing null to parameter #1 ($datetime) of type string is deprecated in APPPATH\Controllers\Home.php on line 104.
 1 APPPATH\Controllers\Home.php(104): strtotime(null)
 2 APPPATH\Controllers\Home.php(291): App\Controllers\Home->load(null)
 3 SYSTEMPATH\CodeIgniter.php(932): App\Controllers\Home->getOptionsOfOrderGrid()
 4 SYSTEMPATH\CodeIgniter.php(497): CodeIgniter\CodeIgniter->runController(Object(App\Controllers\Home))
 5 SYSTEMPATH\CodeIgniter.php(366): CodeIgniter\CodeIgniter->handleRequest(null, Object(Config\Cache), false)
 6 FCPATH\index.php(68): CodeIgniter\CodeIgniter->run()
WARNING - 2023-10-23 18:41:55 --> [DEPRECATED] strtotime(): Passing null to parameter #1 ($datetime) of type string is deprecated in APPPATH\Controllers\Home.php on line 104.
 1 APPPATH\Controllers\Home.php(104): strtotime(null)
 2 APPPATH\Controllers\Home.php(291): App\Controllers\Home->load(null)
 3 SYSTEMPATH\CodeIgniter.php(932): App\Controllers\Home->getOptionsOfOrderGrid()
 4 SYSTEMPATH\CodeIgniter.php(497): CodeIgniter\CodeIgniter->runController(Object(App\Controllers\Home))
 5 SYSTEMPATH\CodeIgniter.php(366): CodeIgniter\CodeIgniter->handleRequest(null, Object(Config\Cache), false)
 6 FCPATH\index.php(68): CodeIgniter\CodeIgniter->run()
WARNING - 2023-10-23 18:41:55 --> [DEPRECATED] strtotime(): Passing null to parameter #1 ($datetime) of type string is deprecated in APPPATH\Controllers\Home.php on line 104.
 1 APPPATH\Controllers\Home.php(104): strtotime(null)
 2 APPPATH\Controllers\Home.php(291): App\Controllers\Home->load(null)
 3 SYSTEMPATH\CodeIgniter.php(932): App\Controllers\Home->getOptionsOfOrderGrid()
 4 SYSTEMPATH\CodeIgniter.php(497): CodeIgniter\CodeIgniter->runController(Object(App\Controllers\Home))
 5 SYSTEMPATH\CodeIgniter.php(366): CodeIgniter\CodeIgniter->handleRequest(null, Object(Config\Cache), false)
 6 FCPATH\index.php(68): CodeIgniter\CodeIgniter->run()
WARNING - 2023-10-23 18:43:00 --> [DEPRECATED] strtotime(): Passing null to parameter #1 ($datetime) of type string is deprecated in APPPATH\Controllers\Home.php on line 104.
 1 APPPATH\Controllers\Home.php(104): strtotime(null)
 2 APPPATH\Controllers\Home.php(291): App\Controllers\Home->load(null)
 3 SYSTEMPATH\CodeIgniter.php(932): App\Controllers\Home->getOptionsOfOrderGrid()
 4 SYSTEMPATH\CodeIgniter.php(497): CodeIgniter\CodeIgniter->runController(Object(App\Controllers\Home))
 5 SYSTEMPATH\CodeIgniter.php(366): CodeIgniter\CodeIgniter->handleRequest(null, Object(Config\Cache), false)
 6 FCPATH\index.php(68): CodeIgniter\CodeIgniter->run()
WARNING - 2023-10-23 18:43:00 --> [DEPRECATED] strtotime(): Passing null to parameter #1 ($datetime) of type string is deprecated in APPPATH\Controllers\Home.php on line 104.
 1 APPPATH\Controllers\Home.php(104): strtotime(null)
 2 APPPATH\Controllers\Home.php(291): App\Controllers\Home->load(null)
 3 SYSTEMPATH\CodeIgniter.php(932): App\Controllers\Home->getOptionsOfOrderGrid()
 4 SYSTEMPATH\CodeIgniter.php(497): CodeIgniter\CodeIgniter->runController(Object(App\Controllers\Home))
 5 SYSTEMPATH\CodeIgniter.php(366): CodeIgniter\CodeIgniter->handleRequest(null, Object(Config\Cache), false)
 6 FCPATH\index.php(68): CodeIgniter\CodeIgniter->run()
WARNING - 2023-10-23 18:43:00 --> [DEPRECATED] strtotime(): Passing null to parameter #1 ($datetime) of type string is deprecated in APPPATH\Controllers\Home.php on line 104.
 1 APPPATH\Controllers\Home.php(104): strtotime(null)
 2 APPPATH\Controllers\Home.php(291): App\Controllers\Home->load(null)
 3 SYSTEMPATH\CodeIgniter.php(932): App\Controllers\Home->getOptionsOfOrderGrid()
 4 SYSTEMPATH\CodeIgniter.php(497): CodeIgniter\CodeIgniter->runController(Object(App\Controllers\Home))
 5 SYSTEMPATH\CodeIgniter.php(366): CodeIgniter\CodeIgniter->handleRequest(null, Object(Config\Cache), false)
 6 FCPATH\index.php(68): CodeIgniter\CodeIgniter->run()
WARNING - 2023-10-23 18:43:05 --> [DEPRECATED] strtotime(): Passing null to parameter #1 ($datetime) of type string is deprecated in APPPATH\Controllers\Home.php on line 104.
 1 APPPATH\Controllers\Home.php(104): strtotime(null)
 2 APPPATH\Controllers\Home.php(291): App\Controllers\Home->load(null)
 3 SYSTEMPATH\CodeIgniter.php(932): App\Controllers\Home->getOptionsOfOrderGrid()
 4 SYSTEMPATH\CodeIgniter.php(497): CodeIgniter\CodeIgniter->runController(Object(App\Controllers\Home))
 5 SYSTEMPATH\CodeIgniter.php(366): CodeIgniter\CodeIgniter->handleRequest(null, Object(Config\Cache), false)
 6 FCPATH\index.php(68): CodeIgniter\CodeIgniter->run()
WARNING - 2023-10-23 18:43:05 --> [DEPRECATED] strtotime(): Passing null to parameter #1 ($datetime) of type string is deprecated in APPPATH\Controllers\Home.php on line 104.
 1 APPPATH\Controllers\Home.php(104): strtotime(null)
 2 APPPATH\Controllers\Home.php(291): App\Controllers\Home->load(null)
 3 SYSTEMPATH\CodeIgniter.php(932): App\Controllers\Home->getOptionsOfOrderGrid()
 4 SYSTEMPATH\CodeIgniter.php(497): CodeIgniter\CodeIgniter->runController(Object(App\Controllers\Home))
 5 SYSTEMPATH\CodeIgniter.php(366): CodeIgniter\CodeIgniter->handleRequest(null, Object(Config\Cache), false)
 6 FCPATH\index.php(68): CodeIgniter\CodeIgniter->run()
WARNING - 2023-10-23 18:43:05 --> [DEPRECATED] strtotime(): Passing null to parameter #1 ($datetime) of type string is deprecated in APPPATH\Controllers\Home.php on line 104.
 1 APPPATH\Controllers\Home.php(104): strtotime(null)
 2 APPPATH\Controllers\Home.php(291): App\Controllers\Home->load(null)
 3 SYSTEMPATH\CodeIgniter.php(932): App\Controllers\Home->getOptionsOfOrderGrid()
 4 SYSTEMPATH\CodeIgniter.php(497): CodeIgniter\CodeIgniter->runController(Object(App\Controllers\Home))
 5 SYSTEMPATH\CodeIgniter.php(366): CodeIgniter\CodeIgniter->handleRequest(null, Object(Config\Cache), false)
 6 FCPATH\index.php(68): CodeIgniter\CodeIgniter->run()
WARNING - 2023-10-23 18:43:12 --> [DEPRECATED] strtotime(): Passing null to parameter #1 ($datetime) of type string is deprecated in APPPATH\Controllers\Home.php on line 104.
 1 APPPATH\Controllers\Home.php(104): strtotime(null)
 2 APPPATH\Controllers\Home.php(291): App\Controllers\Home->load(null)
 3 SYSTEMPATH\CodeIgniter.php(932): App\Controllers\Home->getOptionsOfOrderGrid()
 4 SYSTEMPATH\CodeIgniter.php(497): CodeIgniter\CodeIgniter->runController(Object(App\Controllers\Home))
 5 SYSTEMPATH\CodeIgniter.php(366): CodeIgniter\CodeIgniter->handleRequest(null, Object(Config\Cache), false)
 6 FCPATH\index.php(68): CodeIgniter\CodeIgniter->run()
WARNING - 2023-10-23 18:43:12 --> [DEPRECATED] strtotime(): Passing null to parameter #1 ($datetime) of type string is deprecated in APPPATH\Controllers\Home.php on line 104.
 1 APPPATH\Controllers\Home.php(104): strtotime(null)
 2 APPPATH\Controllers\Home.php(291): App\Controllers\Home->load(null)
 3 SYSTEMPATH\CodeIgniter.php(932): App\Controllers\Home->getOptionsOfOrderGrid()
 4 SYSTEMPATH\CodeIgniter.php(497): CodeIgniter\CodeIgniter->runController(Object(App\Controllers\Home))
 5 SYSTEMPATH\CodeIgniter.php(366): CodeIgniter\CodeIgniter->handleRequest(null, Object(Config\Cache), false)
 6 FCPATH\index.php(68): CodeIgniter\CodeIgniter->run()
WARNING - 2023-10-23 18:43:12 --> [DEPRECATED] strtotime(): Passing null to parameter #1 ($datetime) of type string is deprecated in APPPATH\Controllers\Home.php on line 104.
 1 APPPATH\Controllers\Home.php(104): strtotime(null)
 2 APPPATH\Controllers\Home.php(291): App\Controllers\Home->load(null)
 3 SYSTEMPATH\CodeIgniter.php(932): App\Controllers\Home->getOptionsOfOrderGrid()
 4 SYSTEMPATH\CodeIgniter.php(497): CodeIgniter\CodeIgniter->runController(Object(App\Controllers\Home))
 5 SYSTEMPATH\CodeIgniter.php(366): CodeIgniter\CodeIgniter->handleRequest(null, Object(Config\Cache), false)
 6 FCPATH\index.php(68): CodeIgniter\CodeIgniter->run()
WARNING - 2023-10-23 18:43:22 --> [DEPRECATED] strtotime(): Passing null to parameter #1 ($datetime) of type string is deprecated in APPPATH\Controllers\Home.php on line 104.
 1 APPPATH\Controllers\Home.php(104): strtotime(null)
 2 APPPATH\Controllers\Home.php(291): App\Controllers\Home->load(null)
 3 SYSTEMPATH\CodeIgniter.php(932): App\Controllers\Home->getOptionsOfOrderGrid()
 4 SYSTEMPATH\CodeIgniter.php(497): CodeIgniter\CodeIgniter->runController(Object(App\Controllers\Home))
 5 SYSTEMPATH\CodeIgniter.php(366): CodeIgniter\CodeIgniter->handleRequest(null, Object(Config\Cache), false)
 6 FCPATH\index.php(68): CodeIgniter\CodeIgniter->run()
WARNING - 2023-10-23 18:43:22 --> [DEPRECATED] strtotime(): Passing null to parameter #1 ($datetime) of type string is deprecated in APPPATH\Controllers\Home.php on line 104.
 1 APPPATH\Controllers\Home.php(104): strtotime(null)
 2 APPPATH\Controllers\Home.php(291): App\Controllers\Home->load(null)
 3 SYSTEMPATH\CodeIgniter.php(932): App\Controllers\Home->getOptionsOfOrderGrid()
 4 SYSTEMPATH\CodeIgniter.php(497): CodeIgniter\CodeIgniter->runController(Object(App\Controllers\Home))
 5 SYSTEMPATH\CodeIgniter.php(366): CodeIgniter\CodeIgniter->handleRequest(null, Object(Config\Cache), false)
 6 FCPATH\index.php(68): CodeIgniter\CodeIgniter->run()
WARNING - 2023-10-23 18:43:22 --> [DEPRECATED] strtotime(): Passing null to parameter #1 ($datetime) of type string is deprecated in APPPATH\Controllers\Home.php on line 104.
 1 APPPATH\Controllers\Home.php(104): strtotime(null)
 2 APPPATH\Controllers\Home.php(291): App\Controllers\Home->load(null)
 3 SYSTEMPATH\CodeIgniter.php(932): App\Controllers\Home->getOptionsOfOrderGrid()
 4 SYSTEMPATH\CodeIgniter.php(497): CodeIgniter\CodeIgniter->runController(Object(App\Controllers\Home))
 5 SYSTEMPATH\CodeIgniter.php(366): CodeIgniter\CodeIgniter->handleRequest(null, Object(Config\Cache), false)
 6 FCPATH\index.php(68): CodeIgniter\CodeIgniter->run()
WARNING - 2023-10-23 18:44:33 --> [DEPRECATED] strtotime(): Passing null to parameter #1 ($datetime) of type string is deprecated in APPPATH\Controllers\Home.php on line 104.
 1 APPPATH\Controllers\Home.php(104): strtotime(null)
 2 APPPATH\Controllers\Home.php(291): App\Controllers\Home->load(null)
 3 SYSTEMPATH\CodeIgniter.php(932): App\Controllers\Home->getOptionsOfOrderGrid()
 4 SYSTEMPATH\CodeIgniter.php(497): CodeIgniter\CodeIgniter->runController(Object(App\Controllers\Home))
 5 SYSTEMPATH\CodeIgniter.php(366): CodeIgniter\CodeIgniter->handleRequest(null, Object(Config\Cache), false)
 6 FCPATH\index.php(68): CodeIgniter\CodeIgniter->run()
WARNING - 2023-10-23 18:47:09 --> [DEPRECATED] strtotime(): Passing null to parameter #1 ($datetime) of type string is deprecated in APPPATH\Controllers\Home.php on line 104.
 1 APPPATH\Controllers\Home.php(104): strtotime(null)
 2 APPPATH\Controllers\Home.php(291): App\Controllers\Home->load(null)
 3 SYSTEMPATH\CodeIgniter.php(932): App\Controllers\Home->getOptionsOfOrderGrid()
 4 SYSTEMPATH\CodeIgniter.php(497): CodeIgniter\CodeIgniter->runController(Object(App\Controllers\Home))
 5 SYSTEMPATH\CodeIgniter.php(366): CodeIgniter\CodeIgniter->handleRequest(null, Object(Config\Cache), false)
 6 FCPATH\index.php(68): CodeIgniter\CodeIgniter->run()
WARNING - 2023-10-23 18:47:35 --> [DEPRECATED] strtotime(): Passing null to parameter #1 ($datetime) of type string is deprecated in APPPATH\Controllers\Home.php on line 104.
 1 APPPATH\Controllers\Home.php(104): strtotime(null)
 2 APPPATH\Controllers\Home.php(291): App\Controllers\Home->load(null)
 3 SYSTEMPATH\CodeIgniter.php(932): App\Controllers\Home->getOptionsOfOrderGrid()
 4 SYSTEMPATH\CodeIgniter.php(497): CodeIgniter\CodeIgniter->runController(Object(App\Controllers\Home))
 5 SYSTEMPATH\CodeIgniter.php(366): CodeIgniter\CodeIgniter->handleRequest(null, Object(Config\Cache), false)
 6 FCPATH\index.php(68): CodeIgniter\CodeIgniter->run()
WARNING - 2023-10-23 18:47:45 --> [DEPRECATED] strtotime(): Passing null to parameter #1 ($datetime) of type string is deprecated in APPPATH\Controllers\Home.php on line 104.
 1 APPPATH\Controllers\Home.php(104): strtotime(null)
 2 APPPATH\Controllers\Home.php(291): App\Controllers\Home->load(null)
 3 SYSTEMPATH\CodeIgniter.php(932): App\Controllers\Home->getOptionsOfOrderGrid()
 4 SYSTEMPATH\CodeIgniter.php(497): CodeIgniter\CodeIgniter->runController(Object(App\Controllers\Home))
 5 SYSTEMPATH\CodeIgniter.php(366): CodeIgniter\CodeIgniter->handleRequest(null, Object(Config\Cache), false)
 6 FCPATH\index.php(68): CodeIgniter\CodeIgniter->run()
WARNING - 2023-10-23 18:53:49 --> [DEPRECATED] strtotime(): Passing null to parameter #1 ($datetime) of type string is deprecated in APPPATH\Controllers\Home.php on line 104.
 1 APPPATH\Controllers\Home.php(104): strtotime(null)
 2 APPPATH\Controllers\Home.php(291): App\Controllers\Home->load(null)
 3 SYSTEMPATH\CodeIgniter.php(932): App\Controllers\Home->getOptionsOfOrderGrid()
 4 SYSTEMPATH\CodeIgniter.php(497): CodeIgniter\CodeIgniter->runController(Object(App\Controllers\Home))
 5 SYSTEMPATH\CodeIgniter.php(366): CodeIgniter\CodeIgniter->handleRequest(null, Object(Config\Cache), false)
 6 FCPATH\index.php(68): CodeIgniter\CodeIgniter->run()
WARNING - 2023-10-23 18:56:06 --> [DEPRECATED] strtotime(): Passing null to parameter #1 ($datetime) of type string is deprecated in APPPATH\Controllers\Home.php on line 104.
 1 APPPATH\Controllers\Home.php(104): strtotime(null)
 2 APPPATH\Controllers\Home.php(291): App\Controllers\Home->load(null)
 3 SYSTEMPATH\CodeIgniter.php(932): App\Controllers\Home->getOptionsOfOrderGrid()
 4 SYSTEMPATH\CodeIgniter.php(497): CodeIgniter\CodeIgniter->runController(Object(App\Controllers\Home))
 5 SYSTEMPATH\CodeIgniter.php(366): CodeIgniter\CodeIgniter->handleRequest(null, Object(Config\Cache), false)
 6 FCPATH\index.php(68): CodeIgniter\CodeIgniter->run()
CRITICAL - 2023-10-23 18:56:09 --> Undefined property: stdClass::$trans_date
in APPPATH\Controllers\Home.php on line 2018.
 1 APPPATH\Controllers\Home.php(2018): CodeIgniter\Debug\Exceptions->errorHandler(2, 'Undefined property: stdClass::$trans_date', 'C:\\xampp\\htdocs\\babana\\app\\Controllers\\Home.php', 2018)
 2 SYSTEMPATH\CodeIgniter.php(932): App\Controllers\Home->transaction()
 3 SYSTEMPATH\CodeIgniter.php(497): CodeIgniter\CodeIgniter->runController(Object(App\Controllers\Home))
 4 SYSTEMPATH\CodeIgniter.php(366): CodeIgniter\CodeIgniter->handleRequest(null, Object(Config\Cache), false)
 5 FCPATH\index.php(68): CodeIgniter\CodeIgniter->run()
WARNING - 2023-10-23 18:56:55 --> [DEPRECATED] strtotime(): Passing null to parameter #1 ($datetime) of type string is deprecated in APPPATH\Controllers\Home.php on line 104.
 1 APPPATH\Controllers\Home.php(104): strtotime(null)
 2 APPPATH\Controllers\Home.php(291): App\Controllers\Home->load(null)
 3 SYSTEMPATH\CodeIgniter.php(932): App\Controllers\Home->getOptionsOfOrderGrid()
 4 SYSTEMPATH\CodeIgniter.php(497): CodeIgniter\CodeIgniter->runController(Object(App\Controllers\Home))
 5 SYSTEMPATH\CodeIgniter.php(366): CodeIgniter\CodeIgniter->handleRequest(null, Object(Config\Cache), false)
 6 FCPATH\index.php(68): CodeIgniter\CodeIgniter->run()
CRITICAL - 2023-10-23 18:56:58 --> date(): Argument #2 ($timestamp) must be of type ?int, string given
in APPPATH\Controllers\Home.php on line 2018.
 1 APPPATH\Controllers\Home.php(2018): date('d-m-Y H:i:s', '2023-10-17 09:22:09')
 2 SYSTEMPATH\CodeIgniter.php(932): App\Controllers\Home->transaction()
 3 SYSTEMPATH\CodeIgniter.php(497): CodeIgniter\CodeIgniter->runController(Object(App\Controllers\Home))
 4 SYSTEMPATH\CodeIgniter.php(366): CodeIgniter\CodeIgniter->handleRequest(null, Object(Config\Cache), false)
 5 FCPATH\index.php(68): CodeIgniter\CodeIgniter->run()
CRITICAL - 2023-10-23 18:57:33 --> date(): Argument #2 ($timestamp) must be of type ?int, string given
in APPPATH\Controllers\Home.php on line 2018.
 1 APPPATH\Controllers\Home.php(2018): date('d-m-Y H:i:s', '2023-10-17 09:22:09')
 2 SYSTEMPATH\CodeIgniter.php(932): App\Controllers\Home->transaction()
 3 SYSTEMPATH\CodeIgniter.php(497): CodeIgniter\CodeIgniter->runController(Object(App\Controllers\Home))
 4 SYSTEMPATH\CodeIgniter.php(366): CodeIgniter\CodeIgniter->handleRequest(null, Object(Config\Cache), false)
 5 FCPATH\index.php(68): CodeIgniter\CodeIgniter->run()
WARNING - 2023-10-23 18:57:44 --> [DEPRECATED] strtotime(): Passing null to parameter #1 ($datetime) of type string is deprecated in APPPATH\Controllers\Home.php on line 104.
 1 APPPATH\Controllers\Home.php(104): strtotime(null)
 2 APPPATH\Controllers\Home.php(291): App\Controllers\Home->load(null)
 3 SYSTEMPATH\CodeIgniter.php(932): App\Controllers\Home->getOptionsOfOrderGrid()
 4 SYSTEMPATH\CodeIgniter.php(497): CodeIgniter\CodeIgniter->runController(Object(App\Controllers\Home))
 5 SYSTEMPATH\CodeIgniter.php(366): CodeIgniter\CodeIgniter->handleRequest(null, Object(Config\Cache), false)
 6 FCPATH\index.php(68): CodeIgniter\CodeIgniter->run()
CRITICAL - 2023-10-23 18:57:46 --> date(): Argument #2 ($timestamp) must be of type ?int, string given
in APPPATH\Controllers\Home.php on line 2018.
 1 APPPATH\Controllers\Home.php(2018): date('d-m-Y H:i:s', '2023-10-17 09:22:09')
 2 SYSTEMPATH\CodeIgniter.php(932): App\Controllers\Home->transaction()
 3 SYSTEMPATH\CodeIgniter.php(497): CodeIgniter\CodeIgniter->runController(Object(App\Controllers\Home))
 4 SYSTEMPATH\CodeIgniter.php(366): CodeIgniter\CodeIgniter->handleRequest(null, Object(Config\Cache), false)
 5 FCPATH\index.php(68): CodeIgniter\CodeIgniter->run()
CRITICAL - 2023-10-23 18:58:15 --> date(): Argument #2 ($timestamp) must be of type ?int, string given
in APPPATH\Controllers\Home.php on line 2018.
 1 APPPATH\Controllers\Home.php(2018): date('d-m-Y H:i:s', '2023-10-17 09:22:09')
 2 SYSTEMPATH\CodeIgniter.php(932): App\Controllers\Home->transaction()
 3 SYSTEMPATH\CodeIgniter.php(497): CodeIgniter\CodeIgniter->runController(Object(App\Controllers\Home))
 4 SYSTEMPATH\CodeIgniter.php(366): CodeIgniter\CodeIgniter->handleRequest(null, Object(Config\Cache), false)
 5 FCPATH\index.php(68): CodeIgniter\CodeIgniter->run()
WARNING - 2023-10-23 18:58:39 --> [DEPRECATED] strtotime(): Passing null to parameter #1 ($datetime) of type string is deprecated in APPPATH\Controllers\Home.php on line 104.
 1 APPPATH\Controllers\Home.php(104): strtotime(null)
 2 APPPATH\Controllers\Home.php(291): App\Controllers\Home->load(null)
 3 SYSTEMPATH\CodeIgniter.php(932): App\Controllers\Home->getOptionsOfOrderGrid()
 4 SYSTEMPATH\CodeIgniter.php(497): CodeIgniter\CodeIgniter->runController(Object(App\Controllers\Home))
 5 SYSTEMPATH\CodeIgniter.php(366): CodeIgniter\CodeIgniter->handleRequest(null, Object(Config\Cache), false)
 6 FCPATH\index.php(68): CodeIgniter\CodeIgniter->run()
WARNING - 2023-10-23 18:59:03 --> [DEPRECATED] strtotime(): Passing null to parameter #1 ($datetime) of type string is deprecated in APPPATH\Controllers\Home.php on line 104.
 1 APPPATH\Controllers\Home.php(104): strtotime(null)
 2 APPPATH\Controllers\Home.php(291): App\Controllers\Home->load(null)
 3 SYSTEMPATH\CodeIgniter.php(932): App\Controllers\Home->getOptionsOfOrderGrid()
 4 SYSTEMPATH\CodeIgniter.php(497): CodeIgniter\CodeIgniter->runController(Object(App\Controllers\Home))
 5 SYSTEMPATH\CodeIgniter.php(366): CodeIgniter\CodeIgniter->handleRequest(null, Object(Config\Cache), false)
 6 FCPATH\index.php(68): CodeIgniter\CodeIgniter->run()
WARNING - 2023-10-23 19:01:16 --> [DEPRECATED] strtotime(): Passing null to parameter #1 ($datetime) of type string is deprecated in APPPATH\Controllers\Home.php on line 104.
 1 APPPATH\Controllers\Home.php(104): strtotime(null)
 2 APPPATH\Controllers\Home.php(291): App\Controllers\Home->load(null)
 3 SYSTEMPATH\CodeIgniter.php(932): App\Controllers\Home->getOptionsOfOrderGrid()
 4 SYSTEMPATH\CodeIgniter.php(497): CodeIgniter\CodeIgniter->runController(Object(App\Controllers\Home))
 5 SYSTEMPATH\CodeIgniter.php(366): CodeIgniter\CodeIgniter->handleRequest(null, Object(Config\Cache), false)
 6 FCPATH\index.php(68): CodeIgniter\CodeIgniter->run()
WARNING - 2023-10-23 19:01:35 --> [DEPRECATED] strtotime(): Passing null to parameter #1 ($datetime) of type string is deprecated in APPPATH\Controllers\Home.php on line 104.
 1 APPPATH\Controllers\Home.php(104): strtotime(null)
 2 APPPATH\Controllers\Home.php(291): App\Controllers\Home->load(null)
 3 SYSTEMPATH\CodeIgniter.php(932): App\Controllers\Home->getOptionsOfOrderGrid()
 4 SYSTEMPATH\CodeIgniter.php(497): CodeIgniter\CodeIgniter->runController(Object(App\Controllers\Home))
 5 SYSTEMPATH\CodeIgniter.php(366): CodeIgniter\CodeIgniter->handleRequest(null, Object(Config\Cache), false)
 6 FCPATH\index.php(68): CodeIgniter\CodeIgniter->run()
WARNING - 2023-10-23 19:02:06 --> [DEPRECATED] strtotime(): Passing null to parameter #1 ($datetime) of type string is deprecated in APPPATH\Controllers\Home.php on line 104.
 1 APPPATH\Controllers\Home.php(104): strtotime(null)
 2 APPPATH\Controllers\Home.php(291): App\Controllers\Home->load(null)
 3 SYSTEMPATH\CodeIgniter.php(932): App\Controllers\Home->getOptionsOfOrderGrid()
 4 SYSTEMPATH\CodeIgniter.php(497): CodeIgniter\CodeIgniter->runController(Object(App\Controllers\Home))
 5 SYSTEMPATH\CodeIgniter.php(366): CodeIgniter\CodeIgniter->handleRequest(null, Object(Config\Cache), false)
 6 FCPATH\index.php(68): CodeIgniter\CodeIgniter->run()
WARNING - 2023-10-23 19:03:46 --> [DEPRECATED] strtotime(): Passing null to parameter #1 ($datetime) of type string is deprecated in APPPATH\Controllers\Home.php on line 104.
 1 APPPATH\Controllers\Home.php(104): strtotime(null)
 2 APPPATH\Controllers\Home.php(291): App\Controllers\Home->load(null)
 3 SYSTEMPATH\CodeIgniter.php(932): App\Controllers\Home->getOptionsOfOrderGrid()
 4 SYSTEMPATH\CodeIgniter.php(497): CodeIgniter\CodeIgniter->runController(Object(App\Controllers\Home))
 5 SYSTEMPATH\CodeIgniter.php(366): CodeIgniter\CodeIgniter->handleRequest(null, Object(Config\Cache), false)
 6 FCPATH\index.php(68): CodeIgniter\CodeIgniter->run()
WARNING - 2023-10-23 19:04:21 --> [DEPRECATED] strtotime(): Passing null to parameter #1 ($datetime) of type string is deprecated in APPPATH\Controllers\Home.php on line 104.
 1 APPPATH\Controllers\Home.php(104): strtotime(null)
 2 APPPATH\Controllers\Home.php(291): App\Controllers\Home->load(null)
 3 SYSTEMPATH\CodeIgniter.php(932): App\Controllers\Home->getOptionsOfOrderGrid()
 4 SYSTEMPATH\CodeIgniter.php(497): CodeIgniter\CodeIgniter->runController(Object(App\Controllers\Home))
 5 SYSTEMPATH\CodeIgniter.php(366): CodeIgniter\CodeIgniter->handleRequest(null, Object(Config\Cache), false)
 6 FCPATH\index.php(68): CodeIgniter\CodeIgniter->run()
WARNING - 2023-10-23 19:04:43 --> [DEPRECATED] strtotime(): Passing null to parameter #1 ($datetime) of type string is deprecated in APPPATH\Controllers\Home.php on line 104.
 1 APPPATH\Controllers\Home.php(104): strtotime(null)
 2 APPPATH\Controllers\Home.php(291): App\Controllers\Home->load(null)
 3 SYSTEMPATH\CodeIgniter.php(932): App\Controllers\Home->getOptionsOfOrderGrid()
 4 SYSTEMPATH\CodeIgniter.php(497): CodeIgniter\CodeIgniter->runController(Object(App\Controllers\Home))
 5 SYSTEMPATH\CodeIgniter.php(366): CodeIgniter\CodeIgniter->handleRequest(null, Object(Config\Cache), false)
 6 FCPATH\index.php(68): CodeIgniter\CodeIgniter->run()
WARNING - 2023-10-23 19:04:58 --> [DEPRECATED] strtotime(): Passing null to parameter #1 ($datetime) of type string is deprecated in APPPATH\Controllers\Home.php on line 104.
 1 APPPATH\Controllers\Home.php(104): strtotime(null)
 2 APPPATH\Controllers\Home.php(291): App\Controllers\Home->load(null)
 3 SYSTEMPATH\CodeIgniter.php(932): App\Controllers\Home->getOptionsOfOrderGrid()
 4 SYSTEMPATH\CodeIgniter.php(497): CodeIgniter\CodeIgniter->runController(Object(App\Controllers\Home))
 5 SYSTEMPATH\CodeIgniter.php(366): CodeIgniter\CodeIgniter->handleRequest(null, Object(Config\Cache), false)
 6 FCPATH\index.php(68): CodeIgniter\CodeIgniter->run()
WARNING - 2023-10-23 19:05:07 --> [DEPRECATED] strtotime(): Passing null to parameter #1 ($datetime) of type string is deprecated in APPPATH\Controllers\Home.php on line 104.
 1 APPPATH\Controllers\Home.php(104): strtotime(null)
 2 APPPATH\Controllers\Home.php(291): App\Controllers\Home->load(null)
 3 SYSTEMPATH\CodeIgniter.php(932): App\Controllers\Home->getOptionsOfOrderGrid()
 4 SYSTEMPATH\CodeIgniter.php(497): CodeIgniter\CodeIgniter->runController(Object(App\Controllers\Home))
 5 SYSTEMPATH\CodeIgniter.php(366): CodeIgniter\CodeIgniter->handleRequest(null, Object(Config\Cache), false)
 6 FCPATH\index.php(68): CodeIgniter\CodeIgniter->run()
WARNING - 2023-10-23 19:05:20 --> [DEPRECATED] strtotime(): Passing null to parameter #1 ($datetime) of type string is deprecated in APPPATH\Controllers\Home.php on line 104.
 1 APPPATH\Controllers\Home.php(104): strtotime(null)
 2 APPPATH\Controllers\Home.php(291): App\Controllers\Home->load(null)
 3 SYSTEMPATH\CodeIgniter.php(932): App\Controllers\Home->getOptionsOfOrderGrid()
 4 SYSTEMPATH\CodeIgniter.php(497): CodeIgniter\CodeIgniter->runController(Object(App\Controllers\Home))
 5 SYSTEMPATH\CodeIgniter.php(366): CodeIgniter\CodeIgniter->handleRequest(null, Object(Config\Cache), false)
 6 FCPATH\index.php(68): CodeIgniter\CodeIgniter->run()
WARNING - 2023-10-23 19:05:36 --> [DEPRECATED] strtotime(): Passing null to parameter #1 ($datetime) of type string is deprecated in APPPATH\Controllers\Home.php on line 104.
 1 APPPATH\Controllers\Home.php(104): strtotime(null)
 2 APPPATH\Controllers\Home.php(291): App\Controllers\Home->load(null)
 3 SYSTEMPATH\CodeIgniter.php(932): App\Controllers\Home->getOptionsOfOrderGrid()
 4 SYSTEMPATH\CodeIgniter.php(497): CodeIgniter\CodeIgniter->runController(Object(App\Controllers\Home))
 5 SYSTEMPATH\CodeIgniter.php(366): CodeIgniter\CodeIgniter->handleRequest(null, Object(Config\Cache), false)
 6 FCPATH\index.php(68): CodeIgniter\CodeIgniter->run()
WARNING - 2023-10-23 19:06:11 --> [DEPRECATED] strtotime(): Passing null to parameter #1 ($datetime) of type string is deprecated in APPPATH\Controllers\Home.php on line 104.
 1 APPPATH\Controllers\Home.php(104): strtotime(null)
 2 APPPATH\Controllers\Home.php(291): App\Controllers\Home->load(null)
 3 SYSTEMPATH\CodeIgniter.php(932): App\Controllers\Home->getOptionsOfOrderGrid()
 4 SYSTEMPATH\CodeIgniter.php(497): CodeIgniter\CodeIgniter->runController(Object(App\Controllers\Home))
 5 SYSTEMPATH\CodeIgniter.php(366): CodeIgniter\CodeIgniter->handleRequest(null, Object(Config\Cache), false)
 6 FCPATH\index.php(68): CodeIgniter\CodeIgniter->run()
WARNING - 2023-10-23 19:06:33 --> [DEPRECATED] strtotime(): Passing null to parameter #1 ($datetime) of type string is deprecated in APPPATH\Controllers\Home.php on line 104.
 1 APPPATH\Controllers\Home.php(104): strtotime(null)
 2 APPPATH\Controllers\Home.php(291): App\Controllers\Home->load(null)
 3 SYSTEMPATH\CodeIgniter.php(932): App\Controllers\Home->getOptionsOfOrderGrid()
 4 SYSTEMPATH\CodeIgniter.php(497): CodeIgniter\CodeIgniter->runController(Object(App\Controllers\Home))
 5 SYSTEMPATH\CodeIgniter.php(366): CodeIgniter\CodeIgniter->handleRequest(null, Object(Config\Cache), false)
 6 FCPATH\index.php(68): CodeIgniter\CodeIgniter->run()
WARNING - 2023-10-23 19:06:47 --> [DEPRECATED] strtotime(): Passing null to parameter #1 ($datetime) of type string is deprecated in APPPATH\Controllers\Home.php on line 104.
 1 APPPATH\Controllers\Home.php(104): strtotime(null)
 2 APPPATH\Controllers\Home.php(291): App\Controllers\Home->load(null)
 3 SYSTEMPATH\CodeIgniter.php(932): App\Controllers\Home->getOptionsOfOrderGrid()
 4 SYSTEMPATH\CodeIgniter.php(497): CodeIgniter\CodeIgniter->runController(Object(App\Controllers\Home))
 5 SYSTEMPATH\CodeIgniter.php(366): CodeIgniter\CodeIgniter->handleRequest(null, Object(Config\Cache), false)
 6 FCPATH\index.php(68): CodeIgniter\CodeIgniter->run()
WARNING - 2023-10-23 19:09:56 --> [DEPRECATED] strtotime(): Passing null to parameter #1 ($datetime) of type string is deprecated in APPPATH\Controllers\Home.php on line 104.
 1 APPPATH\Controllers\Home.php(104): strtotime(null)
 2 APPPATH\Controllers\Home.php(291): App\Controllers\Home->load(null)
 3 SYSTEMPATH\CodeIgniter.php(932): App\Controllers\Home->getOptionsOfOrderGrid()
 4 SYSTEMPATH\CodeIgniter.php(497): CodeIgniter\CodeIgniter->runController(Object(App\Controllers\Home))
 5 SYSTEMPATH\CodeIgniter.php(366): CodeIgniter\CodeIgniter->handleRequest(null, Object(Config\Cache), false)
 6 FCPATH\index.php(68): CodeIgniter\CodeIgniter->run()
WARNING - 2023-10-23 19:11:10 --> [DEPRECATED] strtotime(): Passing null to parameter #1 ($datetime) of type string is deprecated in APPPATH\Controllers\Home.php on line 104.
 1 APPPATH\Controllers\Home.php(104): strtotime(null)
 2 APPPATH\Controllers\Home.php(291): App\Controllers\Home->load(null)
 3 SYSTEMPATH\CodeIgniter.php(932): App\Controllers\Home->getOptionsOfOrderGrid()
 4 SYSTEMPATH\CodeIgniter.php(497): CodeIgniter\CodeIgniter->runController(Object(App\Controllers\Home))
 5 SYSTEMPATH\CodeIgniter.php(366): CodeIgniter\CodeIgniter->handleRequest(null, Object(Config\Cache), false)
 6 FCPATH\index.php(68): CodeIgniter\CodeIgniter->run()
WARNING - 2023-10-23 19:45:59 --> [DEPRECATED] strtotime(): Passing null to parameter #1 ($datetime) of type string is deprecated in APPPATH\Controllers\Home.php on line 104.
 1 APPPATH\Controllers\Home.php(104): strtotime(null)
 2 APPPATH\Controllers\Home.php(291): App\Controllers\Home->load(null)
 3 SYSTEMPATH\CodeIgniter.php(932): App\Controllers\Home->getOptionsOfOrderGrid()
 4 SYSTEMPATH\CodeIgniter.php(497): CodeIgniter\CodeIgniter->runController(Object(App\Controllers\Home))
 5 SYSTEMPATH\CodeIgniter.php(366): CodeIgniter\CodeIgniter->handleRequest(null, Object(Config\Cache), false)
 6 FCPATH\index.php(68): CodeIgniter\CodeIgniter->run()
CRITICAL - 2023-10-23 19:46:03 --> Undefined property: stdClass::$catalog_id
in APPPATH\Controllers\Home.php on line 2407.
 1 APPPATH\Controllers\Home.php(2407): CodeIgniter\Debug\Exceptions->errorHandler(2, 'Undefined property: stdClass::$catalog_id', 'C:\\xampp\\htdocs\\babana\\app\\Controllers\\Home.php', 2407)
 2 SYSTEMPATH\CodeIgniter.php(932): App\Controllers\Home->menu()
 3 SYSTEMPATH\CodeIgniter.php(497): CodeIgniter\CodeIgniter->runController(Object(App\Controllers\Home))
 4 SYSTEMPATH\CodeIgniter.php(366): CodeIgniter\CodeIgniter->handleRequest(null, Object(Config\Cache), false)
 5 FCPATH\index.php(68): CodeIgniter\CodeIgniter->run()
CRITICAL - 2023-10-23 19:46:52 --> Undefined property: stdClass::$catalog_id
in APPPATH\Controllers\Home.php on line 2407.
 1 APPPATH\Controllers\Home.php(2407): CodeIgniter\Debug\Exceptions->errorHandler(2, 'Undefined property: stdClass::$catalog_id', 'C:\\xampp\\htdocs\\babana\\app\\Controllers\\Home.php', 2407)
 2 SYSTEMPATH\CodeIgniter.php(932): App\Controllers\Home->menu()
 3 SYSTEMPATH\CodeIgniter.php(497): CodeIgniter\CodeIgniter->runController(Object(App\Controllers\Home))
 4 SYSTEMPATH\CodeIgniter.php(366): CodeIgniter\CodeIgniter->handleRequest(null, Object(Config\Cache), false)
 5 FCPATH\index.php(68): CodeIgniter\CodeIgniter->run()
CRITICAL - 2023-10-23 19:47:05 --> Undefined property: stdClass::$catalog_id
in APPPATH\Controllers\Home.php on line 2407.
 1 APPPATH\Controllers\Home.php(2407): CodeIgniter\Debug\Exceptions->errorHandler(2, 'Undefined property: stdClass::$catalog_id', 'C:\\xampp\\htdocs\\babana\\app\\Controllers\\Home.php', 2407)
 2 SYSTEMPATH\CodeIgniter.php(932): App\Controllers\Home->menu()
 3 SYSTEMPATH\CodeIgniter.php(497): CodeIgniter\CodeIgniter->runController(Object(App\Controllers\Home))
 4 SYSTEMPATH\CodeIgniter.php(366): CodeIgniter\CodeIgniter->handleRequest(null, Object(Config\Cache), false)
 5 FCPATH\index.php(68): CodeIgniter\CodeIgniter->run()
WARNING - 2023-10-23 19:48:40 --> [DEPRECATED] strtotime(): Passing null to parameter #1 ($datetime) of type string is deprecated in APPPATH\Controllers\Home.php on line 104.
 1 APPPATH\Controllers\Home.php(104): strtotime(null)
 2 APPPATH\Controllers\Home.php(291): App\Controllers\Home->load(null)
 3 SYSTEMPATH\CodeIgniter.php(932): App\Controllers\Home->getOptionsOfOrderGrid()
 4 SYSTEMPATH\CodeIgniter.php(497): CodeIgniter\CodeIgniter->runController(Object(App\Controllers\Home))
 5 SYSTEMPATH\CodeIgniter.php(366): CodeIgniter\CodeIgniter->handleRequest(null, Object(Config\Cache), false)
 6 FCPATH\index.php(68): CodeIgniter\CodeIgniter->run()
WARNING - 2023-10-23 19:48:56 --> [DEPRECATED] strtotime(): Passing null to parameter #1 ($datetime) of type string is deprecated in APPPATH\Controllers\Home.php on line 104.
 1 APPPATH\Controllers\Home.php(104): strtotime(null)
 2 APPPATH\Controllers\Home.php(291): App\Controllers\Home->load(null)
 3 SYSTEMPATH\CodeIgniter.php(932): App\Controllers\Home->getOptionsOfOrderGrid()
 4 SYSTEMPATH\CodeIgniter.php(497): CodeIgniter\CodeIgniter->runController(Object(App\Controllers\Home))
 5 SYSTEMPATH\CodeIgniter.php(366): CodeIgniter\CodeIgniter->handleRequest(null, Object(Config\Cache), false)
 6 FCPATH\index.php(68): CodeIgniter\CodeIgniter->run()
WARNING - 2023-10-23 19:49:07 --> [DEPRECATED] strtotime(): Passing null to parameter #1 ($datetime) of type string is deprecated in APPPATH\Controllers\Home.php on line 104.
 1 APPPATH\Controllers\Home.php(104): strtotime(null)
 2 APPPATH\Controllers\Home.php(291): App\Controllers\Home->load(null)
 3 SYSTEMPATH\CodeIgniter.php(932): App\Controllers\Home->getOptionsOfOrderGrid()
 4 SYSTEMPATH\CodeIgniter.php(497): CodeIgniter\CodeIgniter->runController(Object(App\Controllers\Home))
 5 SYSTEMPATH\CodeIgniter.php(366): CodeIgniter\CodeIgniter->handleRequest(null, Object(Config\Cache), false)
 6 FCPATH\index.php(68): CodeIgniter\CodeIgniter->run()
WARNING - 2023-10-23 19:50:40 --> [DEPRECATED] strtotime(): Passing null to parameter #1 ($datetime) of type string is deprecated in APPPATH\Controllers\Home.php on line 104.
 1 APPPATH\Controllers\Home.php(104): strtotime(null)
 2 APPPATH\Controllers\Home.php(291): App\Controllers\Home->load(null)
 3 SYSTEMPATH\CodeIgniter.php(932): App\Controllers\Home->getOptionsOfOrderGrid()
 4 SYSTEMPATH\CodeIgniter.php(497): CodeIgniter\CodeIgniter->runController(Object(App\Controllers\Home))
 5 SYSTEMPATH\CodeIgniter.php(366): CodeIgniter\CodeIgniter->handleRequest(null, Object(Config\Cache), false)
 6 FCPATH\index.php(68): CodeIgniter\CodeIgniter->run()
WARNING - 2023-10-23 19:52:30 --> [DEPRECATED] strtotime(): Passing null to parameter #1 ($datetime) of type string is deprecated in APPPATH\Controllers\Home.php on line 104.
 1 APPPATH\Controllers\Home.php(104): strtotime(null)
 2 APPPATH\Controllers\Home.php(291): App\Controllers\Home->load(null)
 3 SYSTEMPATH\CodeIgniter.php(932): App\Controllers\Home->getOptionsOfOrderGrid()
 4 SYSTEMPATH\CodeIgniter.php(497): CodeIgniter\CodeIgniter->runController(Object(App\Controllers\Home))
 5 SYSTEMPATH\CodeIgniter.php(366): CodeIgniter\CodeIgniter->handleRequest(null, Object(Config\Cache), false)
 6 FCPATH\index.php(68): CodeIgniter\CodeIgniter->run()
WARNING - 2023-10-23 19:53:54 --> [DEPRECATED] strtotime(): Passing null to parameter #1 ($datetime) of type string is deprecated in APPPATH\Controllers\Home.php on line 104.
 1 APPPATH\Controllers\Home.php(104): strtotime(null)
 2 APPPATH\Controllers\Home.php(291): App\Controllers\Home->load(null)
 3 SYSTEMPATH\CodeIgniter.php(932): App\Controllers\Home->getOptionsOfOrderGrid()
 4 SYSTEMPATH\CodeIgniter.php(497): CodeIgniter\CodeIgniter->runController(Object(App\Controllers\Home))
 5 SYSTEMPATH\CodeIgniter.php(366): CodeIgniter\CodeIgniter->handleRequest(null, Object(Config\Cache), false)
 6 FCPATH\index.php(68): CodeIgniter\CodeIgniter->run()
WARNING - 2023-10-23 19:55:10 --> [DEPRECATED] strtotime(): Passing null to parameter #1 ($datetime) of type string is deprecated in APPPATH\Controllers\Home.php on line 104.
 1 APPPATH\Controllers\Home.php(104): strtotime(null)
 2 APPPATH\Controllers\Home.php(291): App\Controllers\Home->load(null)
 3 SYSTEMPATH\CodeIgniter.php(932): App\Controllers\Home->getOptionsOfOrderGrid()
 4 SYSTEMPATH\CodeIgniter.php(497): CodeIgniter\CodeIgniter->runController(Object(App\Controllers\Home))
 5 SYSTEMPATH\CodeIgniter.php(366): CodeIgniter\CodeIgniter->handleRequest(null, Object(Config\Cache), false)
 6 FCPATH\index.php(68): CodeIgniter\CodeIgniter->run()
WARNING - 2023-10-23 19:55:51 --> [DEPRECATED] strtotime(): Passing null to parameter #1 ($datetime) of type string is deprecated in APPPATH\Controllers\Home.php on line 104.
 1 APPPATH\Controllers\Home.php(104): strtotime(null)
 2 APPPATH\Controllers\Home.php(291): App\Controllers\Home->load(null)
 3 SYSTEMPATH\CodeIgniter.php(932): App\Controllers\Home->getOptionsOfOrderGrid()
 4 SYSTEMPATH\CodeIgniter.php(497): CodeIgniter\CodeIgniter->runController(Object(App\Controllers\Home))
 5 SYSTEMPATH\CodeIgniter.php(366): CodeIgniter\CodeIgniter->handleRequest(null, Object(Config\Cache), false)
 6 FCPATH\index.php(68): CodeIgniter\CodeIgniter->run()
WARNING - 2023-10-23 19:57:12 --> [DEPRECATED] strtotime(): Passing null to parameter #1 ($datetime) of type string is deprecated in APPPATH\Controllers\Home.php on line 104.
 1 APPPATH\Controllers\Home.php(104): strtotime(null)
 2 APPPATH\Controllers\Home.php(291): App\Controllers\Home->load(null)
 3 SYSTEMPATH\CodeIgniter.php(932): App\Controllers\Home->getOptionsOfOrderGrid()
 4 SYSTEMPATH\CodeIgniter.php(497): CodeIgniter\CodeIgniter->runController(Object(App\Controllers\Home))
 5 SYSTEMPATH\CodeIgniter.php(366): CodeIgniter\CodeIgniter->handleRequest(null, Object(Config\Cache), false)
 6 FCPATH\index.php(68): CodeIgniter\CodeIgniter->run()
WARNING - 2023-10-23 19:57:54 --> [DEPRECATED] strtotime(): Passing null to parameter #1 ($datetime) of type string is deprecated in APPPATH\Controllers\Home.php on line 104.
 1 APPPATH\Controllers\Home.php(104): strtotime(null)
 2 APPPATH\Controllers\Home.php(291): App\Controllers\Home->load(null)
 3 SYSTEMPATH\CodeIgniter.php(932): App\Controllers\Home->getOptionsOfOrderGrid()
 4 SYSTEMPATH\CodeIgniter.php(497): CodeIgniter\CodeIgniter->runController(Object(App\Controllers\Home))
 5 SYSTEMPATH\CodeIgniter.php(366): CodeIgniter\CodeIgniter->handleRequest(null, Object(Config\Cache), false)
 6 FCPATH\index.php(68): CodeIgniter\CodeIgniter->run()
WARNING - 2023-10-23 19:58:59 --> [DEPRECATED] strtotime(): Passing null to parameter #1 ($datetime) of type string is deprecated in APPPATH\Controllers\Home.php on line 104.
 1 APPPATH\Controllers\Home.php(104): strtotime(null)
 2 APPPATH\Controllers\Home.php(291): App\Controllers\Home->load(null)
 3 SYSTEMPATH\CodeIgniter.php(932): App\Controllers\Home->getOptionsOfOrderGrid()
 4 SYSTEMPATH\CodeIgniter.php(497): CodeIgniter\CodeIgniter->runController(Object(App\Controllers\Home))
 5 SYSTEMPATH\CodeIgniter.php(366): CodeIgniter\CodeIgniter->handleRequest(null, Object(Config\Cache), false)
 6 FCPATH\index.php(68): CodeIgniter\CodeIgniter->run()
WARNING - 2023-10-23 19:59:47 --> [DEPRECATED] strtotime(): Passing null to parameter #1 ($datetime) of type string is deprecated in APPPATH\Controllers\Home.php on line 104.
 1 APPPATH\Controllers\Home.php(104): strtotime(null)
 2 APPPATH\Controllers\Home.php(291): App\Controllers\Home->load(null)
 3 SYSTEMPATH\CodeIgniter.php(932): App\Controllers\Home->getOptionsOfOrderGrid()
 4 SYSTEMPATH\CodeIgniter.php(497): CodeIgniter\CodeIgniter->runController(Object(App\Controllers\Home))
 5 SYSTEMPATH\CodeIgniter.php(366): CodeIgniter\CodeIgniter->handleRequest(null, Object(Config\Cache), false)
 6 FCPATH\index.php(68): CodeIgniter\CodeIgniter->run()
WARNING - 2023-10-23 20:00:25 --> [DEPRECATED] strtotime(): Passing null to parameter #1 ($datetime) of type string is deprecated in APPPATH\Controllers\Home.php on line 104.
 1 APPPATH\Controllers\Home.php(104): strtotime(null)
 2 APPPATH\Controllers\Home.php(291): App\Controllers\Home->load(null)
 3 SYSTEMPATH\CodeIgniter.php(932): App\Controllers\Home->getOptionsOfOrderGrid()
 4 SYSTEMPATH\CodeIgniter.php(497): CodeIgniter\CodeIgniter->runController(Object(App\Controllers\Home))
 5 SYSTEMPATH\CodeIgniter.php(366): CodeIgniter\CodeIgniter->handleRequest(null, Object(Config\Cache), false)
 6 FCPATH\index.php(68): CodeIgniter\CodeIgniter->run()
